This is pdfTeX, Version 3.141592653-2.6-1.40.24 (TeX Live 2022) (preloaded format=pdflatex 2022.9.2)  20 NOV 2022 18:22
entering extended mode
 restricted \write18 enabled.
 %&-line parsing enabled.
**TUTO_GRAPHES.tex
(./TUTO_GRAPHES.tex
LaTeX2e <2021-11-15> patch level 1
L3 programming layer <2022-02-24> (/usr/local/texlive/2022/texmf-dist/tex/latex
/base/article.cls
Document Class: article 2021/10/04 v1.4n Standard LaTeX document class
(/usr/local/texlive/2022/texmf-dist/tex/latex/base/size10.clo
File: size10.clo 2021/10/04 v1.4n Standard LaTeX file (size option)
)
\c@part=\count185
\c@section=\count186
\c@subsection=\count187
\c@subsubsection=\count188
\c@paragraph=\count189
\c@subparagraph=\count190
\c@figure=\count191
\c@table=\count192
\abovecaptionskip=\skip47
\belowcaptionskip=\skip48
\bibindent=\dimen138
) (/usr/local/texlive/2022/texmf-dist/tex/latex/amsmath/amsmath.sty
Package: amsmath 2021/10/15 v2.17l AMS math features
\@mathmargin=\skip49
For additional information on amsmath, use the `?' option.
(/usr/local/texlive/2022/texmf-dist/tex/latex/amsmath/amstext.sty
Package: amstext 2021/08/26 v2.01 AMS text
(/usr/local/texlive/2022/texmf-dist/tex/latex/amsmath/amsgen.sty
File: amsgen.sty 1999/11/30 v2.0 generic functions
\@emptytoks=\toks16
\ex@=\dimen139
)) (/usr/local/texlive/2022/texmf-dist/tex/latex/amsmath/amsbsy.sty
Package: amsbsy 1999/11/29 v1.2d Bold Symbols
\pmbraise@=\dimen140
) (/usr/local/texlive/2022/texmf-dist/tex/latex/amsmath/amsopn.sty
Package: amsopn 2021/08/26 v2.02 operator names
)
\inf@bad=\count193
LaTeX Info: Redefining \frac on input line 234.
\uproot@=\count194
\leftroot@=\count195
LaTeX Info: Redefining \overline on input line 399.
\classnum@=\count196
\DOTSCASE@=\count197
LaTeX Info: Redefining \ldots on input line 496.
LaTeX Info: Redefining \dots on input line 499.
LaTeX Info: Redefining \cdots on input line 620.
\Mathstrutbox@=\box50
\strutbox@=\box51
\big@size=\dimen141
LaTeX Font Info:    Redeclaring font encoding OML on input line 743.
LaTeX Font Info:    Redeclaring font encoding OMS on input line 744.
\macc@depth=\count198
\c@MaxMatrixCols=\count199
\dotsspace@=\muskip16
\c@parentequation=\count266
\dspbrk@lvl=\count267
\tag@help=\toks17
\row@=\count268
\column@=\count269
\maxfields@=\count270
\andhelp@=\toks18
\eqnshift@=\dimen142
\alignsep@=\dimen143
\tagshift@=\dimen144
\tagwidth@=\dimen145
\totwidth@=\dimen146
\lineht@=\dimen147
\@envbody=\toks19
\multlinegap=\skip50
\multlinetaggap=\skip51
\mathdisplay@stack=\toks20
LaTeX Info: Redefining \[ on input line 2938.
LaTeX Info: Redefining \] on input line 2939.
) (/usr/local/texlive/2022/texmf-dist/tex/latex/amsfonts/amssymb.sty
Package: amssymb 2013/01/14 v3.01 AMS font symbols
(/usr/local/texlive/2022/texmf-dist/tex/latex/amsfonts/amsfonts.sty
Package: amsfonts 2013/01/14 v3.01 Basic AMSFonts support
\symAMSa=\mathgroup4
\symAMSb=\mathgroup5
LaTeX Font Info:    Redeclaring math symbol \hbar on input line 98.
LaTeX Font Info:    Overwriting math alphabet `\mathfrak' in version `bold'
(Font)                  U/euf/m/n --> U/euf/b/n on input line 106.
)) (/usr/local/texlive/2022/texmf-dist/tex/latex/lm/lmodern.sty
Package: lmodern 2015/05/01 v1.6.1 Latin Modern Fonts
LaTeX Font Info:    Overwriting symbol font `operators' in version `normal'
(Font)                  OT1/cmr/m/n --> OT1/lmr/m/n on input line 22.
LaTeX Font Info:    Overwriting symbol font `letters' in version `normal'
(Font)                  OML/cmm/m/it --> OML/lmm/m/it on input line 23.
LaTeX Font Info:    Overwriting symbol font `symbols' in version `normal'
(Font)                  OMS/cmsy/m/n --> OMS/lmsy/m/n on input line 24.
LaTeX Font Info:    Overwriting symbol font `largesymbols' in version `normal'
(Font)                  OMX/cmex/m/n --> OMX/lmex/m/n on input line 25.
LaTeX Font Info:    Overwriting symbol font `operators' in version `bold'
(Font)                  OT1/cmr/bx/n --> OT1/lmr/bx/n on input line 26.
LaTeX Font Info:    Overwriting symbol font `letters' in version `bold'
(Font)                  OML/cmm/b/it --> OML/lmm/b/it on input line 27.
LaTeX Font Info:    Overwriting symbol font `symbols' in version `bold'
(Font)                  OMS/cmsy/b/n --> OMS/lmsy/b/n on input line 28.
LaTeX Font Info:    Overwriting symbol font `largesymbols' in version `bold'
(Font)                  OMX/cmex/m/n --> OMX/lmex/m/n on input line 29.
LaTeX Font Info:    Overwriting math alphabet `\mathbf' in version `normal'
(Font)                  OT1/cmr/bx/n --> OT1/lmr/bx/n on input line 31.
LaTeX Font Info:    Overwriting math alphabet `\mathsf' in version `normal'
(Font)                  OT1/cmss/m/n --> OT1/lmss/m/n on input line 32.
LaTeX Font Info:    Overwriting math alphabet `\mathit' in version `normal'
(Font)                  OT1/cmr/m/it --> OT1/lmr/m/it on input line 33.
LaTeX Font Info:    Overwriting math alphabet `\mathtt' in version `normal'
(Font)                  OT1/cmtt/m/n --> OT1/lmtt/m/n on input line 34.
LaTeX Font Info:    Overwriting math alphabet `\mathbf' in version `bold'
(Font)                  OT1/cmr/bx/n --> OT1/lmr/bx/n on input line 35.
LaTeX Font Info:    Overwriting math alphabet `\mathsf' in version `bold'
(Font)                  OT1/cmss/bx/n --> OT1/lmss/bx/n on input line 36.
LaTeX Font Info:    Overwriting math alphabet `\mathit' in version `bold'
(Font)                  OT1/cmr/bx/it --> OT1/lmr/bx/it on input line 37.
LaTeX Font Info:    Overwriting math alphabet `\mathtt' in version `bold'
(Font)                  OT1/cmtt/m/n --> OT1/lmtt/m/n on input line 38.
) (/usr/local/texlive/2022/texmf-dist/tex/generic/iftex/iftex.sty
Package: iftex 2022/02/03 v1.0f TeX engine tests
) (/usr/local/texlive/2022/texmf-dist/tex/latex/base/fontenc.sty
Package: fontenc 2021/04/29 v2.0v Standard LaTeX package
LaTeX Font Info:    Trying to load font information for T1+lmr on input line 11
2.
(/usr/local/texlive/2022/texmf-dist/tex/latex/lm/t1lmr.fd
File: t1lmr.fd 2015/05/01 v1.6.1 Font defs for Latin Modern
)) (/usr/local/texlive/2022/texmf-dist/tex/latex/base/inputenc.sty
Package: inputenc 2021/02/14 v1.3d Input encoding file
\inpenc@prehook=\toks21
\inpenc@posthook=\toks22
) (/usr/local/texlive/2022/texmf-dist/tex/latex/base/textcomp.sty
Package: textcomp 2020/02/02 v2.0n Standard LaTeX package
) (/usr/local/texlive/2022/texmf-dist/tex/latex/upquote/upquote.sty
Package: upquote 2012/04/19 v1.3 upright-quote and grave-accent glyphs in verba
tim
) (/usr/local/texlive/2022/texmf-dist/tex/latex/microtype/microtype.sty
Package: microtype 2022/03/14 v3.0d Micro-typographical refinements (RS)
(/usr/local/texlive/2022/texmf-dist/tex/latex/graphics/keyval.sty
Package: keyval 2014/10/28 v1.15 key=value parser (DPC)
\KV@toks@=\toks23
) (/usr/local/texlive/2022/texmf-dist/tex/latex/etoolbox/etoolbox.sty
Package: etoolbox 2020/10/05 v2.5k e-TeX tools for LaTeX (JAW)
\etb@tempcnta=\count271
)
\MT@toks=\toks24
\MT@tempbox=\box52
\MT@count=\count272
LaTeX Info: Redefining \noprotrusionifhmode on input line 1027.
LaTeX Info: Redefining \leftprotrusion on input line 1028.
LaTeX Info: Redefining \rightprotrusion on input line 1036.
LaTeX Info: Redefining \textls on input line 1195.
\MT@outer@kern=\dimen148
LaTeX Info: Redefining \textmicrotypecontext on input line 1781.
\MT@listname@count=\count273
(/usr/local/texlive/2022/texmf-dist/tex/latex/microtype/microtype-pdftex.def
File: microtype-pdftex.def 2022/03/14 v3.0d Definitions specific to pdftex (RS)

LaTeX Info: Redefining \lsstyle on input line 900.
LaTeX Info: Redefining \lslig on input line 900.
\MT@outer@space=\skip52
)
Package microtype Info: Loading configuration file microtype.cfg.
(/usr/local/texlive/2022/texmf-dist/tex/latex/microtype/microtype.cfg
File: microtype.cfg 2022/03/14 v3.0d microtype main configuration file (RS)
)) (/usr/local/texlive/2022/texmf-dist/tex/latex/parskip/parskip.sty
Package: parskip 2021-03-14 v2.0h non-zero parskip adjustments
(/usr/local/texlive/2022/texmf-dist/tex/latex/kvoptions/kvoptions.sty
Package: kvoptions 2020-10-07 v3.14 Key value format for package options (HO)
(/usr/local/texlive/2022/texmf-dist/tex/generic/ltxcmds/ltxcmds.sty
Package: ltxcmds 2020-05-10 v1.25 LaTeX kernel commands for general use (HO)
) (/usr/local/texlive/2022/texmf-dist/tex/generic/kvsetkeys/kvsetkeys.sty
Package: kvsetkeys 2019/12/15 v1.18 Key value parser (HO)
))) (/usr/local/texlive/2022/texmf-dist/tex/latex/xcolor/xcolor.sty
Package: xcolor 2021/10/31 v2.13 LaTeX color extensions (UK)
(/usr/local/texlive/2022/texmf-dist/tex/latex/graphics-cfg/color.cfg
File: color.cfg 2016/01/02 v1.6 sample color configuration
)
Package xcolor Info: Driver file: pdftex.def on input line 227.
(/usr/local/texlive/2022/texmf-dist/tex/latex/graphics-def/pdftex.def
File: pdftex.def 2020/10/05 v1.2a Graphics/color driver for pdftex
)
Package xcolor Info: Model `cmy' substituted by `cmy0' on input line 1352.
Package xcolor Info: Model `hsb' substituted by `rgb' on input line 1356.
Package xcolor Info: Model `RGB' extended on input line 1368.
Package xcolor Info: Model `HTML' substituted by `rgb' on input line 1370.
Package xcolor Info: Model `Hsb' substituted by `hsb' on input line 1371.
Package xcolor Info: Model `tHsb' substituted by `hsb' on input line 1372.
Package xcolor Info: Model `HSB' substituted by `hsb' on input line 1373.
Package xcolor Info: Model `Gray' substituted by `gray' on input line 1374.
Package xcolor Info: Model `wave' substituted by `hsb' on input line 1375.
) (/usr/local/texlive/2022/texmf-dist/tex/latex/geometry/geometry.sty
Package: geometry 2020/01/02 v5.9 Page Geometry
(/usr/local/texlive/2022/texmf-dist/tex/generic/iftex/ifvtex.sty
Package: ifvtex 2019/10/25 v1.7 ifvtex legacy package. Use iftex instead.
)
\Gm@cnth=\count274
\Gm@cntv=\count275
\c@Gm@tempcnt=\count276
\Gm@bindingoffset=\dimen149
\Gm@wd@mp=\dimen150
\Gm@odd@mp=\dimen151
\Gm@even@mp=\dimen152
\Gm@layoutwidth=\dimen153
\Gm@layoutheight=\dimen154
\Gm@layouthoffset=\dimen155
\Gm@layoutvoffset=\dimen156
\Gm@dimlist=\toks25
) (/usr/local/texlive/2022/texmf-dist/tex/latex/fancyvrb/fancyvrb.sty
Package: fancyvrb 2021/12/21 4.1b verbatim text (tvz,hv)
\FV@CodeLineNo=\count277
\FV@InFile=\read2
\FV@TabBox=\box53
\c@FancyVerbLine=\count278
\FV@StepNumber=\count279
\FV@OutFile=\write3
) (/usr/local/texlive/2022/texmf-dist/tex/latex/framed/framed.sty
Package: framed 2011/10/22 v 0.96: framed or shaded text with page breaks
\OuterFrameSep=\skip53
\fb@frw=\dimen157
\fb@frh=\dimen158
\FrameRule=\dimen159
\FrameSep=\dimen160
) (/usr/local/texlive/2022/texmf-dist/tex/latex/tools/longtable.sty
Package: longtable 2021-09-01 v4.17 Multi-page Table package (DPC)
\LTleft=\skip54
\LTright=\skip55
\LTpre=\skip56
\LTpost=\skip57
\LTchunksize=\count280
\LTcapwidth=\dimen161
\LT@head=\box54
\LT@firsthead=\box55
\LT@foot=\box56
\LT@lastfoot=\box57
\LT@gbox=\box58
\LT@cols=\count281
\LT@rows=\count282
\c@LT@tables=\count283
\c@LT@chunks=\count284
\LT@p@ftn=\toks26
) (/usr/local/texlive/2022/texmf-dist/tex/latex/booktabs/booktabs.sty
Package: booktabs 2020/01/12 v1.61803398 Publication quality tables
\heavyrulewidth=\dimen162
\lightrulewidth=\dimen163
\cmidrulewidth=\dimen164
\belowrulesep=\dimen165
\belowbottomsep=\dimen166
\aboverulesep=\dimen167
\abovetopsep=\dimen168
\cmidrulesep=\dimen169
\cmidrulekern=\dimen170
\defaultaddspace=\dimen171
\@cmidla=\count285
\@cmidlb=\count286
\@aboverulesep=\dimen172
\@belowrulesep=\dimen173
\@thisruleclass=\count287
\@lastruleclass=\count288
\@thisrulewidth=\dimen174
) (/usr/local/texlive/2022/texmf-dist/tex/latex/tools/array.sty
Package: array 2021/10/04 v2.5f Tabular extension package (FMi)
\col@sep=\dimen175
\ar@mcellbox=\box59
\extrarowheight=\dimen176
\NC@list=\toks27
\extratabsurround=\skip58
\backup@length=\skip59
\ar@cellbox=\box60
) (/usr/local/texlive/2022/texmf-dist/tex/latex/tools/calc.sty
Package: calc 2017/05/25 v4.3 Infix arithmetic (KKT,FJ)
\calc@Acount=\count289
\calc@Bcount=\count290
\calc@Adimen=\dimen177
\calc@Bdimen=\dimen178
\calc@Askip=\skip60
\calc@Bskip=\skip61
LaTeX Info: Redefining \setlength on input line 80.
LaTeX Info: Redefining \addtolength on input line 81.
\calc@Ccount=\count291
\calc@Cskip=\skip62
) (/usr/local/texlive/2022/texmf-dist/tex/latex/footnotehyper/footnotehyper.sty
Package: footnotehyper 2021/08/13 v1.1e hyperref aware footnote.sty (JFB)
\FNH@notes=\box61
\FNH@width=\dimen179
\FNH@toks=\toks28
) (/usr/local/texlive/2022/texmf-dist/tex/latex/graphics/graphicx.sty
Package: graphicx 2021/09/16 v1.2d Enhanced LaTeX Graphics (DPC,SPQR)
(/usr/local/texlive/2022/texmf-dist/tex/latex/graphics/graphics.sty
Package: graphics 2021/03/04 v1.4d Standard LaTeX Graphics (DPC,SPQR)
(/usr/local/texlive/2022/texmf-dist/tex/latex/graphics/trig.sty
Package: trig 2021/08/11 v1.11 sin cos tan (DPC)
) (/usr/local/texlive/2022/texmf-dist/tex/latex/graphics-cfg/graphics.cfg
File: graphics.cfg 2016/06/04 v1.11 sample graphics configuration
)
Package graphics Info: Driver file: pdftex.def on input line 107.
)
\Gin@req@height=\dimen180
\Gin@req@width=\dimen181
) (/usr/local/texlive/2022/texmf-dist/tex/generic/babel/babel.sty
Package: babel 2022/02/26 3.73 The Babel package
\babel@savecnt=\count292
\U@D=\dimen182
\l@unhyphenated=\language87
(/usr/local/texlive/2022/texmf-dist/tex/generic/babel/txtbabel.def)
\bbl@readstream=\read3
\bbl@dirlevel=\count293
(/usr/local/texlive/2022/texmf-dist/tex/generic/babel-french/french.ldf
Language: french 2021/07/20 v3.5m French support from the babel system
Package babel Info: Hyphen rules for 'acadian' set to \l@french
(babel)             (\language29). Reported on input line 91.
Package babel Info: Hyphen rules for 'canadien' set to \l@french
(babel)             (\language29). Reported on input line 92.
\FB@nonchar=\count294
Package babel Info: Making : an active character on input line 430.
Package babel Info: Making ; an active character on input line 431.
Package babel Info: Making ! an active character on input line 432.
Package babel Info: Making ? an active character on input line 433.
\FBguill@level=\count295
\FBold@everypar=\toks29
\FB@Mht=\dimen183
\mc@charclass=\count296
\mc@charfam=\count297
\mc@charslot=\count298
\std@mcc=\count299
\dec@mcc=\count300
\listindentFB=\dimen184
\descindentFB=\dimen185
\labelindentFB=\dimen186
\labelwidthFB=\dimen187
\leftmarginFB=\dimen188
\parindentFFN=\dimen189
\FBfnindent=\dimen190
)) (/usr/local/texlive/2022/texmf-dist/tex/latex/carlisle/scalefnt.sty) (/usr/l
ocal/texlive/2022/texmf-dist/tex/latex/sectsty/sectsty.sty
Package: sectsty 2002/02/25 v2.0.2 Commands to change all sectional heading sty
les

LaTeX Warning: Command \underbar  has changed.
               Check if current package is valid.


LaTeX Warning: Command \underline  has changed.
               Check if current package is valid.

) (/usr/local/texlive/2022/texmf-dist/tex/latex/index/index.sty
Package: index 2004/01/20 v4.2beta Improved index support (dmj)
\@indexbox=\insert252
\indexproofstyle=\toks30

LaTeX Warning: Command \markboth  has changed.
               Check if current package is valid.


LaTeX Warning: Command \markright  has changed.
               Check if current package is valid.

)
\idxtitle@code=\toks31
\tf@code=\write4
\openout4 = `TUTO_GRAPHES.adx'.

Package index Info: Writing index file TUTO_GRAPHES.adx on input line 132.
\idxtitle@default=\toks32
\tf@default=\write5
\openout5 = `TUTO_GRAPHES.idx'.

Package index Info: Writing index file TUTO_GRAPHES.idx on input line 142.
(/usr/local/texlive/2022/texmf-dist/tex/latex/enumitem/enumitem.sty
Package: enumitem 2019/06/20 v3.9 Customized lists
\labelindent=\skip63
\enit@outerparindent=\dimen191
\enit@toks=\toks33
\enit@inbox=\box62
\enit@count@id=\count301
\enitdp@description=\count302
) (/usr/local/texlive/2022/texmf-dist/tex/latex/natbib/natbib.sty
Package: natbib 2010/09/13 8.31b (PWD, AO)
\bibhang=\skip64
\bibsep=\skip65
LaTeX Info: Redefining \cite on input line 694.
\c@NAT@ctr=\count303
) (/usr/local/texlive/2022/texmf-dist/tex/latex/bookmark/bookmark.sty
Package: bookmark 2020-11-06 v1.29 PDF bookmarks (HO)
(/usr/local/texlive/2022/texmf-dist/tex/latex/hyperref/hyperref.sty
Package: hyperref 2022-02-21 v7.00n Hypertext links for LaTeX
(/usr/local/texlive/2022/texmf-dist/tex/generic/pdftexcmds/pdftexcmds.sty
Package: pdftexcmds 2020-06-27 v0.33 Utility functions of pdfTeX for LuaTeX (HO
)
(/usr/local/texlive/2022/texmf-dist/tex/generic/infwarerr/infwarerr.sty
Package: infwarerr 2019/12/03 v1.5 Providing info/warning/error messages (HO)
)
Package pdftexcmds Info: \pdf@primitive is available.
Package pdftexcmds Info: \pdf@ifprimitive is available.
Package pdftexcmds Info: \pdfdraftmode found.
) (/usr/local/texlive/2022/texmf-dist/tex/generic/kvdefinekeys/kvdefinekeys.sty
Package: kvdefinekeys 2019-12-19 v1.6 Define keys (HO)
) (/usr/local/texlive/2022/texmf-dist/tex/generic/pdfescape/pdfescape.sty
Package: pdfescape 2019/12/09 v1.15 Implements pdfTeX's escape features (HO)
) (/usr/local/texlive/2022/texmf-dist/tex/latex/hycolor/hycolor.sty
Package: hycolor 2020-01-27 v1.10 Color options for hyperref/bookmark (HO)
) (/usr/local/texlive/2022/texmf-dist/tex/latex/letltxmacro/letltxmacro.sty
Package: letltxmacro 2019/12/03 v1.6 Let assignment for LaTeX macros (HO)
) (/usr/local/texlive/2022/texmf-dist/tex/latex/auxhook/auxhook.sty
Package: auxhook 2019-12-17 v1.6 Hooks for auxiliary files (HO)
)
\@linkdim=\dimen192
\Hy@linkcounter=\count304
\Hy@pagecounter=\count305
(/usr/local/texlive/2022/texmf-dist/tex/latex/hyperref/pd1enc.def
File: pd1enc.def 2022-02-21 v7.00n Hyperref: PDFDocEncoding definition (HO)
Now handling font encoding PD1 ...
... no UTF-8 mapping file for font encoding PD1
) (/usr/local/texlive/2022/texmf-dist/tex/generic/intcalc/intcalc.sty
Package: intcalc 2019/12/15 v1.3 Expandable calculations with integers (HO)
) (/usr/local/texlive/2022/texmf-dist/tex/generic/etexcmds/etexcmds.sty
Package: etexcmds 2019/12/15 v1.7 Avoid name clashes with e-TeX commands (HO)
)
\Hy@SavedSpaceFactor=\count306
(/usr/local/texlive/2022/texmf-dist/tex/latex/hyperref/puenc.def
File: puenc.def 2022-02-21 v7.00n Hyperref: PDF Unicode definition (HO)
Now handling font encoding PU ...
... no UTF-8 mapping file for font encoding PU
)
Package hyperref Info: Option `unicode' set `true' on input line 4018.
Package hyperref Info: Hyper figures OFF on input line 4137.
Package hyperref Info: Link nesting OFF on input line 4142.
Package hyperref Info: Hyper index ON on input line 4145.
Package hyperref Info: Plain pages OFF on input line 4152.
Package hyperref Info: Backreferencing OFF on input line 4157.
Package hyperref Info: Implicit mode ON; LaTeX internals redefined.
Package hyperref Info: Bookmarks ON on input line 4390.
\c@Hy@tempcnt=\count307
(/usr/local/texlive/2022/texmf-dist/tex/latex/url/url.sty
\Urlmuskip=\muskip17
Package: url 2013/09/16  ver 3.4  Verb mode for urls, etc.
)
LaTeX Info: Redefining \url on input line 4749.
\XeTeXLinkMargin=\dimen193
(/usr/local/texlive/2022/texmf-dist/tex/generic/bitset/bitset.sty
Package: bitset 2019/12/09 v1.3 Handle bit-vector datatype (HO)
(/usr/local/texlive/2022/texmf-dist/tex/generic/bigintcalc/bigintcalc.sty
Package: bigintcalc 2019/12/15 v1.5 Expandable calculations on big integers (HO
)
))
\Fld@menulength=\count308
\Field@Width=\dimen194
\Fld@charsize=\dimen195
Package hyperref Info: Hyper figures OFF on input line 6027.
Package hyperref Info: Link nesting OFF on input line 6032.
Package hyperref Info: Hyper index ON on input line 6035.
Package hyperref Info: backreferencing OFF on input line 6042.
Package hyperref Info: Link coloring OFF on input line 6047.
Package hyperref Info: Link coloring with OCG OFF on input line 6052.
Package hyperref Info: PDF/A mode OFF on input line 6057.
LaTeX Info: Redefining \ref on input line 6097.
LaTeX Info: Redefining \pageref on input line 6101.
(/usr/local/texlive/2022/texmf-dist/tex/latex/base/atbegshi-ltx.sty
Package: atbegshi-ltx 2021/01/10 v1.0c Emulation of the original atbegshi
package with kernel methods
)
\Hy@abspage=\count309
\c@Item=\count310
\c@Hfootnote=\count311
)
Package hyperref Info: Driver (autodetected): hpdftex.
(/usr/local/texlive/2022/texmf-dist/tex/latex/hyperref/hpdftex.def
File: hpdftex.def 2022-02-21 v7.00n Hyperref driver for pdfTeX
(/usr/local/texlive/2022/texmf-dist/tex/latex/base/atveryend-ltx.sty
Package: atveryend-ltx 2020/08/19 v1.0a Emulation of the original atveryend pac
kage
with kernel methods
)
\Fld@listcount=\count312
\c@bookmark@seq@number=\count313

(/usr/local/texlive/2022/texmf-dist/tex/latex/rerunfilecheck/rerunfilecheck.sty
Package: rerunfilecheck 2019/12/05 v1.9 Rerun checks for auxiliary files (HO)

(/usr/local/texlive/2022/texmf-dist/tex/generic/uniquecounter/uniquecounter.sty
Package: uniquecounter 2019/12/15 v1.4 Provide unlimited unique counter (HO)
)
Package uniquecounter Info: New unique counter `rerunfilecheck' on input line 2
86.
)
\Hy@SectionHShift=\skip66
) (/usr/local/texlive/2022/texmf-dist/tex/latex/bookmark/bkm-pdftex.def
File: bkm-pdftex.def 2020-11-06 v1.29 bookmark driver for pdfTeX (HO)
\BKM@id=\count314
)) (/usr/local/texlive/2022/texmf-dist/tex/latex/xurl/xurl.sty
Package: xurl 2022/01/09 v 0.10 modify URL breaks
) (/usr/local/texlive/2022/texmf-dist/tex/latex/amscls/amsthm.sty
Package: amsthm 2020/05/29 v2.20.6
\thm@style=\toks34
\thm@bodyfont=\toks35
\thm@headfont=\toks36
\thm@notefont=\toks37
\thm@headpunct=\toks38
\thm@preskip=\skip67
\thm@postskip=\skip68
\thm@headsep=\skip69
\dth@everypar=\toks39
)
\c@theorem=\count315
\c@lemma=\count316
\c@corollary=\count317
\c@proposition=\count318
\c@conjecture=\count319
\c@definition=\count320
\c@example=\count321
\c@exercise=\count322
\c@hypothesis=\count323
(/usr/local/texlive/2022/texmf-dist/tex/latex/l3backend/l3backend-pdftex.def
File: l3backend-pdftex.def 2022-02-07 L3 backend support: PDF output (pdfTeX)
\l__color_backend_stack_int=\count324
\l__pdf_internal_box=\box63
) (./TUTO_GRAPHES.aux)
\openout1 = `TUTO_GRAPHES.aux'.

LaTeX Font Info:    Checking defaults for OML/cmm/m/it on input line 246.
LaTeX Font Info:    ... okay on input line 246.
LaTeX Font Info:    Checking defaults for OMS/cmsy/m/n on input line 246.
LaTeX Font Info:    ... okay on input line 246.
LaTeX Font Info:    Checking defaults for OT1/cmr/m/n on input line 246.
LaTeX Font Info:    ... okay on input line 246.
LaTeX Font Info:    Checking defaults for T1/cmr/m/n on input line 246.
LaTeX Font Info:    ... okay on input line 246.
LaTeX Font Info:    Checking defaults for TS1/cmr/m/n on input line 246.
LaTeX Font Info:    ... okay on input line 246.
LaTeX Font Info:    Checking defaults for OMX/cmex/m/n on input line 246.
LaTeX Font Info:    ... okay on input line 246.
LaTeX Font Info:    Checking defaults for U/cmr/m/n on input line 246.
LaTeX Font Info:    ... okay on input line 246.
LaTeX Font Info:    Checking defaults for PD1/pdf/m/n on input line 246.
LaTeX Font Info:    ... okay on input line 246.
LaTeX Font Info:    Checking defaults for PU/pdf/m/n on input line 246.
LaTeX Font Info:    ... okay on input line 246.
LaTeX Info: Redefining \microtypecontext on input line 246.
Package microtype Info: Applying patch `item' on input line 246.
Package microtype Info: Applying patch `toc' on input line 246.
Package microtype Info: Applying patch `eqnum' on input line 246.
Package microtype Info: Applying patch `footnote' on input line 246.
Package microtype Info: Generating PDF output.
Package microtype Info: Character protrusion enabled (level 2).
Package microtype Info: Using protrusion set `basicmath'.
Package microtype Info: Automatic font expansion enabled (level 2),
(microtype)             stretch: 20, shrink: 20, step: 1, non-selected.
Package microtype Info: Using default expansion set `alltext-nott'.
LaTeX Info: Redefining \showhyphens on input line 246.
Package microtype Info: No adjustment of tracking.
Package microtype Info: No adjustment of interword spacing.
Package microtype Info: No adjustment of character kerning.
(/usr/local/texlive/2022/texmf-dist/tex/latex/microtype/mt-cmr.cfg
File: mt-cmr.cfg 2013/05/19 v2.2 microtype config. file: Computer Modern Roman 
(RS)
) (/usr/local/texlive/2022/texmf-dist/tex/context/base/mkii/supp-pdf.mkii
[Loading MPS to PDF converter (version 2006.09.02).]
\scratchcounter=\count325
\scratchdimen=\dimen196
\scratchbox=\box64
\nofMPsegments=\count326
\nofMParguments=\count327
\everyMPshowfont=\toks40
\MPscratchCnt=\count328
\MPscratchDim=\dimen197
\MPnumerator=\count329
\makeMPintoPDFobject=\count330
\everyMPtoPDFconversion=\toks41
) (/usr/local/texlive/2022/texmf-dist/tex/latex/epstopdf-pkg/epstopdf-base.sty
Package: epstopdf-base 2020-01-24 v2.11 Base part for package epstopdf
Package epstopdf-base Info: Redefining graphics rule for `.eps' on input line 4
85.
(/usr/local/texlive/2022/texmf-dist/tex/latex/latexconfig/epstopdf-sys.cfg
File: epstopdf-sys.cfg 2010/07/13 v1.3 Configuration of (r)epstopdf for TeX Liv
e
))
*geometry* driver: auto-detecting
*geometry* detected driver: pdftex
*geometry* verbose mode - [ preamble ] result:
* driver: pdftex
* paper: <default>
* layout: <same size as paper>
* layoutoffset:(h,v)=(0.0pt,0.0pt)
* modes: 
* h-part:(L,W,R)=(72.26999pt, 469.75502pt, 72.26999pt)
* v-part:(T,H,B)=(72.26999pt, 650.43001pt, 72.26999pt)
* \paperwidth=614.295pt
* \paperheight=794.96999pt
* \textwidth=469.75502pt
* \textheight=650.43001pt
* \oddsidemargin=0.0pt
* \evensidemargin=0.0pt
* \topmargin=-37.0pt
* \headheight=12.0pt
* \headsep=25.0pt
* \topskip=10.0pt
* \footskip=30.0pt
* \marginparwidth=65.0pt
* \marginparsep=11.0pt
* \columnsep=10.0pt
* \skip\footins=9.0pt plus 4.0pt minus 2.0pt
* \hoffset=0.0pt
* \voffset=0.0pt
* \mag=1000
* \@twocolumnfalse
* \@twosidefalse
* \@mparswitchfalse
* \@reversemarginfalse
* (1in=72.27pt=25.4mm, 1cm=28.453pt)

Package footnotehyper Info: babel-french compatibility patch activated.
(footnotehyper)    It may not work with all combinations of classes/packages.
(footnotehyper)    In case of problems with the `footnote' or `footnotetext'
(footnotehyper)    environments, you may try sending to the author a small
(footnotehyper)    file demonstrating the problem.
(footnotehyper)    To turn off this message, add \footnotehyperwarnfalse
(footnotehyper)    to the preamble.
LaTeX Info: Redefining \degres on input line 246.

Package french.ldf Warning: Please load the "natbib" package
(french.ldf)                BEFORE babel/french; reported on input line 246.

Package french.ldf Info: Setting StandardItemizeEnv=true for
(french.ldf)             compatibility with enumitem package,
(french.ldf)             reported on input line 246.
Package french.ldf Info: Setting StandardEnumerateEnv=true for
(french.ldf)             compatibility with enumitem package,
(french.ldf)             reported on input line 246.
LaTeX Info: Redefining \up on input line 246.
Package hyperref Info: Link coloring OFF on input line 246.
(/usr/local/texlive/2022/texmf-dist/tex/latex/hyperref/nameref.sty
Package: nameref 2021-04-02 v2.47 Cross-referencing by name of section
(/usr/local/texlive/2022/texmf-dist/tex/latex/refcount/refcount.sty
Package: refcount 2019/12/15 v3.6 Data extraction from label references (HO)
)
(/usr/local/texlive/2022/texmf-dist/tex/generic/gettitlestring/gettitlestring.s
ty
Package: gettitlestring 2019/12/15 v1.6 Cleanup title references (HO)
)
\c@section@level=\count331
)
LaTeX Info: Redefining \ref on input line 246.
LaTeX Info: Redefining \pageref on input line 246.
LaTeX Info: Redefining \nameref on input line 246.
LaTeX Font Info:    Trying to load font information for OT1+lmr on input line 2
48.
(/usr/local/texlive/2022/texmf-dist/tex/latex/lm/ot1lmr.fd
File: ot1lmr.fd 2015/05/01 v1.6.1 Font defs for Latin Modern
)
LaTeX Font Info:    Trying to load font information for OML+lmm on input line 2
48.
(/usr/local/texlive/2022/texmf-dist/tex/latex/lm/omllmm.fd
File: omllmm.fd 2015/05/01 v1.6.1 Font defs for Latin Modern
)
LaTeX Font Info:    Trying to load font information for OMS+lmsy on input line 
248.
(/usr/local/texlive/2022/texmf-dist/tex/latex/lm/omslmsy.fd
File: omslmsy.fd 2015/05/01 v1.6.1 Font defs for Latin Modern
)
LaTeX Font Info:    Trying to load font information for OMX+lmex on input line 
248.
(/usr/local/texlive/2022/texmf-dist/tex/latex/lm/omxlmex.fd
File: omxlmex.fd 2015/05/01 v1.6.1 Font defs for Latin Modern
)
LaTeX Font Info:    External font `lmex10' loaded for size
(Font)              <12> on input line 248.
LaTeX Font Info:    External font `lmex10' loaded for size
(Font)              <8> on input line 248.
LaTeX Font Info:    External font `lmex10' loaded for size
(Font)              <6> on input line 248.
LaTeX Font Info:    Trying to load font information for U+msa on input line 248
.
(/usr/local/texlive/2022/texmf-dist/tex/latex/amsfonts/umsa.fd
File: umsa.fd 2013/01/14 v3.01 AMS symbols A
) (/usr/local/texlive/2022/texmf-dist/tex/latex/microtype/mt-msa.cfg
File: mt-msa.cfg 2006/02/04 v1.1 microtype config. file: AMS symbols (a) (RS)
)
LaTeX Font Info:    Trying to load font information for U+msb on input line 248
.
(/usr/local/texlive/2022/texmf-dist/tex/latex/amsfonts/umsb.fd
File: umsb.fd 2013/01/14 v3.01 AMS symbols B
) (/usr/local/texlive/2022/texmf-dist/tex/latex/microtype/mt-msb.cfg
File: mt-msb.cfg 2005/06/01 v1.0 microtype config. file: AMS symbols (b) (RS)
) (./TUTO_GRAPHES.toc
LaTeX Font Info:    Trying to load font information for T1+lmtt on input line 3
.
(/usr/local/texlive/2022/texmf-dist/tex/latex/lm/t1lmtt.fd
File: t1lmtt.fd 2015/05/01 v1.6.1 Font defs for Latin Modern
)
LaTeX Font Info:    Font shape `T1/lmtt/bx/n' in size <10> not available
(Font)              Font shape `T1/lmtt/b/n' tried instead on input line 3.
LaTeX Font Info:    External font `lmex10' loaded for size
(Font)              <10> on input line 4.
LaTeX Font Info:    External font `lmex10' loaded for size
(Font)              <7> on input line 4.
LaTeX Font Info:    External font `lmex10' loaded for size
(Font)              <5> on input line 4.
)
\tf@toc=\write6
\openout6 = `TUTO_GRAPHES.toc'.

LaTeX Font Info:    Font shape `T1/lmtt/bx/n' in size <14.4> not available
(Font)              Font shape `T1/lmtt/b/n' tried instead on input line 286.
[1

{/usr/local/texlive/2022/texmf-var/fonts/map/pdftex/updmap/pdftex.map}]
<TUTO_GRAPHES_files/figure-latex/unnamed-chunk-7-1.pdf, id=55, 179.67125pt x 17
9.67125pt>
File: TUTO_GRAPHES_files/figure-latex/unnamed-chunk-7-1.pdf Graphic file (type 
pdf)
<use TUTO_GRAPHES_files/figure-latex/unnamed-chunk-7-1.pdf>
Package pdftex.def Info: TUTO_GRAPHES_files/figure-latex/unnamed-chunk-7-1.pdf 
 used on input line 315.
(pdftex.def)             Requested size: 179.6845pt x 179.6845pt.
<TUTO_GRAPHES_files/figure-latex/unnamed-chunk-8-1.pdf, id=56, 188.705pt x 179.
67125pt>
File: TUTO_GRAPHES_files/figure-latex/unnamed-chunk-8-1.pdf Graphic file (type 
pdf)
<use TUTO_GRAPHES_files/figure-latex/unnamed-chunk-8-1.pdf>
Package pdftex.def Info: TUTO_GRAPHES_files/figure-latex/unnamed-chunk-8-1.pdf 
 used on input line 326.
(pdftex.def)             Requested size: 188.70453pt x 179.67079pt.
[2 <./TUTO_GRAPHES_files/figure-latex/unnamed-chunk-7-1.pdf>]
<TUTO_GRAPHES_files/figure-latex/unnamed-chunk-9-1.pdf, id=72, 203.76125pt x 17
9.67125pt>
File: TUTO_GRAPHES_files/figure-latex/unnamed-chunk-9-1.pdf Graphic file (type 
pdf)
<use TUTO_GRAPHES_files/figure-latex/unnamed-chunk-9-1.pdf>
Package pdftex.def Info: TUTO_GRAPHES_files/figure-latex/unnamed-chunk-9-1.pdf 
 used on input line 351.
(pdftex.def)             Requested size: 203.77007pt x 179.67902pt.
<TUTO_GRAPHES_files/figure-latex/unnamed-chunk-10-1.pdf, id=73, 179.67125pt x 1
79.67125pt>
File: TUTO_GRAPHES_files/figure-latex/unnamed-chunk-10-1.pdf Graphic file (type
 pdf)
<use TUTO_GRAPHES_files/figure-latex/unnamed-chunk-10-1.pdf>
Package pdftex.def Info: TUTO_GRAPHES_files/figure-latex/unnamed-chunk-10-1.pdf
  used on input line 361.
(pdftex.def)             Requested size: 179.6845pt x 179.6845pt.
[3 <./TUTO_GRAPHES_files/figure-latex/unnamed-chunk-8-1.pdf> <./TUTO_GRAPHES_fi
les/figure-latex/unnamed-chunk-9-1.pdf>]
<TUTO_GRAPHES_files/figure-latex/unnamed-chunk-10-2.pdf, id=92, 179.67125pt x 1
79.67125pt>
File: TUTO_GRAPHES_files/figure-latex/unnamed-chunk-10-2.pdf Graphic file (type
 pdf)
<use TUTO_GRAPHES_files/figure-latex/unnamed-chunk-10-2.pdf>
Package pdftex.def Info: TUTO_GRAPHES_files/figure-latex/unnamed-chunk-10-2.pdf
  used on input line 369.
(pdftex.def)             Requested size: 179.6845pt x 179.6845pt.
<TUTO_GRAPHES_files/figure-latex/unnamed-chunk-11-1.pdf, id=93, 179.67125pt x 1
79.67125pt>
File: TUTO_GRAPHES_files/figure-latex/unnamed-chunk-11-1.pdf Graphic file (type
 pdf)
<use TUTO_GRAPHES_files/figure-latex/unnamed-chunk-11-1.pdf>
Package pdftex.def Info: TUTO_GRAPHES_files/figure-latex/unnamed-chunk-11-1.pdf
  used on input line 379.
(pdftex.def)             Requested size: 179.6845pt x 179.6845pt.
[4 <./TUTO_GRAPHES_files/figure-latex/unnamed-chunk-10-1.pdf> <./TUTO_GRAPHES_f
iles/figure-latex/unnamed-chunk-10-2.pdf> <./TUTO_GRAPHES_files/figure-latex/un
named-chunk-11-1.pdf>]
<TUTO_GRAPHES_files/figure-latex/unnamed-chunk-12-1.pdf, id=119, 179.67125pt x 
179.67125pt>
File: TUTO_GRAPHES_files/figure-latex/unnamed-chunk-12-1.pdf Graphic file (type
 pdf)
<use TUTO_GRAPHES_files/figure-latex/unnamed-chunk-12-1.pdf>
Package pdftex.def Info: TUTO_GRAPHES_files/figure-latex/unnamed-chunk-12-1.pdf
  used on input line 389.
(pdftex.def)             Requested size: 179.6845pt x 179.6845pt.
<TUTO_GRAPHES_files/figure-latex/unnamed-chunk-13-1.pdf, id=120, 179.67125pt x 
179.67125pt>
File: TUTO_GRAPHES_files/figure-latex/unnamed-chunk-13-1.pdf Graphic file (type
 pdf)
<use TUTO_GRAPHES_files/figure-latex/unnamed-chunk-13-1.pdf>
Package pdftex.def Info: TUTO_GRAPHES_files/figure-latex/unnamed-chunk-13-1.pdf
  used on input line 399.
(pdftex.def)             Requested size: 179.6845pt x 179.6845pt.
<TUTO_GRAPHES_files/figure-latex/unnamed-chunk-14-1.pdf, id=121, 179.67125pt x 
179.67125pt>
File: TUTO_GRAPHES_files/figure-latex/unnamed-chunk-14-1.pdf Graphic file (type
 pdf)
<use TUTO_GRAPHES_files/figure-latex/unnamed-chunk-14-1.pdf>
Package pdftex.def Info: TUTO_GRAPHES_files/figure-latex/unnamed-chunk-14-1.pdf
  used on input line 412.
(pdftex.def)             Requested size: 179.6845pt x 179.6845pt.
[5 <./TUTO_GRAPHES_files/figure-latex/unnamed-chunk-12-1.pdf> <./TUTO_GRAPHES_f
iles/figure-latex/unnamed-chunk-13-1.pdf>]
<TUTO_GRAPHES_files/figure-latex/unnamed-chunk-14-2.pdf, id=142, 179.67125pt x 
179.67125pt>
File: TUTO_GRAPHES_files/figure-latex/unnamed-chunk-14-2.pdf Graphic file (type
 pdf)
<use TUTO_GRAPHES_files/figure-latex/unnamed-chunk-14-2.pdf>
Package pdftex.def Info: TUTO_GRAPHES_files/figure-latex/unnamed-chunk-14-2.pdf
  used on input line 420.
(pdftex.def)             Requested size: 179.6845pt x 179.6845pt.
<TUTO_GRAPHES_files/figure-latex/unnamed-chunk-14-3.pdf, id=143, 179.67125pt x 
179.67125pt>
File: TUTO_GRAPHES_files/figure-latex/unnamed-chunk-14-3.pdf Graphic file (type
 pdf)
<use TUTO_GRAPHES_files/figure-latex/unnamed-chunk-14-3.pdf>
Package pdftex.def Info: TUTO_GRAPHES_files/figure-latex/unnamed-chunk-14-3.pdf
  used on input line 428.
(pdftex.def)             Requested size: 179.6845pt x 179.6845pt.
[6 <./TUTO_GRAPHES_files/figure-latex/unnamed-chunk-14-1.pdf> <./TUTO_GRAPHES_f
iles/figure-latex/unnamed-chunk-14-2.pdf> <./TUTO_GRAPHES_files/figure-latex/un
named-chunk-14-3.pdf>]
LaTeX Font Info:    Trying to load font information for TS1+lmtt on input line 
464.
(/usr/local/texlive/2022/texmf-dist/tex/latex/lm/ts1lmtt.fd
File: ts1lmtt.fd 2015/05/01 v1.6.1 Font defs for Latin Modern
)
<TUTO_GRAPHES_files/figure-latex/unnamed-chunk-17-1.pdf, id=172, 183.68625pt x 
182.6825pt>
File: TUTO_GRAPHES_files/figure-latex/unnamed-chunk-17-1.pdf Graphic file (type
 pdf)
<use TUTO_GRAPHES_files/figure-latex/unnamed-chunk-17-1.pdf>
Package pdftex.def Info: TUTO_GRAPHES_files/figure-latex/unnamed-chunk-17-1.pdf
  used on input line 498.
(pdftex.def)             Requested size: 183.69418pt x 182.6904pt.
[7]
<TUTO_GRAPHES_files/figure-latex/unnamed-chunk-20-1.pdf, id=186, 181.67876pt x 
179.67125pt>
File: TUTO_GRAPHES_files/figure-latex/unnamed-chunk-20-1.pdf Graphic file (type
 pdf)
<use TUTO_GRAPHES_files/figure-latex/unnamed-chunk-20-1.pdf>
Package pdftex.def Info: TUTO_GRAPHES_files/figure-latex/unnamed-chunk-20-1.pdf
  used on input line 551.
(pdftex.def)             Requested size: 181.68384pt x 179.67627pt.
[8 <./TUTO_GRAPHES_files/figure-latex/unnamed-chunk-17-1.pdf>]
<TUTO_GRAPHES_files/figure-latex/unnamed-chunk-22-1.pdf, id=201, 208.78pt x 179
.67125pt>
File: TUTO_GRAPHES_files/figure-latex/unnamed-chunk-22-1.pdf Graphic file (type
 pdf)
<use TUTO_GRAPHES_files/figure-latex/unnamed-chunk-22-1.pdf>
Package pdftex.def Info: TUTO_GRAPHES_files/figure-latex/unnamed-chunk-22-1.pdf
  used on input line 570.
(pdftex.def)             Requested size: 208.7922pt x 179.68175pt.
[9 <./TUTO_GRAPHES_files/figure-latex/unnamed-chunk-20-1.pdf> <./TUTO_GRAPHES_f
iles/figure-latex/unnamed-chunk-22-1.pdf>]
<TUTO_GRAPHES_files/figure-latex/unnamed-chunk-24-1.pdf, id=223, 179.67125pt x 
179.67125pt>
File: TUTO_GRAPHES_files/figure-latex/unnamed-chunk-24-1.pdf Graphic file (type
 pdf)
<use TUTO_GRAPHES_files/figure-latex/unnamed-chunk-24-1.pdf>
Package pdftex.def Info: TUTO_GRAPHES_files/figure-latex/unnamed-chunk-24-1.pdf
  used on input line 601.
(pdftex.def)             Requested size: 179.6845pt x 179.6845pt.
<TUTO_GRAPHES_files/figure-latex/unnamed-chunk-26-1.pdf, id=225, 179.67125pt x 
179.67125pt>
File: TUTO_GRAPHES_files/figure-latex/unnamed-chunk-26-1.pdf Graphic file (type
 pdf)
<use TUTO_GRAPHES_files/figure-latex/unnamed-chunk-26-1.pdf>
Package pdftex.def Info: TUTO_GRAPHES_files/figure-latex/unnamed-chunk-26-1.pdf
  used on input line 634.
(pdftex.def)             Requested size: 179.6845pt x 179.6845pt.
[10 <./TUTO_GRAPHES_files/figure-latex/unnamed-chunk-24-1.pdf>]
<TUTO_GRAPHES_files/figure-latex/unnamed-chunk-26-2.pdf, id=240, 179.67125pt x 
179.67125pt>
File: TUTO_GRAPHES_files/figure-latex/unnamed-chunk-26-2.pdf Graphic file (type
 pdf)
<use TUTO_GRAPHES_files/figure-latex/unnamed-chunk-26-2.pdf>
Package pdftex.def Info: TUTO_GRAPHES_files/figure-latex/unnamed-chunk-26-2.pdf
  used on input line 642.
(pdftex.def)             Requested size: 179.6845pt x 179.6845pt.
<TUTO_GRAPHES_files/figure-latex/unnamed-chunk-26-3.pdf, id=241, 179.67125pt x 
179.67125pt>
File: TUTO_GRAPHES_files/figure-latex/unnamed-chunk-26-3.pdf Graphic file (type
 pdf)
<use TUTO_GRAPHES_files/figure-latex/unnamed-chunk-26-3.pdf>
Package pdftex.def Info: TUTO_GRAPHES_files/figure-latex/unnamed-chunk-26-3.pdf
  used on input line 650.
(pdftex.def)             Requested size: 179.6845pt x 179.6845pt.
[11 <./TUTO_GRAPHES_files/figure-latex/unnamed-chunk-26-1.pdf> <./TUTO_GRAPHES_
files/figure-latex/unnamed-chunk-26-2.pdf> <./TUTO_GRAPHES_files/figure-latex/u
nnamed-chunk-26-3.pdf>]
<TUTO_GRAPHES_files/figure-latex/unnamed-chunk-26-4.pdf, id=267, 179.67125pt x 
179.67125pt>
File: TUTO_GRAPHES_files/figure-latex/unnamed-chunk-26-4.pdf Graphic file (type
 pdf)
<use TUTO_GRAPHES_files/figure-latex/unnamed-chunk-26-4.pdf>
Package pdftex.def Info: TUTO_GRAPHES_files/figure-latex/unnamed-chunk-26-4.pdf
  used on input line 658.
(pdftex.def)             Requested size: 179.6845pt x 179.6845pt.
<TUTO_GRAPHES_files/figure-latex/unnamed-chunk-27-1.pdf, id=269, 179.67125pt x 
179.67125pt>
File: TUTO_GRAPHES_files/figure-latex/unnamed-chunk-27-1.pdf Graphic file (type
 pdf)
<use TUTO_GRAPHES_files/figure-latex/unnamed-chunk-27-1.pdf>
Package pdftex.def Info: TUTO_GRAPHES_files/figure-latex/unnamed-chunk-27-1.pdf
  used on input line 668.
(pdftex.def)             Requested size: 179.6845pt x 179.6845pt.
<TUTO_GRAPHES_files/figure-latex/unnamed-chunk-27-2.pdf, id=270, 179.67125pt x 
179.67125pt>
File: TUTO_GRAPHES_files/figure-latex/unnamed-chunk-27-2.pdf Graphic file (type
 pdf)
<use TUTO_GRAPHES_files/figure-latex/unnamed-chunk-27-2.pdf>
Package pdftex.def Info: TUTO_GRAPHES_files/figure-latex/unnamed-chunk-27-2.pdf
  used on input line 676.
(pdftex.def)             Requested size: 179.6845pt x 179.6845pt.
[12 <./TUTO_GRAPHES_files/figure-latex/unnamed-chunk-26-4.pdf> <./TUTO_GRAPHES_
files/figure-latex/unnamed-chunk-27-1.pdf>]
<TUTO_GRAPHES_files/figure-latex/unnamed-chunk-29-1.pdf, id=289, 179.67125pt x 
179.67125pt>
File: TUTO_GRAPHES_files/figure-latex/unnamed-chunk-29-1.pdf Graphic file (type
 pdf)
<use TUTO_GRAPHES_files/figure-latex/unnamed-chunk-29-1.pdf>
Package pdftex.def Info: TUTO_GRAPHES_files/figure-latex/unnamed-chunk-29-1.pdf
  used on input line 709.
(pdftex.def)             Requested size: 179.6845pt x 179.6845pt.
[13 <./TUTO_GRAPHES_files/figure-latex/unnamed-chunk-27-2.pdf> <./TUTO_GRAPHES_
files/figure-latex/unnamed-chunk-29-1.pdf>]
<TUTO_GRAPHES_files/figure-latex/unnamed-chunk-33-1.pdf, id=312, 179.67125pt x 
179.67125pt>
File: TUTO_GRAPHES_files/figure-latex/unnamed-chunk-33-1.pdf Graphic file (type
 pdf)
<use TUTO_GRAPHES_files/figure-latex/unnamed-chunk-33-1.pdf>
Package pdftex.def Info: TUTO_GRAPHES_files/figure-latex/unnamed-chunk-33-1.pdf
  used on input line 766.
(pdftex.def)             Requested size: 179.6845pt x 179.6845pt.

Underfull \hbox (badness 10000) in paragraph at lines 771--772

 []

[14 <./TUTO_GRAPHES_files/figure-latex/unnamed-chunk-33-1.pdf>]
<TUTO_GRAPHES_files/figure-latex/unnamed-chunk-34-1.pdf, id=324, 179.67125pt x 
179.67125pt>
File: TUTO_GRAPHES_files/figure-latex/unnamed-chunk-34-1.pdf Graphic file (type
 pdf)
<use TUTO_GRAPHES_files/figure-latex/unnamed-chunk-34-1.pdf>
Package pdftex.def Info: TUTO_GRAPHES_files/figure-latex/unnamed-chunk-34-1.pdf
  used on input line 785.
(pdftex.def)             Requested size: 179.6845pt x 179.6845pt.
<TUTO_GRAPHES_files/figure-latex/unnamed-chunk-35-1.pdf, id=325, 179.67125pt x 
179.67125pt>
File: TUTO_GRAPHES_files/figure-latex/unnamed-chunk-35-1.pdf Graphic file (type
 pdf)
<use TUTO_GRAPHES_files/figure-latex/unnamed-chunk-35-1.pdf>
Package pdftex.def Info: TUTO_GRAPHES_files/figure-latex/unnamed-chunk-35-1.pdf
  used on input line 796.
(pdftex.def)             Requested size: 179.6845pt x 179.6845pt.
<TUTO_GRAPHES_files/figure-latex/unnamed-chunk-36-1.pdf, id=326, 179.67125pt x 
179.67125pt>
File: TUTO_GRAPHES_files/figure-latex/unnamed-chunk-36-1.pdf Graphic file (type
 pdf)
<use TUTO_GRAPHES_files/figure-latex/unnamed-chunk-36-1.pdf>
Package pdftex.def Info: TUTO_GRAPHES_files/figure-latex/unnamed-chunk-36-1.pdf
  used on input line 807.
(pdftex.def)             Requested size: 179.6845pt x 179.6845pt.
[15 <./TUTO_GRAPHES_files/figure-latex/unnamed-chunk-34-1.pdf> <./TUTO_GRAPHES_
files/figure-latex/unnamed-chunk-35-1.pdf>]
<TUTO_GRAPHES_files/figure-latex/unnamed-chunk-37-1.pdf, id=350, 179.67125pt x 
179.67125pt>
File: TUTO_GRAPHES_files/figure-latex/unnamed-chunk-37-1.pdf Graphic file (type
 pdf)
<use TUTO_GRAPHES_files/figure-latex/unnamed-chunk-37-1.pdf>
Package pdftex.def Info: TUTO_GRAPHES_files/figure-latex/unnamed-chunk-37-1.pdf
  used on input line 820.
(pdftex.def)             Requested size: 179.6845pt x 179.6845pt.
[16 <./TUTO_GRAPHES_files/figure-latex/unnamed-chunk-36-1.pdf> <./TUTO_GRAPHES_
files/figure-latex/unnamed-chunk-37-1.pdf>]
<TUTO_GRAPHES_files/figure-latex/unnamed-chunk-41-1.pdf, id=373, 417.56pt x 364
.36125pt>
File: TUTO_GRAPHES_files/figure-latex/unnamed-chunk-41-1.pdf Graphic file (type
 pdf)
<use TUTO_GRAPHES_files/figure-latex/unnamed-chunk-41-1.pdf>
Package pdftex.def Info: TUTO_GRAPHES_files/figure-latex/unnamed-chunk-41-1.pdf
  used on input line 912.
(pdftex.def)             Requested size: 417.5717pt x 364.37146pt.
[17]
<TUTO_GRAPHES_files/figure-latex/unnamed-chunk-43-1.pdf, id=378, 391.4625pt x 3
68.37625pt>
File: TUTO_GRAPHES_files/figure-latex/unnamed-chunk-43-1.pdf Graphic file (type
 pdf)
<use TUTO_GRAPHES_files/figure-latex/unnamed-chunk-43-1.pdf>
Package pdftex.def Info: TUTO_GRAPHES_files/figure-latex/unnamed-chunk-43-1.pdf
  used on input line 929.
(pdftex.def)             Requested size: 391.46153pt x 368.37534pt.
[18 <./TUTO_GRAPHES_files/figure-latex/unnamed-chunk-41-1.pdf>] [19 <./TUTO_GRA
PHES_files/figure-latex/unnamed-chunk-43-1.pdf>] [20]
<TUTO_GRAPHES_files/figure-latex/unnamed-chunk-58-1.pdf, id=415, 459.7175pt x 3
15.1775pt>
File: TUTO_GRAPHES_files/figure-latex/unnamed-chunk-58-1.pdf Graphic file (type
 pdf)
<use TUTO_GRAPHES_files/figure-latex/unnamed-chunk-58-1.pdf>
Package pdftex.def Info: TUTO_GRAPHES_files/figure-latex/unnamed-chunk-58-1.pdf
  used on input line 1072.
(pdftex.def)             Requested size: 444.78203pt x 304.9379pt.
<TUTO_GRAPHES_files/figure-latex/unnamed-chunk-60-1.pdf, id=416, 461.725pt x 31
7.185pt>
File: TUTO_GRAPHES_files/figure-latex/unnamed-chunk-60-1.pdf Graphic file (type
 pdf)
<use TUTO_GRAPHES_files/figure-latex/unnamed-chunk-60-1.pdf>
Package pdftex.def Info: TUTO_GRAPHES_files/figure-latex/unnamed-chunk-60-1.pdf
  used on input line 1086.
(pdftex.def)             Requested size: 444.75867pt x 305.52985pt.
[21 <./TUTO_GRAPHES_files/figure-latex/unnamed-chunk-58-1.pdf>] [22 <./TUTO_GRA
PHES_files/figure-latex/unnamed-chunk-60-1.pdf>]
<TUTO_GRAPHES_files/figure-latex/unnamed-chunk-63-1.pdf, id=440, 179.67125pt x 
179.67125pt>
File: TUTO_GRAPHES_files/figure-latex/unnamed-chunk-63-1.pdf Graphic file (type
 pdf)
<use TUTO_GRAPHES_files/figure-latex/unnamed-chunk-63-1.pdf>
Package pdftex.def Info: TUTO_GRAPHES_files/figure-latex/unnamed-chunk-63-1.pdf
  used on input line 1140.
(pdftex.def)             Requested size: 179.6845pt x 179.6845pt.
<TUTO_GRAPHES_files/figure-latex/unnamed-chunk-66-1.pdf, id=441, 179.67125pt x 
179.67125pt>
File: TUTO_GRAPHES_files/figure-latex/unnamed-chunk-66-1.pdf Graphic file (type
 pdf)
<use TUTO_GRAPHES_files/figure-latex/unnamed-chunk-66-1.pdf>
Package pdftex.def Info: TUTO_GRAPHES_files/figure-latex/unnamed-chunk-66-1.pdf
  used on input line 1198.
(pdftex.def)             Requested size: 179.6845pt x 179.6845pt.
[23 <./TUTO_GRAPHES_files/figure-latex/unnamed-chunk-63-1.pdf>] [24 <./TUTO_GRA
PHES_files/figure-latex/unnamed-chunk-66-1.pdf>]
<TUTO_GRAPHES_files/figure-latex/unnamed-chunk-74-1.pdf, id=473, 965.6075pt x 4
77.785pt>
File: TUTO_GRAPHES_files/figure-latex/unnamed-chunk-74-1.pdf Graphic file (type
 pdf)
<use TUTO_GRAPHES_files/figure-latex/unnamed-chunk-74-1.pdf>
Package pdftex.def Info: TUTO_GRAPHES_files/figure-latex/unnamed-chunk-74-1.pdf
  used on input line 1292.
(pdftex.def)             Requested size: 469.74828pt x 232.43262pt.
<TUTO_GRAPHES_files/figure-latex/unnamed-chunk-75-1.pdf, id=474, 965.6075pt x 4
77.785pt>
File: TUTO_GRAPHES_files/figure-latex/unnamed-chunk-75-1.pdf Graphic file (type
 pdf)
<use TUTO_GRAPHES_files/figure-latex/unnamed-chunk-75-1.pdf>
Package pdftex.def Info: TUTO_GRAPHES_files/figure-latex/unnamed-chunk-75-1.pdf
  used on input line 1300.
(pdftex.def)             Requested size: 469.74828pt x 232.43262pt.
[25 <./TUTO_GRAPHES_files/figure-latex/unnamed-chunk-74-1.pdf>]
<TUTO_GRAPHES_files/figure-latex/unnamed-chunk-76-1.pdf, id=492, 965.6075pt x 5
09.905pt>
File: TUTO_GRAPHES_files/figure-latex/unnamed-chunk-76-1.pdf Graphic file (type
 pdf)
<use TUTO_GRAPHES_files/figure-latex/unnamed-chunk-76-1.pdf>
Package pdftex.def Info: TUTO_GRAPHES_files/figure-latex/unnamed-chunk-76-1.pdf
  used on input line 1309.
(pdftex.def)             Requested size: 469.74828pt x 248.05833pt.

Underfull \hbox (badness 10000) in paragraph at lines 1311--1312

 []

<TUTO_GRAPHES_files/figure-latex/unnamed-chunk-77-1.pdf, id=493, 965.6075pt x 5
00.87125pt>
File: TUTO_GRAPHES_files/figure-latex/unnamed-chunk-77-1.pdf Graphic file (type
 pdf)
<use TUTO_GRAPHES_files/figure-latex/unnamed-chunk-77-1.pdf>
Package pdftex.def Info: TUTO_GRAPHES_files/figure-latex/unnamed-chunk-77-1.pdf
  used on input line 1319.
(pdftex.def)             Requested size: 469.74828pt x 243.66359pt.
[26 <./TUTO_GRAPHES_files/figure-latex/unnamed-chunk-75-1.pdf> <./TUTO_GRAPHES_
files/figure-latex/unnamed-chunk-76-1.pdf>] [27 <./TUTO_GRAPHES_files/figure-la
tex/unnamed-chunk-77-1.pdf>]
<TUTO_GRAPHES_files/figure-latex/unnamed-chunk-80-1.pdf, id=551, 224.84pt x 179
.67125pt>
File: TUTO_GRAPHES_files/figure-latex/unnamed-chunk-80-1.pdf Graphic file (type
 pdf)
<use TUTO_GRAPHES_files/figure-latex/unnamed-chunk-80-1.pdf>
Package pdftex.def Info: TUTO_GRAPHES_files/figure-latex/unnamed-chunk-80-1.pdf
  used on input line 1373.
(pdftex.def)             Requested size: 224.84973pt x 179.67902pt.
<TUTO_GRAPHES_files/figure-latex/unnamed-chunk-81-1.pdf, id=552, 965.6075pt x 4
77.785pt>
File: TUTO_GRAPHES_files/figure-latex/unnamed-chunk-81-1.pdf Graphic file (type
 pdf)
<use TUTO_GRAPHES_files/figure-latex/unnamed-chunk-81-1.pdf>
Package pdftex.def Info: TUTO_GRAPHES_files/figure-latex/unnamed-chunk-81-1.pdf
  used on input line 1387.
(pdftex.def)             Requested size: 444.75948pt x 220.06808pt.
<TUTO_GRAPHES_files/figure-latex/unnamed-chunk-82-1.pdf, id=553, 965.6075pt x 5
00.87125pt>
File: TUTO_GRAPHES_files/figure-latex/unnamed-chunk-82-1.pdf Graphic file (type
 pdf)
<use TUTO_GRAPHES_files/figure-latex/unnamed-chunk-82-1.pdf>
Package pdftex.def Info: TUTO_GRAPHES_files/figure-latex/unnamed-chunk-82-1.pdf
  used on input line 1399.
(pdftex.def)             Requested size: 444.75948pt x 230.70163pt.
[28 <./TUTO_GRAPHES_files/figure-latex/unnamed-chunk-80-1.pdf> <./TUTO_GRAPHES_
files/figure-latex/unnamed-chunk-81-1.pdf>]
<TUTO_GRAPHES_files/figure-latex/unnamed-chunk-84-1.pdf, id=576, 965.6075pt x 5
00.87125pt>
File: TUTO_GRAPHES_files/figure-latex/unnamed-chunk-84-1.pdf Graphic file (type
 pdf)
<use TUTO_GRAPHES_files/figure-latex/unnamed-chunk-84-1.pdf>
Package pdftex.def Info: TUTO_GRAPHES_files/figure-latex/unnamed-chunk-84-1.pdf
  used on input line 1417.
(pdftex.def)             Requested size: 444.75948pt x 230.70163pt.
[29 <./TUTO_GRAPHES_files/figure-latex/unnamed-chunk-82-1.pdf> <./TUTO_GRAPHES_
files/figure-latex/unnamed-chunk-84-1.pdf>]
<TUTO_GRAPHES_files/figure-latex/unnamed-chunk-86-1.pdf, id=622, 965.6075pt x 5
00.87125pt>
File: TUTO_GRAPHES_files/figure-latex/unnamed-chunk-86-1.pdf Graphic file (type
 pdf)
<use TUTO_GRAPHES_files/figure-latex/unnamed-chunk-86-1.pdf>
Package pdftex.def Info: TUTO_GRAPHES_files/figure-latex/unnamed-chunk-86-1.pdf
  used on input line 1433.
(pdftex.def)             Requested size: 444.75948pt x 230.70163pt.
<TUTO_GRAPHES_files/figure-latex/unnamed-chunk-87-1.pdf, id=623, 215.80624pt x 
153.57375pt>
File: TUTO_GRAPHES_files/figure-latex/unnamed-chunk-87-1.pdf Graphic file (type
 pdf)
<use TUTO_GRAPHES_files/figure-latex/unnamed-chunk-87-1.pdf>
Package pdftex.def Info: TUTO_GRAPHES_files/figure-latex/unnamed-chunk-87-1.pdf
  used on input line 1445.
(pdftex.def)             Requested size: 215.81229pt x 153.57805pt.
<TUTO_GRAPHES_files/figure-latex/unnamed-chunk-87-2.pdf, id=624, 965.6075pt x 4
77.785pt>
File: TUTO_GRAPHES_files/figure-latex/unnamed-chunk-87-2.pdf Graphic file (type
 pdf)
<use TUTO_GRAPHES_files/figure-latex/unnamed-chunk-87-2.pdf>
Package pdftex.def Info: TUTO_GRAPHES_files/figure-latex/unnamed-chunk-87-2.pdf
  used on input line 1454.
(pdftex.def)             Requested size: 444.75948pt x 220.06808pt.
[30 <./TUTO_GRAPHES_files/figure-latex/unnamed-chunk-86-1.pdf> <./TUTO_GRAPHES_
files/figure-latex/unnamed-chunk-87-1.pdf>]
<TUTO_GRAPHES_files/figure-latex/unnamed-chunk-89-1.pdf, id=656, 179.67125pt x 
179.67125pt>
File: TUTO_GRAPHES_files/figure-latex/unnamed-chunk-89-1.pdf Graphic file (type
 pdf)
<use TUTO_GRAPHES_files/figure-latex/unnamed-chunk-89-1.pdf>
Package pdftex.def Info: TUTO_GRAPHES_files/figure-latex/unnamed-chunk-89-1.pdf
  used on input line 1480.
(pdftex.def)             Requested size: 179.6845pt x 179.6845pt.
[31 <./TUTO_GRAPHES_files/figure-latex/unnamed-chunk-87-2.pdf> <./TUTO_GRAPHES_
files/figure-latex/unnamed-chunk-89-1.pdf>]
<TUTO_GRAPHES_files/figure-latex/unnamed-chunk-91-1.pdf, id=680, 461.725pt x 31
7.185pt>
File: TUTO_GRAPHES_files/figure-latex/unnamed-chunk-91-1.pdf Graphic file (type
 pdf)
<use TUTO_GRAPHES_files/figure-latex/unnamed-chunk-91-1.pdf>
Package pdftex.def Info: TUTO_GRAPHES_files/figure-latex/unnamed-chunk-91-1.pdf
  used on input line 1498.
(pdftex.def)             Requested size: 461.72388pt x 317.1842pt.
<TUTO_GRAPHES_files/figure-latex/unnamed-chunk-91-2.pdf, id=681, 461.725pt x 31
7.185pt>
File: TUTO_GRAPHES_files/figure-latex/unnamed-chunk-91-2.pdf Graphic file (type
 pdf)
<use TUTO_GRAPHES_files/figure-latex/unnamed-chunk-91-2.pdf>
Package pdftex.def Info: TUTO_GRAPHES_files/figure-latex/unnamed-chunk-91-2.pdf
  used on input line 1506.
(pdftex.def)             Requested size: 461.72388pt x 317.1842pt.
[32 <./TUTO_GRAPHES_files/figure-latex/unnamed-chunk-91-1.pdf>]
<TUTO_GRAPHES_files/figure-latex/unnamed-chunk-92-1.pdf, id=691, 461.725pt x 31
7.185pt>
File: TUTO_GRAPHES_files/figure-latex/unnamed-chunk-92-1.pdf Graphic file (type
 pdf)
<use TUTO_GRAPHES_files/figure-latex/unnamed-chunk-92-1.pdf>
Package pdftex.def Info: TUTO_GRAPHES_files/figure-latex/unnamed-chunk-92-1.pdf
  used on input line 1516.
(pdftex.def)             Requested size: 461.72388pt x 317.1842pt.
[33 <./TUTO_GRAPHES_files/figure-latex/unnamed-chunk-91-2.pdf>]
<TUTO_GRAPHES_files/figure-latex/unnamed-chunk-93-1.pdf, id=701, 461.725pt x 31
7.185pt>
File: TUTO_GRAPHES_files/figure-latex/unnamed-chunk-93-1.pdf Graphic file (type
 pdf)
<use TUTO_GRAPHES_files/figure-latex/unnamed-chunk-93-1.pdf>
Package pdftex.def Info: TUTO_GRAPHES_files/figure-latex/unnamed-chunk-93-1.pdf
  used on input line 1524.
(pdftex.def)             Requested size: 461.72388pt x 317.1842pt.
[34 <./TUTO_GRAPHES_files/figure-latex/unnamed-chunk-92-1.pdf>]
<TUTO_GRAPHES_files/figure-latex/unnamed-chunk-94-1.pdf, id=711, 371.3875pt x 1
36.51pt>
File: TUTO_GRAPHES_files/figure-latex/unnamed-chunk-94-1.pdf Graphic file (type
 pdf)
<use TUTO_GRAPHES_files/figure-latex/unnamed-chunk-94-1.pdf>
Package pdftex.def Info: TUTO_GRAPHES_files/figure-latex/unnamed-chunk-94-1.pdf
  used on input line 1563.
(pdftex.def)             Requested size: 371.3979pt x 136.51382pt.
[35 <./TUTO_GRAPHES_files/figure-latex/unnamed-chunk-93-1.pdf>]
<TUTO_GRAPHES_files/figure-latex/unnamed-chunk-95-1.pdf, id=725, 456.70625pt x 
317.185pt>
File: TUTO_GRAPHES_files/figure-latex/unnamed-chunk-95-1.pdf Graphic file (type
 pdf)
<use TUTO_GRAPHES_files/figure-latex/unnamed-chunk-95-1.pdf>
Package pdftex.def Info: TUTO_GRAPHES_files/figure-latex/unnamed-chunk-95-1.pdf
  used on input line 1591.
(pdftex.def)             Requested size: 456.71906pt x 317.19388pt.
[36 <./TUTO_GRAPHES_files/figure-latex/unnamed-chunk-94-1.pdf>]
<TUTO_GRAPHES_files/figure-latex/unnamed-chunk-97-1.pdf, id=741, 461.725pt x 31
7.185pt>
File: TUTO_GRAPHES_files/figure-latex/unnamed-chunk-97-1.pdf Graphic file (type
 pdf)
<use TUTO_GRAPHES_files/figure-latex/unnamed-chunk-97-1.pdf>
Package pdftex.def Info: TUTO_GRAPHES_files/figure-latex/unnamed-chunk-97-1.pdf
  used on input line 1618.
(pdftex.def)             Requested size: 444.75867pt x 305.52985pt.
[37 <./TUTO_GRAPHES_files/figure-latex/unnamed-chunk-95-1.pdf>]
<TUTO_GRAPHES_files/figure-latex/unnamed-chunk-100-1.pdf, id=758, 456.70625pt x
 317.185pt>
File: TUTO_GRAPHES_files/figure-latex/unnamed-chunk-100-1.pdf Graphic file (typ
e pdf)
<use TUTO_GRAPHES_files/figure-latex/unnamed-chunk-100-1.pdf>
Package pdftex.def Info: TUTO_GRAPHES_files/figure-latex/unnamed-chunk-100-1.pd
f  used on input line 1648.
(pdftex.def)             Requested size: 444.76762pt x 308.89354pt.
[38 <./TUTO_GRAPHES_files/figure-latex/unnamed-chunk-97-1.pdf>]
<TUTO_GRAPHES_files/figure-latex/unnamed-chunk-102-1.pdf, id=774, 179.67125pt x
 179.67125pt>
File: TUTO_GRAPHES_files/figure-latex/unnamed-chunk-102-1.pdf Graphic file (typ
e pdf)
<use TUTO_GRAPHES_files/figure-latex/unnamed-chunk-102-1.pdf>
Package pdftex.def Info: TUTO_GRAPHES_files/figure-latex/unnamed-chunk-102-1.pd
f  used on input line 1679.
(pdftex.def)             Requested size: 179.6845pt x 179.6845pt.
[39 <./TUTO_GRAPHES_files/figure-latex/unnamed-chunk-100-1.pdf>]
<TUTO_GRAPHES_files/figure-latex/unnamed-chunk-104-1.pdf, id=788, 436.63126pt x
 256.96pt>
File: TUTO_GRAPHES_files/figure-latex/unnamed-chunk-104-1.pdf Graphic file (typ
e pdf)
<use TUTO_GRAPHES_files/figure-latex/unnamed-chunk-104-1.pdf>
Package pdftex.def Info: TUTO_GRAPHES_files/figure-latex/unnamed-chunk-104-1.pd
f  used on input line 1709.
(pdftex.def)             Requested size: 436.63019pt x 256.95937pt.
<TUTO_GRAPHES_files/figure-latex/unnamed-chunk-104-2.pdf, id=789, 436.63126pt x
 251.94125pt>
File: TUTO_GRAPHES_files/figure-latex/unnamed-chunk-104-2.pdf Graphic file (typ
e pdf)
<use TUTO_GRAPHES_files/figure-latex/unnamed-chunk-104-2.pdf>
Package pdftex.def Info: TUTO_GRAPHES_files/figure-latex/unnamed-chunk-104-2.pd
f  used on input line 1711.
(pdftex.def)             Requested size: 436.63019pt x 251.94063pt.
[40 <./TUTO_GRAPHES_files/figure-latex/unnamed-chunk-102-1.pdf> <./TUTO_GRAPHES
_files/figure-latex/unnamed-chunk-104-1.pdf>]
<TUTO_GRAPHES_files/figure-latex/unnamed-chunk-104-3.pdf, id=812, 436.63126pt x
 248.93pt>
File: TUTO_GRAPHES_files/figure-latex/unnamed-chunk-104-3.pdf Graphic file (typ
e pdf)
<use TUTO_GRAPHES_files/figure-latex/unnamed-chunk-104-3.pdf>
Package pdftex.def Info: TUTO_GRAPHES_files/figure-latex/unnamed-chunk-104-3.pd
f  used on input line 1713.
(pdftex.def)             Requested size: 436.63019pt x 248.92938pt.
<TUTO_GRAPHES_files/figure-latex/unnamed-chunk-104-4.pdf, id=813, 436.63126pt x
 248.93pt>
File: TUTO_GRAPHES_files/figure-latex/unnamed-chunk-104-4.pdf Graphic file (typ
e pdf)
<use TUTO_GRAPHES_files/figure-latex/unnamed-chunk-104-4.pdf>
Package pdftex.def Info: TUTO_GRAPHES_files/figure-latex/unnamed-chunk-104-4.pd
f  used on input line 1715.
(pdftex.def)             Requested size: 436.63019pt x 248.92938pt.
[41 <./TUTO_GRAPHES_files/figure-latex/unnamed-chunk-104-2.pdf> <./TUTO_GRAPHES
_files/figure-latex/unnamed-chunk-104-3.pdf>]
<TUTO_GRAPHES_files/figure-latex/unnamed-chunk-104-5.pdf, id=832, 436.63126pt x
 248.93pt>
File: TUTO_GRAPHES_files/figure-latex/unnamed-chunk-104-5.pdf Graphic file (typ
e pdf)
<use TUTO_GRAPHES_files/figure-latex/unnamed-chunk-104-5.pdf>
Package pdftex.def Info: TUTO_GRAPHES_files/figure-latex/unnamed-chunk-104-5.pd
f  used on input line 1717.
(pdftex.def)             Requested size: 436.63019pt x 248.92938pt.
<TUTO_GRAPHES_files/figure-latex/unnamed-chunk-104-6.pdf, id=833, 436.63126pt x
 248.93pt>
File: TUTO_GRAPHES_files/figure-latex/unnamed-chunk-104-6.pdf Graphic file (typ
e pdf)
<use TUTO_GRAPHES_files/figure-latex/unnamed-chunk-104-6.pdf>
Package pdftex.def Info: TUTO_GRAPHES_files/figure-latex/unnamed-chunk-104-6.pd
f  used on input line 1719.
(pdftex.def)             Requested size: 436.63019pt x 248.92938pt.
[42 <./TUTO_GRAPHES_files/figure-latex/unnamed-chunk-104-4.pdf> <./TUTO_GRAPHES
_files/figure-latex/unnamed-chunk-104-5.pdf>]
<TUTO_GRAPHES_files/figure-latex/unnamed-chunk-104-7.pdf, id=852, 436.63126pt x
 248.93pt>
File: TUTO_GRAPHES_files/figure-latex/unnamed-chunk-104-7.pdf Graphic file (typ
e pdf)
<use TUTO_GRAPHES_files/figure-latex/unnamed-chunk-104-7.pdf>
Package pdftex.def Info: TUTO_GRAPHES_files/figure-latex/unnamed-chunk-104-7.pd
f  used on input line 1721.
(pdftex.def)             Requested size: 436.63019pt x 248.92938pt.
<TUTO_GRAPHES_files/figure-latex/unnamed-chunk-104-8.pdf, id=853, 436.63126pt x
 248.93pt>
File: TUTO_GRAPHES_files/figure-latex/unnamed-chunk-104-8.pdf Graphic file (typ
e pdf)
<use TUTO_GRAPHES_files/figure-latex/unnamed-chunk-104-8.pdf>
Package pdftex.def Info: TUTO_GRAPHES_files/figure-latex/unnamed-chunk-104-8.pd
f  used on input line 1723.
(pdftex.def)             Requested size: 436.63019pt x 248.92938pt.
[43 <./TUTO_GRAPHES_files/figure-latex/unnamed-chunk-104-6.pdf> <./TUTO_GRAPHES
_files/figure-latex/unnamed-chunk-104-7.pdf>] [44 <./TUTO_GRAPHES_files/figure-
latex/unnamed-chunk-104-8.pdf>]
<TUTO_GRAPHES_files/figure-latex/unnamed-chunk-110-1.pdf, id=887, 179.67125pt x
 179.67125pt>
File: TUTO_GRAPHES_files/figure-latex/unnamed-chunk-110-1.pdf Graphic file (typ
e pdf)
<use TUTO_GRAPHES_files/figure-latex/unnamed-chunk-110-1.pdf>
Package pdftex.def Info: TUTO_GRAPHES_files/figure-latex/unnamed-chunk-110-1.pd
f  used on input line 1777.
(pdftex.def)             Requested size: 179.6845pt x 179.6845pt.
<TUTO_GRAPHES_files/figure-latex/unnamed-chunk-112-1.pdf, id=888, 436.63126pt x
 248.93pt>
File: TUTO_GRAPHES_files/figure-latex/unnamed-chunk-112-1.pdf Graphic file (typ
e pdf)
<use TUTO_GRAPHES_files/figure-latex/unnamed-chunk-112-1.pdf>
Package pdftex.def Info: TUTO_GRAPHES_files/figure-latex/unnamed-chunk-112-1.pd
f  used on input line 1802.
(pdftex.def)             Requested size: 436.63019pt x 248.92938pt.
<TUTO_GRAPHES_files/figure-latex/unnamed-chunk-112-2.pdf, id=889, 436.63126pt x
 260.975pt>
File: TUTO_GRAPHES_files/figure-latex/unnamed-chunk-112-2.pdf Graphic file (typ
e pdf)
<use TUTO_GRAPHES_files/figure-latex/unnamed-chunk-112-2.pdf>
Package pdftex.def Info: TUTO_GRAPHES_files/figure-latex/unnamed-chunk-112-2.pd
f  used on input line 1804.
(pdftex.def)             Requested size: 436.63019pt x 260.97437pt.
[45 <./TUTO_GRAPHES_files/figure-latex/unnamed-chunk-110-1.pdf> <./TUTO_GRAPHES
_files/figure-latex/unnamed-chunk-112-1.pdf>]
<TUTO_GRAPHES_files/figure-latex/unnamed-chunk-112-3.pdf, id=911, 436.63126pt x
 260.975pt>
File: TUTO_GRAPHES_files/figure-latex/unnamed-chunk-112-3.pdf Graphic file (typ
e pdf)
<use TUTO_GRAPHES_files/figure-latex/unnamed-chunk-112-3.pdf>
Package pdftex.def Info: TUTO_GRAPHES_files/figure-latex/unnamed-chunk-112-3.pd
f  used on input line 1806.
(pdftex.def)             Requested size: 436.63019pt x 260.97437pt.
<TUTO_GRAPHES_files/figure-latex/unnamed-chunk-112-4.pdf, id=912, 436.63126pt x
 260.975pt>
File: TUTO_GRAPHES_files/figure-latex/unnamed-chunk-112-4.pdf Graphic file (typ
e pdf)
<use TUTO_GRAPHES_files/figure-latex/unnamed-chunk-112-4.pdf>
Package pdftex.def Info: TUTO_GRAPHES_files/figure-latex/unnamed-chunk-112-4.pd
f  used on input line 1808.
(pdftex.def)             Requested size: 436.63019pt x 260.97437pt.
[46 <./TUTO_GRAPHES_files/figure-latex/unnamed-chunk-112-2.pdf> <./TUTO_GRAPHES
_files/figure-latex/unnamed-chunk-112-3.pdf>]
<TUTO_GRAPHES_files/figure-latex/unnamed-chunk-112-5.pdf, id=931, 436.63126pt x
 260.975pt>
File: TUTO_GRAPHES_files/figure-latex/unnamed-chunk-112-5.pdf Graphic file (typ
e pdf)
<use TUTO_GRAPHES_files/figure-latex/unnamed-chunk-112-5.pdf>
Package pdftex.def Info: TUTO_GRAPHES_files/figure-latex/unnamed-chunk-112-5.pd
f  used on input line 1810.
(pdftex.def)             Requested size: 436.63019pt x 260.97437pt.
<TUTO_GRAPHES_files/figure-latex/unnamed-chunk-112-6.pdf, id=932, 436.63126pt x
 248.93pt>
File: TUTO_GRAPHES_files/figure-latex/unnamed-chunk-112-6.pdf Graphic file (typ
e pdf)
<use TUTO_GRAPHES_files/figure-latex/unnamed-chunk-112-6.pdf>
Package pdftex.def Info: TUTO_GRAPHES_files/figure-latex/unnamed-chunk-112-6.pd
f  used on input line 1812.
(pdftex.def)             Requested size: 436.63019pt x 248.92938pt.
[47 <./TUTO_GRAPHES_files/figure-latex/unnamed-chunk-112-4.pdf> <./TUTO_GRAPHES
_files/figure-latex/unnamed-chunk-112-5.pdf>]
<TUTO_GRAPHES_files/figure-latex/unnamed-chunk-112-7.pdf, id=951, 436.63126pt x
 248.93pt>
File: TUTO_GRAPHES_files/figure-latex/unnamed-chunk-112-7.pdf Graphic file (typ
e pdf)
<use TUTO_GRAPHES_files/figure-latex/unnamed-chunk-112-7.pdf>
Package pdftex.def Info: TUTO_GRAPHES_files/figure-latex/unnamed-chunk-112-7.pd
f  used on input line 1814.
(pdftex.def)             Requested size: 436.63019pt x 248.92938pt.
<TUTO_GRAPHES_files/figure-latex/unnamed-chunk-112-8.pdf, id=952, 436.63126pt x
 248.93pt>
File: TUTO_GRAPHES_files/figure-latex/unnamed-chunk-112-8.pdf Graphic file (typ
e pdf)
<use TUTO_GRAPHES_files/figure-latex/unnamed-chunk-112-8.pdf>
Package pdftex.def Info: TUTO_GRAPHES_files/figure-latex/unnamed-chunk-112-8.pd
f  used on input line 1816.
(pdftex.def)             Requested size: 436.63019pt x 248.92938pt.
[48 <./TUTO_GRAPHES_files/figure-latex/unnamed-chunk-112-6.pdf> <./TUTO_GRAPHES
_files/figure-latex/unnamed-chunk-112-7.pdf>]
<TUTO_GRAPHES_files/figure-latex/unnamed-chunk-112-9.pdf, id=971, 436.63126pt x
 248.93pt>
File: TUTO_GRAPHES_files/figure-latex/unnamed-chunk-112-9.pdf Graphic file (typ
e pdf)
<use TUTO_GRAPHES_files/figure-latex/unnamed-chunk-112-9.pdf>
Package pdftex.def Info: TUTO_GRAPHES_files/figure-latex/unnamed-chunk-112-9.pd
f  used on input line 1818.
(pdftex.def)             Requested size: 436.63019pt x 248.92938pt.
<TUTO_GRAPHES_files/figure-latex/unnamed-chunk-112-10.pdf, id=972, 436.63126pt 
x 248.93pt>
File: TUTO_GRAPHES_files/figure-latex/unnamed-chunk-112-10.pdf Graphic file (ty
pe pdf)
<use TUTO_GRAPHES_files/figure-latex/unnamed-chunk-112-10.pdf>
Package pdftex.def Info: TUTO_GRAPHES_files/figure-latex/unnamed-chunk-112-10.p
df  used on input line 1820.
(pdftex.def)             Requested size: 436.63019pt x 248.92938pt.
[49 <./TUTO_GRAPHES_files/figure-latex/unnamed-chunk-112-8.pdf> <./TUTO_GRAPHES
_files/figure-latex/unnamed-chunk-112-9.pdf>]
<TUTO_GRAPHES_files/figure-latex/unnamed-chunk-112-11.pdf, id=992, 436.63126pt 
x 248.93pt>
File: TUTO_GRAPHES_files/figure-latex/unnamed-chunk-112-11.pdf Graphic file (ty
pe pdf)
<use TUTO_GRAPHES_files/figure-latex/unnamed-chunk-112-11.pdf>
Package pdftex.def Info: TUTO_GRAPHES_files/figure-latex/unnamed-chunk-112-11.p
df  used on input line 1822.
(pdftex.def)             Requested size: 436.63019pt x 248.92938pt.
<TUTO_GRAPHES_files/figure-latex/unnamed-chunk-112-12.pdf, id=993, 436.63126pt 
x 248.93pt>
File: TUTO_GRAPHES_files/figure-latex/unnamed-chunk-112-12.pdf Graphic file (ty
pe pdf)
<use TUTO_GRAPHES_files/figure-latex/unnamed-chunk-112-12.pdf>
Package pdftex.def Info: TUTO_GRAPHES_files/figure-latex/unnamed-chunk-112-12.p
df  used on input line 1824.
(pdftex.def)             Requested size: 436.63019pt x 248.92938pt.
[50 <./TUTO_GRAPHES_files/figure-latex/unnamed-chunk-112-10.pdf> <./TUTO_GRAPHE
S_files/figure-latex/unnamed-chunk-112-11.pdf>]
<TUTO_GRAPHES_files/figure-latex/unnamed-chunk-112-13.pdf, id=1012, 436.63126pt
 x 248.93pt>
File: TUTO_GRAPHES_files/figure-latex/unnamed-chunk-112-13.pdf Graphic file (ty
pe pdf)
<use TUTO_GRAPHES_files/figure-latex/unnamed-chunk-112-13.pdf>
Package pdftex.def Info: TUTO_GRAPHES_files/figure-latex/unnamed-chunk-112-13.p
df  used on input line 1826.
(pdftex.def)             Requested size: 436.63019pt x 248.92938pt.
<TUTO_GRAPHES_files/figure-latex/unnamed-chunk-112-14.pdf, id=1013, 436.63126pt
 x 248.93pt>
File: TUTO_GRAPHES_files/figure-latex/unnamed-chunk-112-14.pdf Graphic file (ty
pe pdf)
<use TUTO_GRAPHES_files/figure-latex/unnamed-chunk-112-14.pdf>
Package pdftex.def Info: TUTO_GRAPHES_files/figure-latex/unnamed-chunk-112-14.p
df  used on input line 1828.
(pdftex.def)             Requested size: 436.63019pt x 248.92938pt.
[51 <./TUTO_GRAPHES_files/figure-latex/unnamed-chunk-112-12.pdf> <./TUTO_GRAPHE
S_files/figure-latex/unnamed-chunk-112-13.pdf>]
<TUTO_GRAPHES_files/figure-latex/unnamed-chunk-112-15.pdf, id=1032, 436.63126pt
 x 248.93pt>
File: TUTO_GRAPHES_files/figure-latex/unnamed-chunk-112-15.pdf Graphic file (ty
pe pdf)
<use TUTO_GRAPHES_files/figure-latex/unnamed-chunk-112-15.pdf>
Package pdftex.def Info: TUTO_GRAPHES_files/figure-latex/unnamed-chunk-112-15.p
df  used on input line 1830.
(pdftex.def)             Requested size: 436.63019pt x 248.92938pt.
<TUTO_GRAPHES_files/figure-latex/unnamed-chunk-112-16.pdf, id=1033, 436.63126pt
 x 248.93pt>
File: TUTO_GRAPHES_files/figure-latex/unnamed-chunk-112-16.pdf Graphic file (ty
pe pdf)
<use TUTO_GRAPHES_files/figure-latex/unnamed-chunk-112-16.pdf>
Package pdftex.def Info: TUTO_GRAPHES_files/figure-latex/unnamed-chunk-112-16.p
df  used on input line 1832.
(pdftex.def)             Requested size: 436.63019pt x 248.92938pt.
[52 <./TUTO_GRAPHES_files/figure-latex/unnamed-chunk-112-14.pdf> <./TUTO_GRAPHE
S_files/figure-latex/unnamed-chunk-112-15.pdf>]
<TUTO_GRAPHES_files/figure-latex/unnamed-chunk-112-17.pdf, id=1052, 436.63126pt
 x 248.93pt>
File: TUTO_GRAPHES_files/figure-latex/unnamed-chunk-112-17.pdf Graphic file (ty
pe pdf)
<use TUTO_GRAPHES_files/figure-latex/unnamed-chunk-112-17.pdf>
Package pdftex.def Info: TUTO_GRAPHES_files/figure-latex/unnamed-chunk-112-17.p
df  used on input line 1834.
(pdftex.def)             Requested size: 436.63019pt x 248.92938pt.
[53 <./TUTO_GRAPHES_files/figure-latex/unnamed-chunk-112-16.pdf> <./TUTO_GRAPHE
S_files/figure-latex/unnamed-chunk-112-17.pdf>]
<TUTO_GRAPHES_files/figure-latex/unnamed-chunk-120-1.pdf, id=1072, 179.67125pt 
x 179.67125pt>
File: TUTO_GRAPHES_files/figure-latex/unnamed-chunk-120-1.pdf Graphic file (typ
e pdf)
<use TUTO_GRAPHES_files/figure-latex/unnamed-chunk-120-1.pdf>
Package pdftex.def Info: TUTO_GRAPHES_files/figure-latex/unnamed-chunk-120-1.pd
f  used on input line 1888.
(pdftex.def)             Requested size: 179.6845pt x 179.6845pt.
[54 <./TUTO_GRAPHES_files/figure-latex/unnamed-chunk-120-1.pdf>]
<TUTO_GRAPHES_files/figure-latex/unnamed-chunk-124-1.pdf, id=1084, 179.67125pt 
x 179.67125pt>
File: TUTO_GRAPHES_files/figure-latex/unnamed-chunk-124-1.pdf Graphic file (typ
e pdf)
<use TUTO_GRAPHES_files/figure-latex/unnamed-chunk-124-1.pdf>
Package pdftex.def Info: TUTO_GRAPHES_files/figure-latex/unnamed-chunk-124-1.pd
f  used on input line 1925.
(pdftex.def)             Requested size: 179.6845pt x 179.6845pt.
[55 <./TUTO_GRAPHES_files/figure-latex/unnamed-chunk-124-1.pdf>]
<TUTO_GRAPHES_files/figure-latex/unnamed-chunk-127-1.pdf, id=1100, 284.06125pt 
x 284.06125pt>
File: TUTO_GRAPHES_files/figure-latex/unnamed-chunk-127-1.pdf Graphic file (typ
e pdf)
<use TUTO_GRAPHES_files/figure-latex/unnamed-chunk-127-1.pdf>
Package pdftex.def Info: TUTO_GRAPHES_files/figure-latex/unnamed-chunk-127-1.pd
f  used on input line 1986.
(pdftex.def)             Requested size: 284.08653pt x 284.08653pt.
[56 <./TUTO_GRAPHES_files/figure-latex/unnamed-chunk-127-1.pdf>]
<TUTO_GRAPHES_files/figure-latex/unnamed-chunk-141-1.pdf, id=1115, 179.67125pt 
x 179.67125pt>
File: TUTO_GRAPHES_files/figure-latex/unnamed-chunk-141-1.pdf Graphic file (typ
e pdf)
<use TUTO_GRAPHES_files/figure-latex/unnamed-chunk-141-1.pdf>
Package pdftex.def Info: TUTO_GRAPHES_files/figure-latex/unnamed-chunk-141-1.pd
f  used on input line 2122.
(pdftex.def)             Requested size: 179.6845pt x 179.6845pt.
[57]
<TUTO_GRAPHES_files/figure-latex/unnamed-chunk-143-1.pdf, id=1121, 179.67125pt 
x 179.67125pt>
File: TUTO_GRAPHES_files/figure-latex/unnamed-chunk-143-1.pdf Graphic file (typ
e pdf)
<use TUTO_GRAPHES_files/figure-latex/unnamed-chunk-143-1.pdf>
Package pdftex.def Info: TUTO_GRAPHES_files/figure-latex/unnamed-chunk-143-1.pd
f  used on input line 2138.
(pdftex.def)             Requested size: 179.6845pt x 179.6845pt.
<TUTO_GRAPHES_files/figure-latex/unnamed-chunk-144-1.pdf, id=1122, 179.67125pt 
x 179.67125pt>
File: TUTO_GRAPHES_files/figure-latex/unnamed-chunk-144-1.pdf Graphic file (typ
e pdf)
<use TUTO_GRAPHES_files/figure-latex/unnamed-chunk-144-1.pdf>
Package pdftex.def Info: TUTO_GRAPHES_files/figure-latex/unnamed-chunk-144-1.pd
f  used on input line 2160.
(pdftex.def)             Requested size: 179.6845pt x 179.6845pt.
[58 <./TUTO_GRAPHES_files/figure-latex/unnamed-chunk-141-1.pdf> <./TUTO_GRAPHES
_files/figure-latex/unnamed-chunk-143-1.pdf>] [59 <./TUTO_GRAPHES_files/figure-
latex/unnamed-chunk-144-1.pdf>]
<TUTO_GRAPHES_files/figure-latex/unnamed-chunk-154-1.pdf, id=1156, 179.67125pt 
x 179.67125pt>
File: TUTO_GRAPHES_files/figure-latex/unnamed-chunk-154-1.pdf Graphic file (typ
e pdf)
<use TUTO_GRAPHES_files/figure-latex/unnamed-chunk-154-1.pdf>
Package pdftex.def Info: TUTO_GRAPHES_files/figure-latex/unnamed-chunk-154-1.pd
f  used on input line 2267.
(pdftex.def)             Requested size: 179.6845pt x 179.6845pt.
<TUTO_GRAPHES_files/figure-latex/unnamed-chunk-154-2.pdf, id=1157, 179.67125pt 
x 179.67125pt>
File: TUTO_GRAPHES_files/figure-latex/unnamed-chunk-154-2.pdf Graphic file (typ
e pdf)
<use TUTO_GRAPHES_files/figure-latex/unnamed-chunk-154-2.pdf>
Package pdftex.def Info: TUTO_GRAPHES_files/figure-latex/unnamed-chunk-154-2.pd
f  used on input line 2275.
(pdftex.def)             Requested size: 179.6845pt x 179.6845pt.
[60 <./TUTO_GRAPHES_files/figure-latex/unnamed-chunk-154-1.pdf>]
<TUTO_GRAPHES_files/figure-latex/unnamed-chunk-156-1.pdf, id=1171, 179.67125pt 
x 179.67125pt>
File: TUTO_GRAPHES_files/figure-latex/unnamed-chunk-156-1.pdf Graphic file (typ
e pdf)
<use TUTO_GRAPHES_files/figure-latex/unnamed-chunk-156-1.pdf>
Package pdftex.def Info: TUTO_GRAPHES_files/figure-latex/unnamed-chunk-156-1.pd
f  used on input line 2310.
(pdftex.def)             Requested size: 179.6845pt x 179.6845pt.
[61 <./TUTO_GRAPHES_files/figure-latex/unnamed-chunk-154-2.pdf> <./TUTO_GRAPHES
_files/figure-latex/unnamed-chunk-156-1.pdf>]
<TUTO_GRAPHES_files/figure-latex/unnamed-chunk-159-1.pdf, id=1194, 402.50375pt 
x 193.72375pt>
File: TUTO_GRAPHES_files/figure-latex/unnamed-chunk-159-1.pdf Graphic file (typ
e pdf)
<use TUTO_GRAPHES_files/figure-latex/unnamed-chunk-159-1.pdf>
Package pdftex.def Info: TUTO_GRAPHES_files/figure-latex/unnamed-chunk-159-1.pd
f  used on input line 2337.
(pdftex.def)             Requested size: 402.50276pt x 193.72327pt.
<TUTO_GRAPHES_files/figure-latex/unnamed-chunk-161-1.pdf, id=1195, 179.67125pt 
x 179.67125pt>
File: TUTO_GRAPHES_files/figure-latex/unnamed-chunk-161-1.pdf Graphic file (typ
e pdf)
<use TUTO_GRAPHES_files/figure-latex/unnamed-chunk-161-1.pdf>
Package pdftex.def Info: TUTO_GRAPHES_files/figure-latex/unnamed-chunk-161-1.pd
f  used on input line 2351.
(pdftex.def)             Requested size: 179.6845pt x 179.6845pt.
<TUTO_GRAPHES_files/figure-latex/unnamed-chunk-162-1.pdf, id=1196, 179.67125pt 
x 179.67125pt>
File: TUTO_GRAPHES_files/figure-latex/unnamed-chunk-162-1.pdf Graphic file (typ
e pdf)
<use TUTO_GRAPHES_files/figure-latex/unnamed-chunk-162-1.pdf>
Package pdftex.def Info: TUTO_GRAPHES_files/figure-latex/unnamed-chunk-162-1.pd
f  used on input line 2362.
(pdftex.def)             Requested size: 179.6845pt x 179.6845pt.
[62 <./TUTO_GRAPHES_files/figure-latex/unnamed-chunk-159-1.pdf> <./TUTO_GRAPHES
_files/figure-latex/unnamed-chunk-161-1.pdf>]
<TUTO_GRAPHES_files/figure-latex/unnamed-chunk-163-1.pdf, id=1219, 179.67125pt 
x 179.67125pt>
File: TUTO_GRAPHES_files/figure-latex/unnamed-chunk-163-1.pdf Graphic file (typ
e pdf)
<use TUTO_GRAPHES_files/figure-latex/unnamed-chunk-163-1.pdf>
Package pdftex.def Info: TUTO_GRAPHES_files/figure-latex/unnamed-chunk-163-1.pd
f  used on input line 2374.
(pdftex.def)             Requested size: 179.6845pt x 179.6845pt.
[63 <./TUTO_GRAPHES_files/figure-latex/unnamed-chunk-162-1.pdf> <./TUTO_GRAPHES
_files/figure-latex/unnamed-chunk-163-1.pdf>]
<TUTO_GRAPHES_files/figure-latex/unnamed-chunk-170-1.pdf, id=1241, 396.48125pt 
x 193.72375pt>
File: TUTO_GRAPHES_files/figure-latex/unnamed-chunk-170-1.pdf Graphic file (typ
e pdf)
<use TUTO_GRAPHES_files/figure-latex/unnamed-chunk-170-1.pdf>
Package pdftex.def Info: TUTO_GRAPHES_files/figure-latex/unnamed-chunk-170-1.pd
f  used on input line 2435.
(pdftex.def)             Requested size: 396.48631pt x 193.72621pt.
<TUTO_GRAPHES_files/figure-latex/unnamed-chunk-174-1.pdf, id=1242, 370.38374pt 
x 136.51pt>
File: TUTO_GRAPHES_files/figure-latex/unnamed-chunk-174-1.pdf Graphic file (typ
e pdf)
<use TUTO_GRAPHES_files/figure-latex/unnamed-chunk-174-1.pdf>
Package pdftex.def Info: TUTO_GRAPHES_files/figure-latex/unnamed-chunk-174-1.pd
f  used on input line 2463.
(pdftex.def)             Requested size: 370.38847pt x 136.51173pt.
[64 <./TUTO_GRAPHES_files/figure-latex/unnamed-chunk-170-1.pdf> <./TUTO_GRAPHES
_files/figure-latex/unnamed-chunk-174-1.pdf>]
<TUTO_GRAPHES_files/figure-latex/unnamed-chunk-179-1.pdf, id=1263, 395.4775pt x
 193.72375pt>
File: TUTO_GRAPHES_files/figure-latex/unnamed-chunk-179-1.pdf Graphic file (typ
e pdf)
<use TUTO_GRAPHES_files/figure-latex/unnamed-chunk-179-1.pdf>
Package pdftex.def Info: TUTO_GRAPHES_files/figure-latex/unnamed-chunk-179-1.pd
f  used on input line 2496.
(pdftex.def)             Requested size: 395.48256pt x 193.72621pt.
<TUTO_GRAPHES_files/figure-latex/unnamed-chunk-185-1.pdf, id=1264, 380.42125pt 
x 136.51pt>
File: TUTO_GRAPHES_files/figure-latex/unnamed-chunk-185-1.pdf Graphic file (typ
e pdf)
<use TUTO_GRAPHES_files/figure-latex/unnamed-chunk-185-1.pdf>
Package pdftex.def Info: TUTO_GRAPHES_files/figure-latex/unnamed-chunk-185-1.pd
f  used on input line 2531.
(pdftex.def)             Requested size: 380.4319pt x 136.51382pt.
[65 <./TUTO_GRAPHES_files/figure-latex/unnamed-chunk-179-1.pdf>]

LaTeX Warning: Command \` invalid in math mode on input line 2574.

[66 <./TUTO_GRAPHES_files/figure-latex/unnamed-chunk-185-1.pdf>]
<TUTO_GRAPHES_files/figure-latex/unnamed-chunk-188-1.pdf, id=1296, 179.67125pt 
x 179.67125pt>
File: TUTO_GRAPHES_files/figure-latex/unnamed-chunk-188-1.pdf Graphic file (typ
e pdf)
<use TUTO_GRAPHES_files/figure-latex/unnamed-chunk-188-1.pdf>
Package pdftex.def Info: TUTO_GRAPHES_files/figure-latex/unnamed-chunk-188-1.pd
f  used on input line 2607.
(pdftex.def)             Requested size: 179.6845pt x 179.6845pt.

Underfull \hbox (badness 10000) in paragraph at lines 2621--2622

 []

<TUTO_GRAPHES_files/figure-latex/unnamed-chunk-192-1.pdf, id=1297, 461.725pt x 
317.185pt>
File: TUTO_GRAPHES_files/figure-latex/unnamed-chunk-192-1.pdf Graphic file (typ
e pdf)
<use TUTO_GRAPHES_files/figure-latex/unnamed-chunk-192-1.pdf>
Package pdftex.def Info: TUTO_GRAPHES_files/figure-latex/unnamed-chunk-192-1.pd
f  used on input line 2658.
(pdftex.def)             Requested size: 444.75867pt x 305.52985pt.
[67 <./TUTO_GRAPHES_files/figure-latex/unnamed-chunk-188-1.pdf>] [68 <./TUTO_GR
APHES_files/figure-latex/unnamed-chunk-192-1.pdf>]
<TUTO_GRAPHES_files/figure-latex/unnamed-chunk-198-1.pdf, id=1329, 179.67125pt 
x 179.67125pt>
File: TUTO_GRAPHES_files/figure-latex/unnamed-chunk-198-1.pdf Graphic file (typ
e pdf)
<use TUTO_GRAPHES_files/figure-latex/unnamed-chunk-198-1.pdf>
Package pdftex.def Info: TUTO_GRAPHES_files/figure-latex/unnamed-chunk-198-1.pd
f  used on input line 2714.
(pdftex.def)             Requested size: 179.6845pt x 179.6845pt.
<TUTO_GRAPHES_files/figure-latex/unnamed-chunk-207-1.pdf, id=1330, 459.7175pt x
 315.1775pt>
File: TUTO_GRAPHES_files/figure-latex/unnamed-chunk-207-1.pdf Graphic file (typ
e pdf)
<use TUTO_GRAPHES_files/figure-latex/unnamed-chunk-207-1.pdf>
Package pdftex.def Info: TUTO_GRAPHES_files/figure-latex/unnamed-chunk-207-1.pd
f  used on input line 2779.
(pdftex.def)             Requested size: 459.74442pt x 315.19595pt.
[69 <./TUTO_GRAPHES_files/figure-latex/unnamed-chunk-198-1.pdf>]
Underfull \vbox (badness 2662) detected at line 2823
 []

[70 <./TUTO_GRAPHES_files/figure-latex/unnamed-chunk-207-1.pdf>]
<TUTO_GRAPHES_files/figure-latex/unnamed-chunk-214-1.pdf, id=1357, 179.67125pt 
x 179.67125pt>
File: TUTO_GRAPHES_files/figure-latex/unnamed-chunk-214-1.pdf Graphic file (typ
e pdf)
<use TUTO_GRAPHES_files/figure-latex/unnamed-chunk-214-1.pdf>
Package pdftex.def Info: TUTO_GRAPHES_files/figure-latex/unnamed-chunk-214-1.pd
f  used on input line 2843.
(pdftex.def)             Requested size: 179.6845pt x 179.6845pt.
[71 <./TUTO_GRAPHES_files/figure-latex/unnamed-chunk-214-1.pdf>]
<TUTO_GRAPHES_files/figure-latex/unnamed-chunk-218-1.pdf, id=1372, 459.7175pt x
 315.1775pt>
File: TUTO_GRAPHES_files/figure-latex/unnamed-chunk-218-1.pdf Graphic file (typ
e pdf)
<use TUTO_GRAPHES_files/figure-latex/unnamed-chunk-218-1.pdf>
Package pdftex.def Info: TUTO_GRAPHES_files/figure-latex/unnamed-chunk-218-1.pd
f  used on input line 2897.
(pdftex.def)             Requested size: 459.74442pt x 315.19595pt.

Overfull \hbox (5.46544pt too wide) in paragraph at lines 2907--2908
[]\T1/lmr/m/n/10 (-20) Igraph pos-sde une fonc-tion per-met-tant de faire di-r
ec-te-ment le spec-tral clus-te-ring : \T1/lmr/bx/n/10 (-20) em-bed_laplacian_m
atrix\T1/lmr/m/n/10 (-20) .
 []


Overfull \vbox (0.26642pt too high) detected at line 2930
 []

[72 <./TUTO_GRAPHES_files/figure-latex/unnamed-chunk-218-1.pdf>]
<TUTO_GRAPHES_files/figure-latex/unnamed-chunk-221-1.pdf, id=1384, 179.67125pt 
x 179.67125pt>
File: TUTO_GRAPHES_files/figure-latex/unnamed-chunk-221-1.pdf Graphic file (typ
e pdf)
<use TUTO_GRAPHES_files/figure-latex/unnamed-chunk-221-1.pdf>
Package pdftex.def Info: TUTO_GRAPHES_files/figure-latex/unnamed-chunk-221-1.pd
f  used on input line 2953.
(pdftex.def)             Requested size: 179.6845pt x 179.6845pt.
<TUTO_GRAPHES_files/figure-latex/unnamed-chunk-223-1.pdf, id=1385, 459.7175pt x
 315.1775pt>
File: TUTO_GRAPHES_files/figure-latex/unnamed-chunk-223-1.pdf Graphic file (typ
e pdf)
<use TUTO_GRAPHES_files/figure-latex/unnamed-chunk-223-1.pdf>
Package pdftex.def Info: TUTO_GRAPHES_files/figure-latex/unnamed-chunk-223-1.pd
f  used on input line 2969.
(pdftex.def)             Requested size: 459.74442pt x 315.19595pt.
[73 <./TUTO_GRAPHES_files/figure-latex/unnamed-chunk-221-1.pdf>]
<TUTO_GRAPHES_files/figure-latex/unnamed-chunk-227-1.pdf, id=1400, 179.67125pt 
x 179.67125pt>
File: TUTO_GRAPHES_files/figure-latex/unnamed-chunk-227-1.pdf Graphic file (typ
e pdf)
<use TUTO_GRAPHES_files/figure-latex/unnamed-chunk-227-1.pdf>
Package pdftex.def Info: TUTO_GRAPHES_files/figure-latex/unnamed-chunk-227-1.pd
f  used on input line 2995.
(pdftex.def)             Requested size: 179.6845pt x 179.6845pt.
[74 <./TUTO_GRAPHES_files/figure-latex/unnamed-chunk-223-1.pdf> <./TUTO_GRAPHES
_files/figure-latex/unnamed-chunk-227-1.pdf>]
Underfull \hbox (badness 10000) in paragraph at lines 3009--3010

 []

<TUTO_GRAPHES_files/figure-latex/unnamed-chunk-229-1.pdf, id=1420, 182.6825pt x
 179.67125pt>
File: TUTO_GRAPHES_files/figure-latex/unnamed-chunk-229-1.pdf Graphic file (typ
e pdf)
<use TUTO_GRAPHES_files/figure-latex/unnamed-chunk-229-1.pdf>
Package pdftex.def Info: TUTO_GRAPHES_files/figure-latex/unnamed-chunk-229-1.pd
f  used on input line 3024.
(pdftex.def)             Requested size: 182.6904pt x 179.67902pt.
<TUTO_GRAPHES_files/figure-latex/unnamed-chunk-231-1.pdf, id=1421, 459.7175pt x
 315.1775pt>
File: TUTO_GRAPHES_files/figure-latex/unnamed-chunk-231-1.pdf Graphic file (typ
e pdf)
<use TUTO_GRAPHES_files/figure-latex/unnamed-chunk-231-1.pdf>
Package pdftex.def Info: TUTO_GRAPHES_files/figure-latex/unnamed-chunk-231-1.pd
f  used on input line 3039.
(pdftex.def)             Requested size: 444.78203pt x 304.9379pt.
[75 <./TUTO_GRAPHES_files/figure-latex/unnamed-chunk-229-1.pdf>]
<TUTO_GRAPHES_files/figure-latex/unnamed-chunk-232-1.pdf, id=1437, 181.67876pt 
x 179.67125pt>
File: TUTO_GRAPHES_files/figure-latex/unnamed-chunk-232-1.pdf Graphic file (typ
e pdf)
<use TUTO_GRAPHES_files/figure-latex/unnamed-chunk-232-1.pdf>
Package pdftex.def Info: TUTO_GRAPHES_files/figure-latex/unnamed-chunk-232-1.pd
f  used on input line 3048.
(pdftex.def)             Requested size: 181.68384pt x 179.67627pt.
<TUTO_GRAPHES_files/figure-latex/unnamed-chunk-234-1.pdf, id=1438, 186.6975pt x
 179.67125pt>
File: TUTO_GRAPHES_files/figure-latex/unnamed-chunk-234-1.pdf Graphic file (typ
e pdf)
<use TUTO_GRAPHES_files/figure-latex/unnamed-chunk-234-1.pdf>
Package pdftex.def Info: TUTO_GRAPHES_files/figure-latex/unnamed-chunk-234-1.pd
f  used on input line 3063.
(pdftex.def)             Requested size: 186.70558pt x 179.67902pt.
[76 <./TUTO_GRAPHES_files/figure-latex/unnamed-chunk-231-1.pdf> <./TUTO_GRAPHES
_files/figure-latex/unnamed-chunk-232-1.pdf>]
<TUTO_GRAPHES_files/figure-latex/unnamed-chunk-240-1.pdf, id=1458, 459.7175pt x
 315.1775pt>
File: TUTO_GRAPHES_files/figure-latex/unnamed-chunk-240-1.pdf Graphic file (typ
e pdf)
<use TUTO_GRAPHES_files/figure-latex/unnamed-chunk-240-1.pdf>
Package pdftex.def Info: TUTO_GRAPHES_files/figure-latex/unnamed-chunk-240-1.pd
f  used on input line 3105.
(pdftex.def)             Requested size: 444.78203pt x 304.9379pt.
[77 <./TUTO_GRAPHES_files/figure-latex/unnamed-chunk-234-1.pdf>]
<TUTO_GRAPHES_files/figure-latex/unnamed-chunk-241-1.pdf, id=1471, 179.67125pt 
x 179.67125pt>
File: TUTO_GRAPHES_files/figure-latex/unnamed-chunk-241-1.pdf Graphic file (typ
e pdf)
<use TUTO_GRAPHES_files/figure-latex/unnamed-chunk-241-1.pdf>
Package pdftex.def Info: TUTO_GRAPHES_files/figure-latex/unnamed-chunk-241-1.pd
f  used on input line 3114.
(pdftex.def)             Requested size: 179.6845pt x 179.6845pt.
<TUTO_GRAPHES_files/figure-latex/unnamed-chunk-242-1.pdf, id=1472, 179.67125pt 
x 179.67125pt>
File: TUTO_GRAPHES_files/figure-latex/unnamed-chunk-242-1.pdf Graphic file (typ
e pdf)
<use TUTO_GRAPHES_files/figure-latex/unnamed-chunk-242-1.pdf>
Package pdftex.def Info: TUTO_GRAPHES_files/figure-latex/unnamed-chunk-242-1.pd
f  used on input line 3123.
(pdftex.def)             Requested size: 179.6845pt x 179.6845pt.
[78 <./TUTO_GRAPHES_files/figure-latex/unnamed-chunk-240-1.pdf> <./TUTO_GRAPHES
_files/figure-latex/unnamed-chunk-241-1.pdf>]
<TUTO_GRAPHES_files/figure-latex/unnamed-chunk-245-1.pdf, id=1492, 461.725pt x 
315.1775pt>
File: TUTO_GRAPHES_files/figure-latex/unnamed-chunk-245-1.pdf Graphic file (typ
e pdf)
<use TUTO_GRAPHES_files/figure-latex/unnamed-chunk-245-1.pdf>
Package pdftex.def Info: TUTO_GRAPHES_files/figure-latex/unnamed-chunk-245-1.pd
f  used on input line 3172.
(pdftex.def)             Requested size: 461.72388pt x 315.17673pt.
[79 <./TUTO_GRAPHES_files/figure-latex/unnamed-chunk-242-1.pdf>] [80 <./TUTO_GR
APHES_files/figure-latex/unnamed-chunk-245-1.pdf>]
<TUTO_GRAPHES_files/figure-latex/unnamed-chunk-249-1.pdf, id=1519, 456.70625pt 
x 315.1775pt>
File: TUTO_GRAPHES_files/figure-latex/unnamed-chunk-249-1.pdf Graphic file (typ
e pdf)
<use TUTO_GRAPHES_files/figure-latex/unnamed-chunk-249-1.pdf>
Package pdftex.def Info: TUTO_GRAPHES_files/figure-latex/unnamed-chunk-249-1.pd
f  used on input line 3225.
(pdftex.def)             Requested size: 456.71906pt x 315.18634pt.
<TUTO_GRAPHES_files/figure-latex/unnamed-chunk-251-1.pdf, id=1520, 456.70625pt 
x 315.1775pt>
File: TUTO_GRAPHES_files/figure-latex/unnamed-chunk-251-1.pdf Graphic file (typ
e pdf)
<use TUTO_GRAPHES_files/figure-latex/unnamed-chunk-251-1.pdf>
Package pdftex.def Info: TUTO_GRAPHES_files/figure-latex/unnamed-chunk-251-1.pd
f  used on input line 3244.
(pdftex.def)             Requested size: 456.71906pt x 315.18634pt.
[81 <./TUTO_GRAPHES_files/figure-latex/unnamed-chunk-249-1.pdf>]
No file TUTO_GRAPHES.bbl.
[82 <./TUTO_GRAPHES_files/figure-latex/unnamed-chunk-251-1.pdf>] (./TUTO_GRAPHE
S.aux) ) 
Here is how much of TeX's memory you used:
 18250 strings out of 478268
 333551 string characters out of 5846348
 634044 words of memory out of 5000000
 35666 multiletter control sequences out of 15000+600000
 538608 words of font info for 158 fonts, out of 8000000 for 9000
 1141 hyphenation exceptions out of 8191
 74i,6n,77p,1009b,736s stack positions out of 10000i,1000n,20000p,200000b,200000s
{/usr/local/texlive/2022/texmf-dist/fonts/enc/dvips/lm/lm-ts1.enc}{/usr
/local/texlive/2022/texmf-dist/fonts/enc/dvips/lm/lm-mathex.enc}{/usr/local/tex
live/2022/texmf-dist/fonts/enc/dvips/lm/lm-ec.enc}{/usr/local/texlive/2022/texm
f-dist/fonts/enc/dvips/lm/lm-mathit.enc}{/usr/local/texlive/2022/texmf-dist/fon
ts/enc/dvips/lm/lm-rm.enc}{/usr/local/texlive/2022/texmf-dist/fonts/enc/dvips/l
m/lm-mathsy.enc}</usr/local/texlive/2022/texmf-dist/fonts/type1/public/lm/lmbx1
0.pfb></usr/local/texlive/2022/texmf-dist/fonts/type1/public/lm/lmbx12.pfb></us
r/local/texlive/2022/texmf-dist/fonts/type1/public/lm/lmbxi10.pfb></usr/local/t
exlive/2022/texmf-dist/fonts/type1/public/lm/lmex10.pfb></usr/local/texlive/202
2/texmf-dist/fonts/type1/public/lm/lmmi10.pfb></usr/local/texlive/2022/texmf-di
st/fonts/type1/public/lm/lmmi7.pfb></usr/local/texlive/2022/texmf-dist/fonts/ty
pe1/public/lm/lmr10.pfb></usr/local/texlive/2022/texmf-dist/fonts/type1/public/
lm/lmr12.pfb></usr/local/texlive/2022/texmf-dist/fonts/type1/public/lm/lmr17.pf
b></usr/local/texlive/2022/texmf-dist/fonts/type1/public/lm/lmr7.pfb></usr/loca
l/texlive/2022/texmf-dist/fonts/type1/public/lm/lmri10.pfb></usr/local/texlive/
2022/texmf-dist/fonts/type1/public/lm/lmsy10.pfb></usr/local/texlive/2022/texmf
-dist/fonts/type1/public/lm/lmtk10.pfb></usr/local/texlive/2022/texmf-dist/font
s/type1/public/lm/lmtt10.pfb></usr/local/texlive/2022/texmf-dist/fonts/type1/pu
blic/lm/lmtti10.pfb>
Output written on TUTO_GRAPHES.pdf (82 pages, 2069213 bytes).
PDF statistics:
 1721 PDF objects out of 1728 (max. 8388607)
 1213 compressed objects within 13 object streams
 231 named destinations out of 1000 (max. 500000)
 35517 words of extra memory for PDF output out of 35830 (max. 10000000)

