This is pdfTeX, Version 3.14159265-2.6-1.40.21 (TeX Live 2020) (preloaded format=pdflatex 2020.10.27)  18 MAR 2022 16:44
entering extended mode
 restricted \write18 enabled.
 %&-line parsing enabled.
**TUTU_GRAPHES.tex
(./TUTU_GRAPHES.tex
LaTeX2e <2020-02-02> patch level 5
L3 programming layer <2020-03-06> (/usr/local/texlive/2020/texmf-dist/tex/latex
/base/article.cls
Document Class: article 2019/12/20 v1.4l Standard LaTeX document class
(/usr/local/texlive/2020/texmf-dist/tex/latex/base/size10.clo
File: size10.clo 2019/12/20 v1.4l Standard LaTeX file (size option)
)
\c@part=\count167
\c@section=\count168
\c@subsection=\count169
\c@subsubsection=\count170
\c@paragraph=\count171
\c@subparagraph=\count172
\c@figure=\count173
\c@table=\count174
\abovecaptionskip=\skip47
\belowcaptionskip=\skip48
\bibindent=\dimen134
) (/usr/local/texlive/2020/texmf-dist/tex/latex/amsmath/amsmath.sty
Package: amsmath 2020/01/20 v2.17e AMS math features
\@mathmargin=\skip49
For additional information on amsmath, use the `?' option.
(/usr/local/texlive/2020/texmf-dist/tex/latex/amsmath/amstext.sty
Package: amstext 2000/06/29 v2.01 AMS text
(/usr/local/texlive/2020/texmf-dist/tex/latex/amsmath/amsgen.sty
File: amsgen.sty 1999/11/30 v2.0 generic functions
\@emptytoks=\toks15
\ex@=\dimen135
)) (/usr/local/texlive/2020/texmf-dist/tex/latex/amsmath/amsbsy.sty
Package: amsbsy 1999/11/29 v1.2d Bold Symbols
\pmbraise@=\dimen136
) (/usr/local/texlive/2020/texmf-dist/tex/latex/amsmath/amsopn.sty
Package: amsopn 2016/03/08 v2.02 operator names
)
\inf@bad=\count175
LaTeX Info: Redefining \frac on input line 227.
\uproot@=\count176
\leftroot@=\count177
LaTeX Info: Redefining \overline on input line 389.
\classnum@=\count178
\DOTSCASE@=\count179
LaTeX Info: Redefining \ldots on input line 486.
LaTeX Info: Redefining \dots on input line 489.
LaTeX Info: Redefining \cdots on input line 610.
\Mathstrutbox@=\box45
\strutbox@=\box46
\big@size=\dimen137
LaTeX Font Info:    Redeclaring font encoding OML on input line 733.
LaTeX Font Info:    Redeclaring font encoding OMS on input line 734.
\macc@depth=\count180
\c@MaxMatrixCols=\count181
\dotsspace@=\muskip16
\c@parentequation=\count182
\dspbrk@lvl=\count183
\tag@help=\toks16
\row@=\count184
\column@=\count185
\maxfields@=\count186
\andhelp@=\toks17
\eqnshift@=\dimen138
\alignsep@=\dimen139
\tagshift@=\dimen140
\tagwidth@=\dimen141
\totwidth@=\dimen142
\lineht@=\dimen143
\@envbody=\toks18
\multlinegap=\skip50
\multlinetaggap=\skip51
\mathdisplay@stack=\toks19
LaTeX Info: Redefining \[ on input line 2859.
LaTeX Info: Redefining \] on input line 2860.
) (/usr/local/texlive/2020/texmf-dist/tex/latex/amsfonts/amssymb.sty
Package: amssymb 2013/01/14 v3.01 AMS font symbols
(/usr/local/texlive/2020/texmf-dist/tex/latex/amsfonts/amsfonts.sty
Package: amsfonts 2013/01/14 v3.01 Basic AMSFonts support
\symAMSa=\mathgroup4
\symAMSb=\mathgroup5
LaTeX Font Info:    Redeclaring math symbol \hbar on input line 98.
LaTeX Font Info:    Overwriting math alphabet `\mathfrak' in version `bold'
(Font)                  U/euf/m/n --> U/euf/b/n on input line 106.
)) (/usr/local/texlive/2020/texmf-dist/tex/latex/lm/lmodern.sty
Package: lmodern 2009/10/30 v1.6 Latin Modern Fonts
LaTeX Font Info:    Overwriting symbol font `operators' in version `normal'
(Font)                  OT1/cmr/m/n --> OT1/lmr/m/n on input line 22.
LaTeX Font Info:    Overwriting symbol font `letters' in version `normal'
(Font)                  OML/cmm/m/it --> OML/lmm/m/it on input line 23.
LaTeX Font Info:    Overwriting symbol font `symbols' in version `normal'
(Font)                  OMS/cmsy/m/n --> OMS/lmsy/m/n on input line 24.
LaTeX Font Info:    Overwriting symbol font `largesymbols' in version `normal'
(Font)                  OMX/cmex/m/n --> OMX/lmex/m/n on input line 25.
LaTeX Font Info:    Overwriting symbol font `operators' in version `bold'
(Font)                  OT1/cmr/bx/n --> OT1/lmr/bx/n on input line 26.
LaTeX Font Info:    Overwriting symbol font `letters' in version `bold'
(Font)                  OML/cmm/b/it --> OML/lmm/b/it on input line 27.
LaTeX Font Info:    Overwriting symbol font `symbols' in version `bold'
(Font)                  OMS/cmsy/b/n --> OMS/lmsy/b/n on input line 28.
LaTeX Font Info:    Overwriting symbol font `largesymbols' in version `bold'
(Font)                  OMX/cmex/m/n --> OMX/lmex/m/n on input line 29.
LaTeX Font Info:    Overwriting math alphabet `\mathbf' in version `normal'
(Font)                  OT1/cmr/bx/n --> OT1/lmr/bx/n on input line 31.
LaTeX Font Info:    Overwriting math alphabet `\mathsf' in version `normal'
(Font)                  OT1/cmss/m/n --> OT1/lmss/m/n on input line 32.
LaTeX Font Info:    Overwriting math alphabet `\mathit' in version `normal'
(Font)                  OT1/cmr/m/it --> OT1/lmr/m/it on input line 33.
LaTeX Font Info:    Overwriting math alphabet `\mathtt' in version `normal'
(Font)                  OT1/cmtt/m/n --> OT1/lmtt/m/n on input line 34.
LaTeX Font Info:    Overwriting math alphabet `\mathbf' in version `bold'
(Font)                  OT1/cmr/bx/n --> OT1/lmr/bx/n on input line 35.
LaTeX Font Info:    Overwriting math alphabet `\mathsf' in version `bold'
(Font)                  OT1/cmss/bx/n --> OT1/lmss/bx/n on input line 36.
LaTeX Font Info:    Overwriting math alphabet `\mathit' in version `bold'
(Font)                  OT1/cmr/bx/it --> OT1/lmr/bx/it on input line 37.
LaTeX Font Info:    Overwriting math alphabet `\mathtt' in version `bold'
(Font)                  OT1/cmtt/m/n --> OT1/lmtt/m/n on input line 38.
) (/usr/local/texlive/2020/texmf-dist/tex/generic/iftex/iftex.sty
Package: iftex 2020/03/06 v1.0d TeX engine tests
) (/usr/local/texlive/2020/texmf-dist/tex/latex/base/fontenc.sty
Package: fontenc 2020/02/11 v2.0o Standard LaTeX package
LaTeX Font Info:    Trying to load font information for T1+lmr on input line 11
2.
(/usr/local/texlive/2020/texmf-dist/tex/latex/lm/t1lmr.fd
File: t1lmr.fd 2009/10/30 v1.6 Font defs for Latin Modern
)) (/usr/local/texlive/2020/texmf-dist/tex/latex/base/inputenc.sty
Package: inputenc 2018/08/11 v1.3c Input encoding file
\inpenc@prehook=\toks20
\inpenc@posthook=\toks21
) (/usr/local/texlive/2020/texmf-dist/tex/latex/base/textcomp.sty
Package: textcomp 2020/02/02 v2.0n Standard LaTeX package
) (/usr/local/texlive/2020/texmf-dist/tex/latex/upquote/upquote.sty
Package: upquote 2012/04/19 v1.3 upright-quote and grave-accent glyphs in verba
tim
) (/usr/local/texlive/2020/texmf-dist/tex/latex/microtype/microtype.sty
Package: microtype 2019/11/18 v2.7d Micro-typographical refinements (RS)
(/usr/local/texlive/2020/texmf-dist/tex/latex/graphics/keyval.sty
Package: keyval 2014/10/28 v1.15 key=value parser (DPC)
\KV@toks@=\toks22
)
\MT@toks=\toks23
\MT@count=\count187
LaTeX Info: Redefining \textls on input line 790.
\MT@outer@kern=\dimen144
LaTeX Info: Redefining \textmicrotypecontext on input line 1354.
\MT@listname@count=\count188
(/usr/local/texlive/2020/texmf-dist/tex/latex/microtype/microtype-pdftex.def
File: microtype-pdftex.def 2019/11/18 v2.7d Definitions specific to pdftex (RS)

LaTeX Info: Redefining \lsstyle on input line 914.
LaTeX Info: Redefining \lslig on input line 914.
\MT@outer@space=\skip52
)
Package microtype Info: Loading configuration file microtype.cfg.
(/usr/local/texlive/2020/texmf-dist/tex/latex/microtype/microtype.cfg
File: microtype.cfg 2019/11/18 v2.7d microtype main configuration file (RS)
)) (/usr/local/texlive/2020/texmf-dist/tex/latex/parskip/parskip.sty
Package: parskip 2020-01-22 v2.0d non-zero parskip adjustments
(/usr/local/texlive/2020/texmf-dist/tex/latex/kvoptions/kvoptions.sty
Package: kvoptions 2019/11/29 v3.13 Key value format for package options (HO)
(/usr/local/texlive/2020/texmf-dist/tex/generic/ltxcmds/ltxcmds.sty
Package: ltxcmds 2019/12/15 v1.24 LaTeX kernel commands for general use (HO)
) (/usr/local/texlive/2020/texmf-dist/tex/generic/kvsetkeys/kvsetkeys.sty
Package: kvsetkeys 2019/12/15 v1.18 Key value parser (HO)
)) (/usr/local/texlive/2020/texmf-dist/tex/latex/etoolbox/etoolbox.sty
Package: etoolbox 2019/09/21 v2.5h e-TeX tools for LaTeX (JAW)
\etb@tempcnta=\count189
)) (/usr/local/texlive/2020/texmf-dist/tex/latex/xcolor/xcolor.sty
Package: xcolor 2016/05/11 v2.12 LaTeX color extensions (UK)
(/usr/local/texlive/2020/texmf-dist/tex/latex/graphics-cfg/color.cfg
File: color.cfg 2016/01/02 v1.6 sample color configuration
)
Package xcolor Info: Driver file: pdftex.def on input line 225.
(/usr/local/texlive/2020/texmf-dist/tex/latex/graphics-def/pdftex.def
File: pdftex.def 2018/01/08 v1.0l Graphics/color driver for pdftex
)
Package xcolor Info: Model `cmy' substituted by `cmy0' on input line 1348.
Package xcolor Info: Model `hsb' substituted by `rgb' on input line 1352.
Package xcolor Info: Model `RGB' extended on input line 1364.
Package xcolor Info: Model `HTML' substituted by `rgb' on input line 1366.
Package xcolor Info: Model `Hsb' substituted by `hsb' on input line 1367.
Package xcolor Info: Model `tHsb' substituted by `hsb' on input line 1368.
Package xcolor Info: Model `HSB' substituted by `hsb' on input line 1369.
Package xcolor Info: Model `Gray' substituted by `gray' on input line 1370.
Package xcolor Info: Model `wave' substituted by `hsb' on input line 1371.
) (/usr/local/texlive/2020/texmf-dist/tex/latex/xurl/xurl.sty
Package: xurl 2020/01/24 v 0.09 modify URL breaks
(/usr/local/texlive/2020/texmf-dist/tex/latex/url/url.sty
\Urlmuskip=\muskip17
Package: url 2013/09/16  ver 3.4  Verb mode for urls, etc.
)) (/usr/local/texlive/2020/texmf-dist/tex/latex/bookmark/bookmark.sty
Package: bookmark 2019/12/03 v1.28 PDF bookmarks (HO)
(/usr/local/texlive/2020/texmf-dist/tex/latex/hyperref/hyperref.sty
Package: hyperref 2020/01/14 v7.00d Hypertext links for LaTeX
(/usr/local/texlive/2020/texmf-dist/tex/latex/pdftexcmds/pdftexcmds.sty
Package: pdftexcmds 2019/11/24 v0.31 Utility functions of pdfTeX for LuaTeX (HO
)
(/usr/local/texlive/2020/texmf-dist/tex/generic/infwarerr/infwarerr.sty
Package: infwarerr 2019/12/03 v1.5 Providing info/warning/error messages (HO)
)
Package pdftexcmds Info: \pdf@primitive is available.
Package pdftexcmds Info: \pdf@ifprimitive is available.
Package pdftexcmds Info: \pdfdraftmode found.
) (/usr/local/texlive/2020/texmf-dist/tex/generic/kvdefinekeys/kvdefinekeys.sty
Package: kvdefinekeys 2019-12-19 v1.6 Define keys (HO)
) (/usr/local/texlive/2020/texmf-dist/tex/generic/pdfescape/pdfescape.sty
Package: pdfescape 2019/12/09 v1.15 Implements pdfTeX's escape features (HO)
) (/usr/local/texlive/2020/texmf-dist/tex/latex/hycolor/hycolor.sty
Package: hycolor 2020-01-27 v1.10 Color options for hyperref/bookmark (HO)
) (/usr/local/texlive/2020/texmf-dist/tex/latex/letltxmacro/letltxmacro.sty
Package: letltxmacro 2019/12/03 v1.6 Let assignment for LaTeX macros (HO)
) (/usr/local/texlive/2020/texmf-dist/tex/latex/auxhook/auxhook.sty
Package: auxhook 2019-12-17 v1.6 Hooks for auxiliary files (HO)
)
\@linkdim=\dimen145
\Hy@linkcounter=\count190
\Hy@pagecounter=\count191
(/usr/local/texlive/2020/texmf-dist/tex/latex/hyperref/pd1enc.def
File: pd1enc.def 2020/01/14 v7.00d Hyperref: PDFDocEncoding definition (HO)
Now handling font encoding PD1 ...
... no UTF-8 mapping file for font encoding PD1
) (/usr/local/texlive/2020/texmf-dist/tex/generic/intcalc/intcalc.sty
Package: intcalc 2019/12/15 v1.3 Expandable calculations with integers (HO)
) (/usr/local/texlive/2020/texmf-dist/tex/generic/etexcmds/etexcmds.sty
Package: etexcmds 2019/12/15 v1.7 Avoid name clashes with e-TeX commands (HO)
)
\Hy@SavedSpaceFactor=\count192
Package hyperref Info: Option `unicode' set `true' on input line 4421.
(/usr/local/texlive/2020/texmf-dist/tex/latex/hyperref/puenc.def
File: puenc.def 2020/01/14 v7.00d Hyperref: PDF Unicode definition (HO)
Now handling font encoding PU ...
... no UTF-8 mapping file for font encoding PU
)
Package hyperref Info: Hyper figures OFF on input line 4547.
Package hyperref Info: Link nesting OFF on input line 4552.
Package hyperref Info: Hyper index ON on input line 4555.
Package hyperref Info: Plain pages OFF on input line 4562.
Package hyperref Info: Backreferencing OFF on input line 4567.
Package hyperref Info: Implicit mode ON; LaTeX internals redefined.
Package hyperref Info: Bookmarks ON on input line 4800.
\c@Hy@tempcnt=\count193
LaTeX Info: Redefining \url on input line 5159.
\XeTeXLinkMargin=\dimen146
(/usr/local/texlive/2020/texmf-dist/tex/generic/bitset/bitset.sty
Package: bitset 2019/12/09 v1.3 Handle bit-vector datatype (HO)
(/usr/local/texlive/2020/texmf-dist/tex/generic/bigintcalc/bigintcalc.sty
Package: bigintcalc 2019/12/15 v1.5 Expandable calculations on big integers (HO
)
))
\Fld@menulength=\count194
\Field@Width=\dimen147
\Fld@charsize=\dimen148
Package hyperref Info: Hyper figures OFF on input line 6430.
Package hyperref Info: Link nesting OFF on input line 6435.
Package hyperref Info: Hyper index ON on input line 6438.
Package hyperref Info: backreferencing OFF on input line 6445.
Package hyperref Info: Link coloring OFF on input line 6450.
Package hyperref Info: Link coloring with OCG OFF on input line 6455.
Package hyperref Info: PDF/A mode OFF on input line 6460.
LaTeX Info: Redefining \ref on input line 6500.
LaTeX Info: Redefining \pageref on input line 6504.
(/usr/local/texlive/2020/texmf-dist/tex/generic/atbegshi/atbegshi.sty
Package: atbegshi 2019/12/05 v1.19 At begin shipout hook (HO)
)
\Hy@abspage=\count195
\c@Item=\count196
\c@Hfootnote=\count197
)
Package hyperref Info: Driver (autodetected): hpdftex.
(/usr/local/texlive/2020/texmf-dist/tex/latex/hyperref/hpdftex.def
File: hpdftex.def 2020/01/14 v7.00d Hyperref driver for pdfTeX
(/usr/local/texlive/2020/texmf-dist/tex/latex/atveryend/atveryend.sty
Package: atveryend 2019-12-11 v1.11 Hooks at the very end of document (HO)
)
\Fld@listcount=\count198
\c@bookmark@seq@number=\count199

(/usr/local/texlive/2020/texmf-dist/tex/latex/rerunfilecheck/rerunfilecheck.sty
Package: rerunfilecheck 2019/12/05 v1.9 Rerun checks for auxiliary files (HO)

(/usr/local/texlive/2020/texmf-dist/tex/generic/uniquecounter/uniquecounter.sty
Package: uniquecounter 2019/12/15 v1.4 Provide unlimited unique counter (HO)
)
Package uniquecounter Info: New unique counter `rerunfilecheck' on input line 2
86.
)
\Hy@SectionHShift=\skip53
) (/usr/local/texlive/2020/texmf-dist/tex/latex/bookmark/bkm-pdftex.def
File: bkm-pdftex.def 2019/12/03 v1.28 bookmark driver for pdfTeX (HO)
\BKM@id=\count266
)) (/usr/local/texlive/2020/texmf-dist/tex/latex/geometry/geometry.sty
Package: geometry 2020/01/02 v5.9 Page Geometry
(/usr/local/texlive/2020/texmf-dist/tex/generic/iftex/ifvtex.sty
Package: ifvtex 2019/10/25 v1.7 ifvtex legacy package. Use iftex instead.
)
\Gm@cnth=\count267
\Gm@cntv=\count268
\c@Gm@tempcnt=\count269
\Gm@bindingoffset=\dimen149
\Gm@wd@mp=\dimen150
\Gm@odd@mp=\dimen151
\Gm@even@mp=\dimen152
\Gm@layoutwidth=\dimen153
\Gm@layoutheight=\dimen154
\Gm@layouthoffset=\dimen155
\Gm@layoutvoffset=\dimen156
\Gm@dimlist=\toks24
) (/usr/local/texlive/2020/texmf-dist/tex/latex/fancyvrb/fancyvrb.sty
Package: fancyvrb 2020/01/13 v3.5 verbatim text (tvz,hv)
\FV@CodeLineNo=\count270
\FV@InFile=\read2
\FV@TabBox=\box47
\c@FancyVerbLine=\count271
\FV@StepNumber=\count272
\FV@OutFile=\write3
) (/usr/local/texlive/2020/texmf-dist/tex/latex/framed/framed.sty
Package: framed 2011/10/22 v 0.96: framed or shaded text with page breaks
\OuterFrameSep=\skip54
\fb@frw=\dimen157
\fb@frh=\dimen158
\FrameRule=\dimen159
\FrameSep=\dimen160
) (/usr/local/texlive/2020/texmf-dist/tex/latex/tools/longtable.sty
Package: longtable 2020/01/07 v4.13 Multi-page Table package (DPC)
\LTleft=\skip55
\LTright=\skip56
\LTpre=\skip57
\LTpost=\skip58
\LTchunksize=\count273
\LTcapwidth=\dimen161
\LT@head=\box48
\LT@firsthead=\box49
\LT@foot=\box50
\LT@lastfoot=\box51
\LT@cols=\count274
\LT@rows=\count275
\c@LT@tables=\count276
\c@LT@chunks=\count277
\LT@p@ftn=\toks25
) (/usr/local/texlive/2020/texmf-dist/tex/latex/booktabs/booktabs.sty
Package: booktabs 2020/01/12 v1.61803398 Publication quality tables
\heavyrulewidth=\dimen162
\lightrulewidth=\dimen163
\cmidrulewidth=\dimen164
\belowrulesep=\dimen165
\belowbottomsep=\dimen166
\aboverulesep=\dimen167
\abovetopsep=\dimen168
\cmidrulesep=\dimen169
\cmidrulekern=\dimen170
\defaultaddspace=\dimen171
\@cmidla=\count278
\@cmidlb=\count279
\@aboverulesep=\dimen172
\@belowrulesep=\dimen173
\@thisruleclass=\count280
\@lastruleclass=\count281
\@thisrulewidth=\dimen174
) (/usr/local/texlive/2020/texmf-dist/tex/latex/tools/array.sty
Package: array 2019/08/31 v2.4l Tabular extension package (FMi)
\col@sep=\dimen175
\ar@mcellbox=\box52
\extrarowheight=\dimen176
\NC@list=\toks26
\extratabsurround=\skip59
\backup@length=\skip60
\ar@cellbox=\box53
) (/usr/local/texlive/2020/texmf-dist/tex/latex/tools/calc.sty
Package: calc 2017/05/25 v4.3 Infix arithmetic (KKT,FJ)
\calc@Acount=\count282
\calc@Bcount=\count283
\calc@Adimen=\dimen177
\calc@Bdimen=\dimen178
\calc@Askip=\skip61
\calc@Bskip=\skip62
LaTeX Info: Redefining \setlength on input line 80.
LaTeX Info: Redefining \addtolength on input line 81.
\calc@Ccount=\count284
\calc@Cskip=\skip63
) (/usr/local/texlive/2020/texmf-dist/tex/latex/footnotehyper/footnotehyper.sty
Package: footnotehyper 2019/11/07 v1.1a hyperref aware footnote.sty (JFB)
\FNH@notes=\box54
\FNH@width=\dimen179
) (/usr/local/texlive/2020/texmf-dist/tex/latex/graphics/graphicx.sty
Package: graphicx 2019/11/30 v1.2a Enhanced LaTeX Graphics (DPC,SPQR)
(/usr/local/texlive/2020/texmf-dist/tex/latex/graphics/graphics.sty
Package: graphics 2019/11/30 v1.4a Standard LaTeX Graphics (DPC,SPQR)
(/usr/local/texlive/2020/texmf-dist/tex/latex/graphics/trig.sty
Package: trig 2016/01/03 v1.10 sin cos tan (DPC)
) (/usr/local/texlive/2020/texmf-dist/tex/latex/graphics-cfg/graphics.cfg
File: graphics.cfg 2016/06/04 v1.11 sample graphics configuration
)
Package graphics Info: Driver file: pdftex.def on input line 105.
)
\Gin@req@height=\dimen180
\Gin@req@width=\dimen181
) (/usr/local/texlive/2020/texmf-dist/tex/generic/babel/babel.sty
Package: babel 2020/03/22 3.42 The Babel package
(/usr/local/texlive/2020/texmf-dist/tex/generic/babel/switch.def
File: switch.def 2020/03/22 3.42 Babel switching mechanism
) (/usr/local/texlive/2020/texmf-dist/tex/generic/babel-french/french.ldf
Language: french 2020/01/30 v3.5g French support from the babel system
(/usr/local/texlive/2020/texmf-dist/tex/generic/babel/babel.def
File: babel.def 2020/03/22 3.42 Babel common definitions
\babel@savecnt=\count285
\U@D=\dimen182
(/usr/local/texlive/2020/texmf-dist/tex/generic/babel/txtbabel.def)
\bbl@readstream=\read3
\bbl@dirlevel=\count286
)
Package babel Info: \l@acadian = using hyphenrules for french
(babel)             (\language28) on input line 91.
Package babel Info: \l@canadien = using hyphenrules for french
(babel)             (\language28) on input line 92.
\FB@nonchar=\count287
Package babel Info: Making : an active character on input line 419.
Package babel Info: Making ; an active character on input line 420.
Package babel Info: Making ! an active character on input line 421.
Package babel Info: Making ? an active character on input line 422.
\FBguill@level=\count288
\FBold@everypar=\toks27
\FB@Mht=\dimen183
\mc@charclass=\count289
\mc@charfam=\count290
\mc@charslot=\count291
\std@mcc=\count292
\dec@mcc=\count293
\c@FBcaption@count=\count294
\listindentFB=\dimen184
\descindentFB=\dimen185
\labelindentFB=\dimen186
\labelwidthFB=\dimen187
\leftmarginFB=\dimen188
\parindentFFN=\dimen189
\FBfnindent=\dimen190
)) (/usr/local/texlive/2020/texmf-dist/tex/latex/carlisle/scalefnt.sty)
Package hyperref Info: Option `colorlinks' set `true' on input line 127.
(/usr/local/texlive/2020/texmf-dist/tex/latex/sectsty/sectsty.sty
Package: sectsty 2002/02/25 v2.0.2 Commands to change all sectional heading sty
les

LaTeX Warning: Command \underbar  has changed.
               Check if current package is valid.


LaTeX Warning: Command \underline  has changed.
               Check if current package is valid.

) (/usr/local/texlive/2020/texmf-dist/tex/latex/index/index.sty
Package: index 2004/01/20 v4.2beta Improved index support (dmj)
\@indexbox=\insert252
\indexproofstyle=\toks28

LaTeX Warning: Command \markboth  has changed.
               Check if current package is valid.


LaTeX Warning: Command \markright  has changed.
               Check if current package is valid.

)
\idxtitle@code=\toks29
\tf@code=\write4
\openout4 = `TUTU_GRAPHES.adx'.

Package index Info: Writing index file TUTU_GRAPHES.adx on input line 146.
\idxtitle@default=\toks30
\tf@default=\write5
\openout5 = `TUTU_GRAPHES.idx'.

Package index Info: Writing index file TUTU_GRAPHES.idx on input line 156.
(/usr/local/texlive/2020/texmf-dist/tex/latex/enumitem/enumitem.sty
Package: enumitem 2019/06/20 v3.9 Customized lists
\labelindent=\skip64
\enit@outerparindent=\dimen191
\enit@toks=\toks31
\enit@inbox=\box55
\enit@count@id=\count295
\enitdp@description=\count296
) (/usr/local/texlive/2020/texmf-dist/tex/latex/natbib/natbib.sty
Package: natbib 2010/09/13 8.31b (PWD, AO)
\bibhang=\skip65
\bibsep=\skip66
LaTeX Info: Redefining \cite on input line 694.
\c@NAT@ctr=\count297
) (/usr/local/texlive/2020/texmf-dist/tex/latex/amscls/amsthm.sty
Package: amsthm 2017/10/31 v2.20.4
\thm@style=\toks32
\thm@bodyfont=\toks33
\thm@headfont=\toks34
\thm@notefont=\toks35
\thm@headpunct=\toks36
\thm@preskip=\skip67
\thm@postskip=\skip68
\thm@headsep=\skip69
\dth@everypar=\toks37
)
\c@theorem=\count298
\c@lemma=\count299
\c@corollary=\count300
\c@proposition=\count301
\c@conjecture=\count302
\c@definition=\count303
\c@example=\count304
\c@exercise=\count305
\c@hypothesis=\count306
(/usr/local/texlive/2020/texmf-dist/tex/latex/l3backend/l3backend-pdfmode.def
File: l3backend-pdfmode.def 2020-03-12 L3 backend support: PDF mode
\l__kernel_color_stack_int=\count307
\l__pdf_internal_box=\box56
) (./TUTU_GRAPHES.aux)
\openout1 = `TUTU_GRAPHES.aux'.

LaTeX Font Info:    Checking defaults for OML/cmm/m/it on input line 248.
LaTeX Font Info:    ... okay on input line 248.
LaTeX Font Info:    Checking defaults for OMS/cmsy/m/n on input line 248.
LaTeX Font Info:    ... okay on input line 248.
LaTeX Font Info:    Checking defaults for OT1/cmr/m/n on input line 248.
LaTeX Font Info:    ... okay on input line 248.
LaTeX Font Info:    Checking defaults for T1/cmr/m/n on input line 248.
LaTeX Font Info:    ... okay on input line 248.
LaTeX Font Info:    Checking defaults for TS1/cmr/m/n on input line 248.
LaTeX Font Info:    ... okay on input line 248.
LaTeX Font Info:    Checking defaults for OMX/cmex/m/n on input line 248.
LaTeX Font Info:    ... okay on input line 248.
LaTeX Font Info:    Checking defaults for U/cmr/m/n on input line 248.
LaTeX Font Info:    ... okay on input line 248.
LaTeX Font Info:    Checking defaults for PD1/pdf/m/n on input line 248.
LaTeX Font Info:    ... okay on input line 248.
LaTeX Font Info:    Checking defaults for PU/pdf/m/n on input line 248.
LaTeX Font Info:    ... okay on input line 248.
LaTeX Info: Redefining \microtypecontext on input line 248.
Package microtype Info: Generating PDF output.
Package microtype Info: Character protrusion enabled (level 2).
Package microtype Info: Using protrusion set `basicmath'.
Package microtype Info: Automatic font expansion enabled (level 2),
(microtype)             stretch: 20, shrink: 20, step: 1, non-selected.
Package microtype Info: Using default expansion set `basictext'.
LaTeX Info: Redefining \showhyphens on input line 248.
Package microtype Info: No adjustment of tracking.
Package microtype Info: No adjustment of interword spacing.
Package microtype Info: No adjustment of character kerning.
(/usr/local/texlive/2020/texmf-dist/tex/latex/microtype/mt-cmr.cfg
File: mt-cmr.cfg 2013/05/19 v2.2 microtype config. file: Computer Modern Roman 
(RS)
) (/usr/local/texlive/2020/texmf-dist/tex/context/base/mkii/supp-pdf.mkii
[Loading MPS to PDF converter (version 2006.09.02).]
\scratchcounter=\count308
\scratchdimen=\dimen192
\scratchbox=\box57
\nofMPsegments=\count309
\nofMParguments=\count310
\everyMPshowfont=\toks38
\MPscratchCnt=\count311
\MPscratchDim=\dimen193
\MPnumerator=\count312
\makeMPintoPDFobject=\count313
\everyMPtoPDFconversion=\toks39
) (/usr/local/texlive/2020/texmf-dist/tex/latex/epstopdf-pkg/epstopdf-base.sty
Package: epstopdf-base 2020-01-24 v2.11 Base part for package epstopdf
Package epstopdf-base Info: Redefining graphics rule for `.eps' on input line 4
85.
(/usr/local/texlive/2020/texmf-dist/tex/latex/latexconfig/epstopdf-sys.cfg
File: epstopdf-sys.cfg 2010/07/13 v1.3 Configuration of (r)epstopdf for TeX Liv
e
))
\AtBeginShipoutBox=\box58
Package hyperref Info: Link coloring ON on input line 248.
(/usr/local/texlive/2020/texmf-dist/tex/latex/hyperref/nameref.sty
Package: nameref 2019/09/16 v2.46 Cross-referencing by name of section
(/usr/local/texlive/2020/texmf-dist/tex/latex/refcount/refcount.sty
Package: refcount 2019/12/15 v3.6 Data extraction from label references (HO)
)
(/usr/local/texlive/2020/texmf-dist/tex/generic/gettitlestring/gettitlestring.s
ty
Package: gettitlestring 2019/12/15 v1.6 Cleanup title references (HO)
)
\c@section@level=\count314
)
LaTeX Info: Redefining \ref on input line 248.
LaTeX Info: Redefining \pageref on input line 248.
LaTeX Info: Redefining \nameref on input line 248.
*geometry* driver: auto-detecting
*geometry* detected driver: pdftex
*geometry* verbose mode - [ preamble ] result:
* driver: pdftex
* paper: <default>
* layout: <same size as paper>
* layoutoffset:(h,v)=(0.0pt,0.0pt)
* modes: 
* h-part:(L,W,R)=(72.26999pt, 469.75502pt, 72.26999pt)
* v-part:(T,H,B)=(72.26999pt, 650.43001pt, 72.26999pt)
* \paperwidth=614.295pt
* \paperheight=794.96999pt
* \textwidth=469.75502pt
* \textheight=650.43001pt
* \oddsidemargin=0.0pt
* \evensidemargin=0.0pt
* \topmargin=-37.0pt
* \headheight=12.0pt
* \headsep=25.0pt
* \topskip=10.0pt
* \footskip=30.0pt
* \marginparwidth=65.0pt
* \marginparsep=11.0pt
* \columnsep=10.0pt
* \skip\footins=9.0pt plus 4.0pt minus 2.0pt
* \hoffset=0.0pt
* \voffset=0.0pt
* \mag=1000
* \@twocolumnfalse
* \@twosidefalse
* \@mparswitchfalse
* \@reversemarginfalse
* (1in=72.27pt=25.4mm, 1cm=28.453pt)

LaTeX Info: Redefining \degres on input line 248.
LaTeX Info: Redefining \dots on input line 248.

Package french.ldf Warning: Please load the "natbib" package
(french.ldf)                BEFORE babel/french; reported on input line 248.

Package french.ldf Info: Setting StandardItemizeEnv=true for
(french.ldf)             compatibility with enumitem package,
(french.ldf)             reported on input line 248.
Package french.ldf Info: Setting StandardEnumerateEnv=true for
(french.ldf)             compatibility with enumitem package,
(french.ldf)             reported on input line 248.
LaTeX Info: Redefining \up on input line 248.
LaTeX Font Info:    Trying to load font information for OT1+lmr on input line 2
50.
(/usr/local/texlive/2020/texmf-dist/tex/latex/lm/ot1lmr.fd
File: ot1lmr.fd 2009/10/30 v1.6 Font defs for Latin Modern
)
LaTeX Font Info:    Trying to load font information for OML+lmm on input line 2
50.
(/usr/local/texlive/2020/texmf-dist/tex/latex/lm/omllmm.fd
File: omllmm.fd 2009/10/30 v1.6 Font defs for Latin Modern
)
LaTeX Font Info:    Trying to load font information for OMS+lmsy on input line 
250.
(/usr/local/texlive/2020/texmf-dist/tex/latex/lm/omslmsy.fd
File: omslmsy.fd 2009/10/30 v1.6 Font defs for Latin Modern
)
LaTeX Font Info:    Trying to load font information for OMX+lmex on input line 
250.
(/usr/local/texlive/2020/texmf-dist/tex/latex/lm/omxlmex.fd
File: omxlmex.fd 2009/10/30 v1.6 Font defs for Latin Modern
)
LaTeX Font Info:    External font `lmex10' loaded for size
(Font)              <12> on input line 250.
LaTeX Font Info:    External font `lmex10' loaded for size
(Font)              <8> on input line 250.
LaTeX Font Info:    External font `lmex10' loaded for size
(Font)              <6> on input line 250.
LaTeX Font Info:    Trying to load font information for U+msa on input line 250
.
(/usr/local/texlive/2020/texmf-dist/tex/latex/amsfonts/umsa.fd
File: umsa.fd 2013/01/14 v3.01 AMS symbols A
) (/usr/local/texlive/2020/texmf-dist/tex/latex/microtype/mt-msa.cfg
File: mt-msa.cfg 2006/02/04 v1.1 microtype config. file: AMS symbols (a) (RS)
)
LaTeX Font Info:    Trying to load font information for U+msb on input line 250
.
(/usr/local/texlive/2020/texmf-dist/tex/latex/amsfonts/umsb.fd
File: umsb.fd 2013/01/14 v3.01 AMS symbols B
) (/usr/local/texlive/2020/texmf-dist/tex/latex/microtype/mt-msb.cfg
File: mt-msb.cfg 2005/06/01 v1.0 microtype config. file: AMS symbols (b) (RS)
) (./TUTU_GRAPHES.toc
LaTeX Font Info:    Trying to load font information for T1+lmtt on input line 3
.
(/usr/local/texlive/2020/texmf-dist/tex/latex/lm/t1lmtt.fd
File: t1lmtt.fd 2009/10/30 v1.6 Font defs for Latin Modern
)
LaTeX Font Info:    Font shape `T1/lmtt/bx/n' in size <10> not available
(Font)              Font shape `T1/lmtt/b/n' tried instead on input line 3.
LaTeX Font Info:    External font `lmex10' loaded for size
(Font)              <10> on input line 4.
LaTeX Font Info:    External font `lmex10' loaded for size
(Font)              <7> on input line 4.
LaTeX Font Info:    External font `lmex10' loaded for size
(Font)              <5> on input line 4.
)
\tf@toc=\write6
\openout6 = `TUTU_GRAPHES.toc'.

LaTeX Font Info:    Font shape `T1/lmtt/bx/n' in size <14.4> not available
(Font)              Font shape `T1/lmtt/b/n' tried instead on input line 288.
[1

{/usr/local/texlive/2020/texmf-var/fonts/map/pdftex/updmap/pdftex.map}]
<TUTU_GRAPHES_files/figure-latex/unnamed-chunk-7-1.pdf, id=55, 179.67125pt x 17
9.67125pt>
File: TUTU_GRAPHES_files/figure-latex/unnamed-chunk-7-1.pdf Graphic file (type 
pdf)
<use TUTU_GRAPHES_files/figure-latex/unnamed-chunk-7-1.pdf>
Package pdftex.def Info: TUTU_GRAPHES_files/figure-latex/unnamed-chunk-7-1.pdf 
 used on input line 317.
(pdftex.def)             Requested size: 179.6845pt x 179.6845pt.
<TUTU_GRAPHES_files/figure-latex/unnamed-chunk-8-1.pdf, id=56, 189.70876pt x 17
9.67125pt>
File: TUTU_GRAPHES_files/figure-latex/unnamed-chunk-8-1.pdf Graphic file (type 
pdf)
<use TUTU_GRAPHES_files/figure-latex/unnamed-chunk-8-1.pdf>
Package pdftex.def Info: TUTU_GRAPHES_files/figure-latex/unnamed-chunk-8-1.pdf 
 used on input line 328.
(pdftex.def)             Requested size: 189.71117pt x 179.67352pt.
[2 <./TUTU_GRAPHES_files/figure-latex/unnamed-chunk-7-1.pdf>]
<TUTU_GRAPHES_files/figure-latex/unnamed-chunk-9-1.pdf, id=72, 203.76125pt x 17
9.67125pt>
File: TUTU_GRAPHES_files/figure-latex/unnamed-chunk-9-1.pdf Graphic file (type 
pdf)
<use TUTU_GRAPHES_files/figure-latex/unnamed-chunk-9-1.pdf>
Package pdftex.def Info: TUTU_GRAPHES_files/figure-latex/unnamed-chunk-9-1.pdf 
 used on input line 353.
(pdftex.def)             Requested size: 203.77007pt x 179.67902pt.
<TUTU_GRAPHES_files/figure-latex/unnamed-chunk-10-1.pdf, id=73, 179.67125pt x 1
79.67125pt>
File: TUTU_GRAPHES_files/figure-latex/unnamed-chunk-10-1.pdf Graphic file (type
 pdf)
<use TUTU_GRAPHES_files/figure-latex/unnamed-chunk-10-1.pdf>
Package pdftex.def Info: TUTU_GRAPHES_files/figure-latex/unnamed-chunk-10-1.pdf
  used on input line 363.
(pdftex.def)             Requested size: 179.6845pt x 179.6845pt.
[3 <./TUTU_GRAPHES_files/figure-latex/unnamed-chunk-8-1.pdf> <./TUTU_GRAPHES_fi
les/figure-latex/unnamed-chunk-9-1.pdf>]
<TUTU_GRAPHES_files/figure-latex/unnamed-chunk-10-2.pdf, id=92, 179.67125pt x 1
79.67125pt>
File: TUTU_GRAPHES_files/figure-latex/unnamed-chunk-10-2.pdf Graphic file (type
 pdf)
<use TUTU_GRAPHES_files/figure-latex/unnamed-chunk-10-2.pdf>
Package pdftex.def Info: TUTU_GRAPHES_files/figure-latex/unnamed-chunk-10-2.pdf
  used on input line 371.
(pdftex.def)             Requested size: 179.6845pt x 179.6845pt.
<TUTU_GRAPHES_files/figure-latex/unnamed-chunk-11-1.pdf, id=93, 179.67125pt x 1
79.67125pt>
File: TUTU_GRAPHES_files/figure-latex/unnamed-chunk-11-1.pdf Graphic file (type
 pdf)
<use TUTU_GRAPHES_files/figure-latex/unnamed-chunk-11-1.pdf>
Package pdftex.def Info: TUTU_GRAPHES_files/figure-latex/unnamed-chunk-11-1.pdf
  used on input line 381.
(pdftex.def)             Requested size: 179.6845pt x 179.6845pt.
[4 <./TUTU_GRAPHES_files/figure-latex/unnamed-chunk-10-1.pdf> <./TUTU_GRAPHES_f
iles/figure-latex/unnamed-chunk-10-2.pdf> <./TUTU_GRAPHES_files/figure-latex/un
named-chunk-11-1.pdf>]
<TUTU_GRAPHES_files/figure-latex/unnamed-chunk-12-1.pdf, id=119, 179.67125pt x 
179.67125pt>
File: TUTU_GRAPHES_files/figure-latex/unnamed-chunk-12-1.pdf Graphic file (type
 pdf)
<use TUTU_GRAPHES_files/figure-latex/unnamed-chunk-12-1.pdf>
Package pdftex.def Info: TUTU_GRAPHES_files/figure-latex/unnamed-chunk-12-1.pdf
  used on input line 391.
(pdftex.def)             Requested size: 179.6845pt x 179.6845pt.
<TUTU_GRAPHES_files/figure-latex/unnamed-chunk-13-1.pdf, id=120, 179.67125pt x 
179.67125pt>
File: TUTU_GRAPHES_files/figure-latex/unnamed-chunk-13-1.pdf Graphic file (type
 pdf)
<use TUTU_GRAPHES_files/figure-latex/unnamed-chunk-13-1.pdf>
Package pdftex.def Info: TUTU_GRAPHES_files/figure-latex/unnamed-chunk-13-1.pdf
  used on input line 401.
(pdftex.def)             Requested size: 179.6845pt x 179.6845pt.
<TUTU_GRAPHES_files/figure-latex/unnamed-chunk-14-1.pdf, id=121, 179.67125pt x 
179.67125pt>
File: TUTU_GRAPHES_files/figure-latex/unnamed-chunk-14-1.pdf Graphic file (type
 pdf)
<use TUTU_GRAPHES_files/figure-latex/unnamed-chunk-14-1.pdf>
Package pdftex.def Info: TUTU_GRAPHES_files/figure-latex/unnamed-chunk-14-1.pdf
  used on input line 414.
(pdftex.def)             Requested size: 179.6845pt x 179.6845pt.
[5 <./TUTU_GRAPHES_files/figure-latex/unnamed-chunk-12-1.pdf> <./TUTU_GRAPHES_f
iles/figure-latex/unnamed-chunk-13-1.pdf>]
<TUTU_GRAPHES_files/figure-latex/unnamed-chunk-14-2.pdf, id=142, 179.67125pt x 
179.67125pt>
File: TUTU_GRAPHES_files/figure-latex/unnamed-chunk-14-2.pdf Graphic file (type
 pdf)
<use TUTU_GRAPHES_files/figure-latex/unnamed-chunk-14-2.pdf>
Package pdftex.def Info: TUTU_GRAPHES_files/figure-latex/unnamed-chunk-14-2.pdf
  used on input line 422.
(pdftex.def)             Requested size: 179.6845pt x 179.6845pt.
<TUTU_GRAPHES_files/figure-latex/unnamed-chunk-14-3.pdf, id=143, 179.67125pt x 
179.67125pt>
File: TUTU_GRAPHES_files/figure-latex/unnamed-chunk-14-3.pdf Graphic file (type
 pdf)
<use TUTU_GRAPHES_files/figure-latex/unnamed-chunk-14-3.pdf>
Package pdftex.def Info: TUTU_GRAPHES_files/figure-latex/unnamed-chunk-14-3.pdf
  used on input line 430.
(pdftex.def)             Requested size: 179.6845pt x 179.6845pt.
[6 <./TUTU_GRAPHES_files/figure-latex/unnamed-chunk-14-1.pdf> <./TUTU_GRAPHES_f
iles/figure-latex/unnamed-chunk-14-2.pdf> <./TUTU_GRAPHES_files/figure-latex/un
named-chunk-14-3.pdf>]
LaTeX Font Info:    Trying to load font information for TS1+lmtt on input line 
466.
(/usr/local/texlive/2020/texmf-dist/tex/latex/lm/ts1lmtt.fd
File: ts1lmtt.fd 2009/10/30 v1.6 Font defs for Latin Modern
)
<TUTU_GRAPHES_files/figure-latex/unnamed-chunk-17-1.pdf, id=172, 185.69376pt x 
182.6825pt>
File: TUTU_GRAPHES_files/figure-latex/unnamed-chunk-17-1.pdf Graphic file (type
 pdf)
<use TUTU_GRAPHES_files/figure-latex/unnamed-chunk-17-1.pdf>
Package pdftex.def Info: TUTU_GRAPHES_files/figure-latex/unnamed-chunk-17-1.pdf
  used on input line 500.
(pdftex.def)             Requested size: 185.69896pt x 182.6876pt.
[7]
<TUTU_GRAPHES_files/figure-latex/unnamed-chunk-20-1.pdf, id=186, 181.67876pt x 
179.67125pt>
File: TUTU_GRAPHES_files/figure-latex/unnamed-chunk-20-1.pdf Graphic file (type
 pdf)
<use TUTU_GRAPHES_files/figure-latex/unnamed-chunk-20-1.pdf>
Package pdftex.def Info: TUTU_GRAPHES_files/figure-latex/unnamed-chunk-20-1.pdf
  used on input line 553.
(pdftex.def)             Requested size: 181.68384pt x 179.67627pt.
[8 <./TUTU_GRAPHES_files/figure-latex/unnamed-chunk-17-1.pdf>]
<TUTU_GRAPHES_files/figure-latex/unnamed-chunk-22-1.pdf, id=201, 217.81375pt x 
179.67125pt>
File: TUTU_GRAPHES_files/figure-latex/unnamed-chunk-22-1.pdf Graphic file (type
 pdf)
<use TUTU_GRAPHES_files/figure-latex/unnamed-chunk-22-1.pdf>
Package pdftex.def Info: TUTU_GRAPHES_files/figure-latex/unnamed-chunk-22-1.pdf
  used on input line 572.
(pdftex.def)             Requested size: 217.8132pt x 179.67079pt.
[9 <./TUTU_GRAPHES_files/figure-latex/unnamed-chunk-20-1.pdf> <./TUTU_GRAPHES_f
iles/figure-latex/unnamed-chunk-22-1.pdf>]
<TUTU_GRAPHES_files/figure-latex/unnamed-chunk-24-1.pdf, id=223, 179.67125pt x 
179.67125pt>
File: TUTU_GRAPHES_files/figure-latex/unnamed-chunk-24-1.pdf Graphic file (type
 pdf)
<use TUTU_GRAPHES_files/figure-latex/unnamed-chunk-24-1.pdf>
Package pdftex.def Info: TUTU_GRAPHES_files/figure-latex/unnamed-chunk-24-1.pdf
  used on input line 603.
(pdftex.def)             Requested size: 179.6845pt x 179.6845pt.
<TUTU_GRAPHES_files/figure-latex/unnamed-chunk-26-1.pdf, id=225, 179.67125pt x 
179.67125pt>
File: TUTU_GRAPHES_files/figure-latex/unnamed-chunk-26-1.pdf Graphic file (type
 pdf)
<use TUTU_GRAPHES_files/figure-latex/unnamed-chunk-26-1.pdf>
Package pdftex.def Info: TUTU_GRAPHES_files/figure-latex/unnamed-chunk-26-1.pdf
  used on input line 636.
(pdftex.def)             Requested size: 179.6845pt x 179.6845pt.
[10 <./TUTU_GRAPHES_files/figure-latex/unnamed-chunk-24-1.pdf>]
<TUTU_GRAPHES_files/figure-latex/unnamed-chunk-26-2.pdf, id=240, 179.67125pt x 
179.67125pt>
File: TUTU_GRAPHES_files/figure-latex/unnamed-chunk-26-2.pdf Graphic file (type
 pdf)
<use TUTU_GRAPHES_files/figure-latex/unnamed-chunk-26-2.pdf>
Package pdftex.def Info: TUTU_GRAPHES_files/figure-latex/unnamed-chunk-26-2.pdf
  used on input line 644.
(pdftex.def)             Requested size: 179.6845pt x 179.6845pt.
<TUTU_GRAPHES_files/figure-latex/unnamed-chunk-26-3.pdf, id=241, 179.67125pt x 
179.67125pt>
File: TUTU_GRAPHES_files/figure-latex/unnamed-chunk-26-3.pdf Graphic file (type
 pdf)
<use TUTU_GRAPHES_files/figure-latex/unnamed-chunk-26-3.pdf>
Package pdftex.def Info: TUTU_GRAPHES_files/figure-latex/unnamed-chunk-26-3.pdf
  used on input line 652.
(pdftex.def)             Requested size: 179.6845pt x 179.6845pt.
[11 <./TUTU_GRAPHES_files/figure-latex/unnamed-chunk-26-1.pdf> <./TUTU_GRAPHES_
files/figure-latex/unnamed-chunk-26-2.pdf> <./TUTU_GRAPHES_files/figure-latex/u
nnamed-chunk-26-3.pdf>]
<TUTU_GRAPHES_files/figure-latex/unnamed-chunk-26-4.pdf, id=267, 179.67125pt x 
179.67125pt>
File: TUTU_GRAPHES_files/figure-latex/unnamed-chunk-26-4.pdf Graphic file (type
 pdf)
<use TUTU_GRAPHES_files/figure-latex/unnamed-chunk-26-4.pdf>
Package pdftex.def Info: TUTU_GRAPHES_files/figure-latex/unnamed-chunk-26-4.pdf
  used on input line 660.
(pdftex.def)             Requested size: 179.6845pt x 179.6845pt.
<TUTU_GRAPHES_files/figure-latex/unnamed-chunk-27-1.pdf, id=269, 179.67125pt x 
179.67125pt>
File: TUTU_GRAPHES_files/figure-latex/unnamed-chunk-27-1.pdf Graphic file (type
 pdf)
<use TUTU_GRAPHES_files/figure-latex/unnamed-chunk-27-1.pdf>
Package pdftex.def Info: TUTU_GRAPHES_files/figure-latex/unnamed-chunk-27-1.pdf
  used on input line 670.
(pdftex.def)             Requested size: 179.6845pt x 179.6845pt.
<TUTU_GRAPHES_files/figure-latex/unnamed-chunk-27-2.pdf, id=270, 179.67125pt x 
179.67125pt>
File: TUTU_GRAPHES_files/figure-latex/unnamed-chunk-27-2.pdf Graphic file (type
 pdf)
<use TUTU_GRAPHES_files/figure-latex/unnamed-chunk-27-2.pdf>
Package pdftex.def Info: TUTU_GRAPHES_files/figure-latex/unnamed-chunk-27-2.pdf
  used on input line 678.
(pdftex.def)             Requested size: 179.6845pt x 179.6845pt.
[12 <./TUTU_GRAPHES_files/figure-latex/unnamed-chunk-26-4.pdf> <./TUTU_GRAPHES_
files/figure-latex/unnamed-chunk-27-1.pdf>]
<TUTU_GRAPHES_files/figure-latex/unnamed-chunk-29-1.pdf, id=289, 179.67125pt x 
179.67125pt>
File: TUTU_GRAPHES_files/figure-latex/unnamed-chunk-29-1.pdf Graphic file (type
 pdf)
<use TUTU_GRAPHES_files/figure-latex/unnamed-chunk-29-1.pdf>
Package pdftex.def Info: TUTU_GRAPHES_files/figure-latex/unnamed-chunk-29-1.pdf
  used on input line 711.
(pdftex.def)             Requested size: 179.6845pt x 179.6845pt.
[13 <./TUTU_GRAPHES_files/figure-latex/unnamed-chunk-27-2.pdf> <./TUTU_GRAPHES_
files/figure-latex/unnamed-chunk-29-1.pdf>]
<TUTU_GRAPHES_files/figure-latex/unnamed-chunk-33-1.pdf, id=312, 179.67125pt x 
179.67125pt>
File: TUTU_GRAPHES_files/figure-latex/unnamed-chunk-33-1.pdf Graphic file (type
 pdf)
<use TUTU_GRAPHES_files/figure-latex/unnamed-chunk-33-1.pdf>
Package pdftex.def Info: TUTU_GRAPHES_files/figure-latex/unnamed-chunk-33-1.pdf
  used on input line 768.
(pdftex.def)             Requested size: 179.6845pt x 179.6845pt.

Underfull \hbox (badness 10000) in paragraph at lines 773--774

 []

[14 <./TUTU_GRAPHES_files/figure-latex/unnamed-chunk-33-1.pdf>]
<TUTU_GRAPHES_files/figure-latex/unnamed-chunk-34-1.pdf, id=324, 179.67125pt x 
179.67125pt>
File: TUTU_GRAPHES_files/figure-latex/unnamed-chunk-34-1.pdf Graphic file (type
 pdf)
<use TUTU_GRAPHES_files/figure-latex/unnamed-chunk-34-1.pdf>
Package pdftex.def Info: TUTU_GRAPHES_files/figure-latex/unnamed-chunk-34-1.pdf
  used on input line 787.
(pdftex.def)             Requested size: 179.6845pt x 179.6845pt.
<TUTU_GRAPHES_files/figure-latex/unnamed-chunk-35-1.pdf, id=325, 179.67125pt x 
179.67125pt>
File: TUTU_GRAPHES_files/figure-latex/unnamed-chunk-35-1.pdf Graphic file (type
 pdf)
<use TUTU_GRAPHES_files/figure-latex/unnamed-chunk-35-1.pdf>
Package pdftex.def Info: TUTU_GRAPHES_files/figure-latex/unnamed-chunk-35-1.pdf
  used on input line 798.
(pdftex.def)             Requested size: 179.6845pt x 179.6845pt.
<TUTU_GRAPHES_files/figure-latex/unnamed-chunk-36-1.pdf, id=326, 179.67125pt x 
179.67125pt>
File: TUTU_GRAPHES_files/figure-latex/unnamed-chunk-36-1.pdf Graphic file (type
 pdf)
<use TUTU_GRAPHES_files/figure-latex/unnamed-chunk-36-1.pdf>
Package pdftex.def Info: TUTU_GRAPHES_files/figure-latex/unnamed-chunk-36-1.pdf
  used on input line 809.
(pdftex.def)             Requested size: 179.6845pt x 179.6845pt.
[15 <./TUTU_GRAPHES_files/figure-latex/unnamed-chunk-34-1.pdf> <./TUTU_GRAPHES_
files/figure-latex/unnamed-chunk-35-1.pdf>]
<TUTU_GRAPHES_files/figure-latex/unnamed-chunk-37-1.pdf, id=350, 179.67125pt x 
179.67125pt>
File: TUTU_GRAPHES_files/figure-latex/unnamed-chunk-37-1.pdf Graphic file (type
 pdf)
<use TUTU_GRAPHES_files/figure-latex/unnamed-chunk-37-1.pdf>
Package pdftex.def Info: TUTU_GRAPHES_files/figure-latex/unnamed-chunk-37-1.pdf
  used on input line 822.
(pdftex.def)             Requested size: 179.6845pt x 179.6845pt.
[16 <./TUTU_GRAPHES_files/figure-latex/unnamed-chunk-36-1.pdf> <./TUTU_GRAPHES_
files/figure-latex/unnamed-chunk-37-1.pdf>]
<TUTU_GRAPHES_files/figure-latex/unnamed-chunk-41-1.pdf, id=373, 417.56pt x 354
.32375pt>
File: TUTU_GRAPHES_files/figure-latex/unnamed-chunk-41-1.pdf Graphic file (type
 pdf)
<use TUTU_GRAPHES_files/figure-latex/unnamed-chunk-41-1.pdf>
Package pdftex.def Info: TUTU_GRAPHES_files/figure-latex/unnamed-chunk-41-1.pdf
  used on input line 914.
(pdftex.def)             Requested size: 417.56532pt x 354.32828pt.
[17]
<TUTU_GRAPHES_files/figure-latex/unnamed-chunk-43-1.pdf, id=378, 405.515pt x 39
2.46625pt>
File: TUTU_GRAPHES_files/figure-latex/unnamed-chunk-43-1.pdf Graphic file (type
 pdf)
<use TUTU_GRAPHES_files/figure-latex/unnamed-chunk-43-1.pdf>
Package pdftex.def Info: TUTU_GRAPHES_files/figure-latex/unnamed-chunk-43-1.pdf
  used on input line 931.
(pdftex.def)             Requested size: 405.52637pt x 392.47723pt.
[18 <./TUTU_GRAPHES_files/figure-latex/unnamed-chunk-41-1.pdf>] [19 <./TUTU_GRA
PHES_files/figure-latex/unnamed-chunk-43-1.pdf>] [20]
<TUTU_GRAPHES_files/figure-latex/unnamed-chunk-58-1.pdf, id=415, 459.7175pt x 3
15.1775pt>
File: TUTU_GRAPHES_files/figure-latex/unnamed-chunk-58-1.pdf Graphic file (type
 pdf)
<use TUTU_GRAPHES_files/figure-latex/unnamed-chunk-58-1.pdf>
Package pdftex.def Info: TUTU_GRAPHES_files/figure-latex/unnamed-chunk-58-1.pdf
  used on input line 1074.
(pdftex.def)             Requested size: 444.78203pt x 304.9379pt.
<TUTU_GRAPHES_files/figure-latex/unnamed-chunk-60-1.pdf, id=416, 459.7175pt x 3
15.1775pt>
File: TUTU_GRAPHES_files/figure-latex/unnamed-chunk-60-1.pdf Graphic file (type
 pdf)
<use TUTU_GRAPHES_files/figure-latex/unnamed-chunk-60-1.pdf>
Package pdftex.def Info: TUTU_GRAPHES_files/figure-latex/unnamed-chunk-60-1.pdf
  used on input line 1088.
(pdftex.def)             Requested size: 444.78203pt x 304.9379pt.
[21 <./TUTU_GRAPHES_files/figure-latex/unnamed-chunk-58-1.pdf>] [22 <./TUTU_GRA
PHES_files/figure-latex/unnamed-chunk-60-1.pdf>]
<TUTU_GRAPHES_files/figure-latex/unnamed-chunk-63-1.pdf, id=440, 179.67125pt x 
179.67125pt>
File: TUTU_GRAPHES_files/figure-latex/unnamed-chunk-63-1.pdf Graphic file (type
 pdf)
<use TUTU_GRAPHES_files/figure-latex/unnamed-chunk-63-1.pdf>
Package pdftex.def Info: TUTU_GRAPHES_files/figure-latex/unnamed-chunk-63-1.pdf
  used on input line 1142.
(pdftex.def)             Requested size: 179.6845pt x 179.6845pt.
<TUTU_GRAPHES_files/figure-latex/unnamed-chunk-66-1.pdf, id=441, 179.67125pt x 
179.67125pt>
File: TUTU_GRAPHES_files/figure-latex/unnamed-chunk-66-1.pdf Graphic file (type
 pdf)
<use TUTU_GRAPHES_files/figure-latex/unnamed-chunk-66-1.pdf>
Package pdftex.def Info: TUTU_GRAPHES_files/figure-latex/unnamed-chunk-66-1.pdf
  used on input line 1200.
(pdftex.def)             Requested size: 179.6845pt x 179.6845pt.
[23 <./TUTU_GRAPHES_files/figure-latex/unnamed-chunk-63-1.pdf>] [24 <./TUTU_GRA
PHES_files/figure-latex/unnamed-chunk-66-1.pdf>]
<TUTU_GRAPHES_files/figure-latex/unnamed-chunk-74-1.pdf, id=473, 965.6075pt x 4
77.785pt>
File: TUTU_GRAPHES_files/figure-latex/unnamed-chunk-74-1.pdf Graphic file (type
 pdf)
<use TUTU_GRAPHES_files/figure-latex/unnamed-chunk-74-1.pdf>
Package pdftex.def Info: TUTU_GRAPHES_files/figure-latex/unnamed-chunk-74-1.pdf
  used on input line 1294.
(pdftex.def)             Requested size: 469.74828pt x 232.43262pt.
<TUTU_GRAPHES_files/figure-latex/unnamed-chunk-75-1.pdf, id=474, 965.6075pt x 4
77.785pt>
File: TUTU_GRAPHES_files/figure-latex/unnamed-chunk-75-1.pdf Graphic file (type
 pdf)
<use TUTU_GRAPHES_files/figure-latex/unnamed-chunk-75-1.pdf>
Package pdftex.def Info: TUTU_GRAPHES_files/figure-latex/unnamed-chunk-75-1.pdf
  used on input line 1302.
(pdftex.def)             Requested size: 469.74828pt x 232.43262pt.
[25 <./TUTU_GRAPHES_files/figure-latex/unnamed-chunk-74-1.pdf>]
<TUTU_GRAPHES_files/figure-latex/unnamed-chunk-76-1.pdf, id=492, 965.6075pt x 5
09.905pt>
File: TUTU_GRAPHES_files/figure-latex/unnamed-chunk-76-1.pdf Graphic file (type
 pdf)
<use TUTU_GRAPHES_files/figure-latex/unnamed-chunk-76-1.pdf>
Package pdftex.def Info: TUTU_GRAPHES_files/figure-latex/unnamed-chunk-76-1.pdf
  used on input line 1311.
(pdftex.def)             Requested size: 469.74828pt x 248.05833pt.

Underfull \hbox (badness 10000) in paragraph at lines 1313--1314

 []

<TUTU_GRAPHES_files/figure-latex/unnamed-chunk-77-1.pdf, id=493, 965.6075pt x 5
00.87125pt>
File: TUTU_GRAPHES_files/figure-latex/unnamed-chunk-77-1.pdf Graphic file (type
 pdf)
<use TUTU_GRAPHES_files/figure-latex/unnamed-chunk-77-1.pdf>
Package pdftex.def Info: TUTU_GRAPHES_files/figure-latex/unnamed-chunk-77-1.pdf
  used on input line 1321.
(pdftex.def)             Requested size: 469.74828pt x 243.66359pt.
[26 <./TUTU_GRAPHES_files/figure-latex/unnamed-chunk-75-1.pdf> <./TUTU_GRAPHES_
files/figure-latex/unnamed-chunk-76-1.pdf>] [27 <./TUTU_GRAPHES_files/figure-la
tex/unnamed-chunk-77-1.pdf>]
<TUTU_GRAPHES_files/figure-latex/unnamed-chunk-80-1.pdf, id=551, 226.8475pt x 1
80.675pt>
File: TUTU_GRAPHES_files/figure-latex/unnamed-chunk-80-1.pdf Graphic file (type
 pdf)
<use TUTU_GRAPHES_files/figure-latex/unnamed-chunk-80-1.pdf>
Package pdftex.def Info: TUTU_GRAPHES_files/figure-latex/unnamed-chunk-80-1.pdf
  used on input line 1375.
(pdftex.def)             Requested size: 226.84694pt x 180.67455pt.
<TUTU_GRAPHES_files/figure-latex/unnamed-chunk-81-1.pdf, id=552, 965.6075pt x 4
77.785pt>
File: TUTU_GRAPHES_files/figure-latex/unnamed-chunk-81-1.pdf Graphic file (type
 pdf)
<use TUTU_GRAPHES_files/figure-latex/unnamed-chunk-81-1.pdf>
Package pdftex.def Info: TUTU_GRAPHES_files/figure-latex/unnamed-chunk-81-1.pdf
  used on input line 1389.
(pdftex.def)             Requested size: 444.75948pt x 220.06808pt.
<TUTU_GRAPHES_files/figure-latex/unnamed-chunk-82-1.pdf, id=553, 965.6075pt x 5
00.87125pt>
File: TUTU_GRAPHES_files/figure-latex/unnamed-chunk-82-1.pdf Graphic file (type
 pdf)
<use TUTU_GRAPHES_files/figure-latex/unnamed-chunk-82-1.pdf>
Package pdftex.def Info: TUTU_GRAPHES_files/figure-latex/unnamed-chunk-82-1.pdf
  used on input line 1401.
(pdftex.def)             Requested size: 444.75948pt x 230.70163pt.
[28 <./TUTU_GRAPHES_files/figure-latex/unnamed-chunk-80-1.pdf> <./TUTU_GRAPHES_
files/figure-latex/unnamed-chunk-81-1.pdf>]
<TUTU_GRAPHES_files/figure-latex/unnamed-chunk-84-1.pdf, id=576, 965.6075pt x 5
00.87125pt>
File: TUTU_GRAPHES_files/figure-latex/unnamed-chunk-84-1.pdf Graphic file (type
 pdf)
<use TUTU_GRAPHES_files/figure-latex/unnamed-chunk-84-1.pdf>
Package pdftex.def Info: TUTU_GRAPHES_files/figure-latex/unnamed-chunk-84-1.pdf
  used on input line 1419.
(pdftex.def)             Requested size: 444.75948pt x 230.70163pt.
[29 <./TUTU_GRAPHES_files/figure-latex/unnamed-chunk-82-1.pdf> <./TUTU_GRAPHES_
files/figure-latex/unnamed-chunk-84-1.pdf>]
<TUTU_GRAPHES_files/figure-latex/unnamed-chunk-86-1.pdf, id=622, 965.6075pt x 5
00.87125pt>
File: TUTU_GRAPHES_files/figure-latex/unnamed-chunk-86-1.pdf Graphic file (type
 pdf)
<use TUTU_GRAPHES_files/figure-latex/unnamed-chunk-86-1.pdf>
Package pdftex.def Info: TUTU_GRAPHES_files/figure-latex/unnamed-chunk-86-1.pdf
  used on input line 1435.
(pdftex.def)             Requested size: 444.75948pt x 230.70163pt.
<TUTU_GRAPHES_files/figure-latex/unnamed-chunk-88-1.pdf, id=624, 179.67125pt x 
179.67125pt>
File: TUTU_GRAPHES_files/figure-latex/unnamed-chunk-88-1.pdf Graphic file (type
 pdf)
<use TUTU_GRAPHES_files/figure-latex/unnamed-chunk-88-1.pdf>
Package pdftex.def Info: TUTU_GRAPHES_files/figure-latex/unnamed-chunk-88-1.pdf
  used on input line 1461.
(pdftex.def)             Requested size: 179.6845pt x 179.6845pt.
[30 <./TUTU_GRAPHES_files/figure-latex/unnamed-chunk-86-1.pdf>]
<TUTU_GRAPHES_files/figure-latex/unnamed-chunk-90-1.pdf, id=650, 460.72125pt x 
316.18124pt>
File: TUTU_GRAPHES_files/figure-latex/unnamed-chunk-90-1.pdf Graphic file (type
 pdf)
<use TUTU_GRAPHES_files/figure-latex/unnamed-chunk-90-1.pdf>
Package pdftex.def Info: TUTU_GRAPHES_files/figure-latex/unnamed-chunk-90-1.pdf
  used on input line 1479.
(pdftex.def)             Requested size: 460.72012pt x 316.18047pt.
<TUTU_GRAPHES_files/figure-latex/unnamed-chunk-90-2.pdf, id=651, 460.72125pt x 
316.18124pt>
File: TUTU_GRAPHES_files/figure-latex/unnamed-chunk-90-2.pdf Graphic file (type
 pdf)
<use TUTU_GRAPHES_files/figure-latex/unnamed-chunk-90-2.pdf>
Package pdftex.def Info: TUTU_GRAPHES_files/figure-latex/unnamed-chunk-90-2.pdf
  used on input line 1487.
(pdftex.def)             Requested size: 460.72012pt x 316.18047pt.
[31 <./TUTU_GRAPHES_files/figure-latex/unnamed-chunk-88-1.pdf> <./TUTU_GRAPHES_
files/figure-latex/unnamed-chunk-90-1.pdf>]
<TUTU_GRAPHES_files/figure-latex/unnamed-chunk-91-1.pdf, id=669, 460.72125pt x 
316.18124pt>
File: TUTU_GRAPHES_files/figure-latex/unnamed-chunk-91-1.pdf Graphic file (type
 pdf)
<use TUTU_GRAPHES_files/figure-latex/unnamed-chunk-91-1.pdf>
Package pdftex.def Info: TUTU_GRAPHES_files/figure-latex/unnamed-chunk-91-1.pdf
  used on input line 1497.
(pdftex.def)             Requested size: 460.72012pt x 316.18047pt.
[32 <./TUTU_GRAPHES_files/figure-latex/unnamed-chunk-90-2.pdf>]
<TUTU_GRAPHES_files/figure-latex/unnamed-chunk-92-1.pdf, id=679, 460.72125pt x 
316.18124pt>
File: TUTU_GRAPHES_files/figure-latex/unnamed-chunk-92-1.pdf Graphic file (type
 pdf)
<use TUTU_GRAPHES_files/figure-latex/unnamed-chunk-92-1.pdf>
Package pdftex.def Info: TUTU_GRAPHES_files/figure-latex/unnamed-chunk-92-1.pdf
  used on input line 1505.
(pdftex.def)             Requested size: 460.72012pt x 316.18047pt.
[33 <./TUTU_GRAPHES_files/figure-latex/unnamed-chunk-91-1.pdf>]
<TUTU_GRAPHES_files/figure-latex/unnamed-chunk-93-1.pdf, id=689, 372.39125pt x 
136.51pt>
File: TUTU_GRAPHES_files/figure-latex/unnamed-chunk-93-1.pdf Graphic file (type
 pdf)
<use TUTU_GRAPHES_files/figure-latex/unnamed-chunk-93-1.pdf>
Package pdftex.def Info: TUTU_GRAPHES_files/figure-latex/unnamed-chunk-93-1.pdf
  used on input line 1544.
(pdftex.def)             Requested size: 372.40169pt x 136.51382pt.
[34 <./TUTU_GRAPHES_files/figure-latex/unnamed-chunk-92-1.pdf>]
<TUTU_GRAPHES_files/figure-latex/unnamed-chunk-94-1.pdf, id=703, 453.695pt x 31
5.1775pt>
File: TUTU_GRAPHES_files/figure-latex/unnamed-chunk-94-1.pdf Graphic file (type
 pdf)
<use TUTU_GRAPHES_files/figure-latex/unnamed-chunk-94-1.pdf>
Package pdftex.def Info: TUTU_GRAPHES_files/figure-latex/unnamed-chunk-94-1.pdf
  used on input line 1571.
(pdftex.def)             Requested size: 453.6939pt x 315.17673pt.
[35 <./TUTU_GRAPHES_files/figure-latex/unnamed-chunk-93-1.pdf>]
<TUTU_GRAPHES_files/figure-latex/unnamed-chunk-96-1.pdf, id=719, 459.7175pt x 3
15.1775pt>
File: TUTU_GRAPHES_files/figure-latex/unnamed-chunk-96-1.pdf Graphic file (type
 pdf)
<use TUTU_GRAPHES_files/figure-latex/unnamed-chunk-96-1.pdf>
Package pdftex.def Info: TUTU_GRAPHES_files/figure-latex/unnamed-chunk-96-1.pdf
  used on input line 1598.
(pdftex.def)             Requested size: 444.78203pt x 304.9379pt.
[36 <./TUTU_GRAPHES_files/figure-latex/unnamed-chunk-94-1.pdf>]
<TUTU_GRAPHES_files/figure-latex/unnamed-chunk-99-1.pdf, id=734, 453.695pt x 31
5.1775pt>
File: TUTU_GRAPHES_files/figure-latex/unnamed-chunk-99-1.pdf Graphic file (type
 pdf)
<use TUTU_GRAPHES_files/figure-latex/unnamed-chunk-99-1.pdf>
Package pdftex.def Info: TUTU_GRAPHES_files/figure-latex/unnamed-chunk-99-1.pdf
  used on input line 1628.
(pdftex.def)             Requested size: 444.75653pt x 308.96802pt.
[37 <./TUTU_GRAPHES_files/figure-latex/unnamed-chunk-96-1.pdf>]
<TUTU_GRAPHES_files/figure-latex/unnamed-chunk-101-1.pdf, id=751, 179.67125pt x
 179.67125pt>
File: TUTU_GRAPHES_files/figure-latex/unnamed-chunk-101-1.pdf Graphic file (typ
e pdf)
<use TUTU_GRAPHES_files/figure-latex/unnamed-chunk-101-1.pdf>
Package pdftex.def Info: TUTU_GRAPHES_files/figure-latex/unnamed-chunk-101-1.pd
f  used on input line 1659.
(pdftex.def)             Requested size: 179.6845pt x 179.6845pt.
[38 <./TUTU_GRAPHES_files/figure-latex/unnamed-chunk-99-1.pdf>]
<TUTU_GRAPHES_files/figure-latex/unnamed-chunk-103-1.pdf, id=766, 436.63126pt x
 256.96pt>
File: TUTU_GRAPHES_files/figure-latex/unnamed-chunk-103-1.pdf Graphic file (typ
e pdf)
<use TUTU_GRAPHES_files/figure-latex/unnamed-chunk-103-1.pdf>
Package pdftex.def Info: TUTU_GRAPHES_files/figure-latex/unnamed-chunk-103-1.pd
f  used on input line 1689.
(pdftex.def)             Requested size: 436.63019pt x 256.95937pt.
<TUTU_GRAPHES_files/figure-latex/unnamed-chunk-103-2.pdf, id=767, 436.63126pt x
 251.94125pt>
File: TUTU_GRAPHES_files/figure-latex/unnamed-chunk-103-2.pdf Graphic file (typ
e pdf)
<use TUTU_GRAPHES_files/figure-latex/unnamed-chunk-103-2.pdf>
Package pdftex.def Info: TUTU_GRAPHES_files/figure-latex/unnamed-chunk-103-2.pd
f  used on input line 1691.
(pdftex.def)             Requested size: 436.63019pt x 251.94063pt.
[39 <./TUTU_GRAPHES_files/figure-latex/unnamed-chunk-101-1.pdf> <./TUTU_GRAPHES
_files/figure-latex/unnamed-chunk-103-1.pdf>]
<TUTU_GRAPHES_files/figure-latex/unnamed-chunk-103-3.pdf, id=790, 436.63126pt x
 248.93pt>
File: TUTU_GRAPHES_files/figure-latex/unnamed-chunk-103-3.pdf Graphic file (typ
e pdf)
<use TUTU_GRAPHES_files/figure-latex/unnamed-chunk-103-3.pdf>
Package pdftex.def Info: TUTU_GRAPHES_files/figure-latex/unnamed-chunk-103-3.pd
f  used on input line 1693.
(pdftex.def)             Requested size: 436.63019pt x 248.92938pt.
<TUTU_GRAPHES_files/figure-latex/unnamed-chunk-103-4.pdf, id=791, 436.63126pt x
 248.93pt>
File: TUTU_GRAPHES_files/figure-latex/unnamed-chunk-103-4.pdf Graphic file (typ
e pdf)
<use TUTU_GRAPHES_files/figure-latex/unnamed-chunk-103-4.pdf>
Package pdftex.def Info: TUTU_GRAPHES_files/figure-latex/unnamed-chunk-103-4.pd
f  used on input line 1695.
(pdftex.def)             Requested size: 436.63019pt x 248.92938pt.
[40 <./TUTU_GRAPHES_files/figure-latex/unnamed-chunk-103-2.pdf> <./TUTU_GRAPHES
_files/figure-latex/unnamed-chunk-103-3.pdf>]
<TUTU_GRAPHES_files/figure-latex/unnamed-chunk-103-5.pdf, id=810, 436.63126pt x
 248.93pt>
File: TUTU_GRAPHES_files/figure-latex/unnamed-chunk-103-5.pdf Graphic file (typ
e pdf)
<use TUTU_GRAPHES_files/figure-latex/unnamed-chunk-103-5.pdf>
Package pdftex.def Info: TUTU_GRAPHES_files/figure-latex/unnamed-chunk-103-5.pd
f  used on input line 1697.
(pdftex.def)             Requested size: 436.63019pt x 248.92938pt.
<TUTU_GRAPHES_files/figure-latex/unnamed-chunk-103-6.pdf, id=811, 436.63126pt x
 248.93pt>
File: TUTU_GRAPHES_files/figure-latex/unnamed-chunk-103-6.pdf Graphic file (typ
e pdf)
<use TUTU_GRAPHES_files/figure-latex/unnamed-chunk-103-6.pdf>
Package pdftex.def Info: TUTU_GRAPHES_files/figure-latex/unnamed-chunk-103-6.pd
f  used on input line 1699.
(pdftex.def)             Requested size: 436.63019pt x 248.92938pt.
[41 <./TUTU_GRAPHES_files/figure-latex/unnamed-chunk-103-4.pdf> <./TUTU_GRAPHES
_files/figure-latex/unnamed-chunk-103-5.pdf>]
<TUTU_GRAPHES_files/figure-latex/unnamed-chunk-103-7.pdf, id=830, 436.63126pt x
 248.93pt>
File: TUTU_GRAPHES_files/figure-latex/unnamed-chunk-103-7.pdf Graphic file (typ
e pdf)
<use TUTU_GRAPHES_files/figure-latex/unnamed-chunk-103-7.pdf>
Package pdftex.def Info: TUTU_GRAPHES_files/figure-latex/unnamed-chunk-103-7.pd
f  used on input line 1701.
(pdftex.def)             Requested size: 436.63019pt x 248.92938pt.
<TUTU_GRAPHES_files/figure-latex/unnamed-chunk-103-8.pdf, id=831, 436.63126pt x
 248.93pt>
File: TUTU_GRAPHES_files/figure-latex/unnamed-chunk-103-8.pdf Graphic file (typ
e pdf)
<use TUTU_GRAPHES_files/figure-latex/unnamed-chunk-103-8.pdf>
Package pdftex.def Info: TUTU_GRAPHES_files/figure-latex/unnamed-chunk-103-8.pd
f  used on input line 1703.
(pdftex.def)             Requested size: 436.63019pt x 248.92938pt.
[42 <./TUTU_GRAPHES_files/figure-latex/unnamed-chunk-103-6.pdf> <./TUTU_GRAPHES
_files/figure-latex/unnamed-chunk-103-7.pdf>] [43 <./TUTU_GRAPHES_files/figure-
latex/unnamed-chunk-103-8.pdf>]
<TUTU_GRAPHES_files/figure-latex/unnamed-chunk-109-1.pdf, id=865, 179.67125pt x
 179.67125pt>
File: TUTU_GRAPHES_files/figure-latex/unnamed-chunk-109-1.pdf Graphic file (typ
e pdf)
<use TUTU_GRAPHES_files/figure-latex/unnamed-chunk-109-1.pdf>
Package pdftex.def Info: TUTU_GRAPHES_files/figure-latex/unnamed-chunk-109-1.pd
f  used on input line 1757.
(pdftex.def)             Requested size: 179.6845pt x 179.6845pt.
<TUTU_GRAPHES_files/figure-latex/unnamed-chunk-111-1.pdf, id=866, 436.63126pt x
 248.93pt>
File: TUTU_GRAPHES_files/figure-latex/unnamed-chunk-111-1.pdf Graphic file (typ
e pdf)
<use TUTU_GRAPHES_files/figure-latex/unnamed-chunk-111-1.pdf>
Package pdftex.def Info: TUTU_GRAPHES_files/figure-latex/unnamed-chunk-111-1.pd
f  used on input line 1782.
(pdftex.def)             Requested size: 436.63019pt x 248.92938pt.
<TUTU_GRAPHES_files/figure-latex/unnamed-chunk-111-2.pdf, id=867, 436.63126pt x
 260.975pt>
File: TUTU_GRAPHES_files/figure-latex/unnamed-chunk-111-2.pdf Graphic file (typ
e pdf)
<use TUTU_GRAPHES_files/figure-latex/unnamed-chunk-111-2.pdf>
Package pdftex.def Info: TUTU_GRAPHES_files/figure-latex/unnamed-chunk-111-2.pd
f  used on input line 1784.
(pdftex.def)             Requested size: 436.63019pt x 260.97437pt.
[44 <./TUTU_GRAPHES_files/figure-latex/unnamed-chunk-109-1.pdf> <./TUTU_GRAPHES
_files/figure-latex/unnamed-chunk-111-1.pdf>]
<TUTU_GRAPHES_files/figure-latex/unnamed-chunk-111-3.pdf, id=888, 436.63126pt x
 260.975pt>
File: TUTU_GRAPHES_files/figure-latex/unnamed-chunk-111-3.pdf Graphic file (typ
e pdf)
<use TUTU_GRAPHES_files/figure-latex/unnamed-chunk-111-3.pdf>
Package pdftex.def Info: TUTU_GRAPHES_files/figure-latex/unnamed-chunk-111-3.pd
f  used on input line 1786.
(pdftex.def)             Requested size: 436.63019pt x 260.97437pt.
<TUTU_GRAPHES_files/figure-latex/unnamed-chunk-111-4.pdf, id=889, 436.63126pt x
 260.975pt>
File: TUTU_GRAPHES_files/figure-latex/unnamed-chunk-111-4.pdf Graphic file (typ
e pdf)
<use TUTU_GRAPHES_files/figure-latex/unnamed-chunk-111-4.pdf>
Package pdftex.def Info: TUTU_GRAPHES_files/figure-latex/unnamed-chunk-111-4.pd
f  used on input line 1788.
(pdftex.def)             Requested size: 436.63019pt x 260.97437pt.
[45 <./TUTU_GRAPHES_files/figure-latex/unnamed-chunk-111-2.pdf> <./TUTU_GRAPHES
_files/figure-latex/unnamed-chunk-111-3.pdf>]
<TUTU_GRAPHES_files/figure-latex/unnamed-chunk-111-5.pdf, id=909, 436.63126pt x
 260.975pt>
File: TUTU_GRAPHES_files/figure-latex/unnamed-chunk-111-5.pdf Graphic file (typ
e pdf)
<use TUTU_GRAPHES_files/figure-latex/unnamed-chunk-111-5.pdf>
Package pdftex.def Info: TUTU_GRAPHES_files/figure-latex/unnamed-chunk-111-5.pd
f  used on input line 1790.
(pdftex.def)             Requested size: 436.63019pt x 260.97437pt.
<TUTU_GRAPHES_files/figure-latex/unnamed-chunk-111-6.pdf, id=910, 436.63126pt x
 248.93pt>
File: TUTU_GRAPHES_files/figure-latex/unnamed-chunk-111-6.pdf Graphic file (typ
e pdf)
<use TUTU_GRAPHES_files/figure-latex/unnamed-chunk-111-6.pdf>
Package pdftex.def Info: TUTU_GRAPHES_files/figure-latex/unnamed-chunk-111-6.pd
f  used on input line 1792.
(pdftex.def)             Requested size: 436.63019pt x 248.92938pt.
[46 <./TUTU_GRAPHES_files/figure-latex/unnamed-chunk-111-4.pdf> <./TUTU_GRAPHES
_files/figure-latex/unnamed-chunk-111-5.pdf>]
<TUTU_GRAPHES_files/figure-latex/unnamed-chunk-111-7.pdf, id=929, 436.63126pt x
 248.93pt>
File: TUTU_GRAPHES_files/figure-latex/unnamed-chunk-111-7.pdf Graphic file (typ
e pdf)
<use TUTU_GRAPHES_files/figure-latex/unnamed-chunk-111-7.pdf>
Package pdftex.def Info: TUTU_GRAPHES_files/figure-latex/unnamed-chunk-111-7.pd
f  used on input line 1794.
(pdftex.def)             Requested size: 436.63019pt x 248.92938pt.
<TUTU_GRAPHES_files/figure-latex/unnamed-chunk-111-8.pdf, id=930, 436.63126pt x
 248.93pt>
File: TUTU_GRAPHES_files/figure-latex/unnamed-chunk-111-8.pdf Graphic file (typ
e pdf)
<use TUTU_GRAPHES_files/figure-latex/unnamed-chunk-111-8.pdf>
Package pdftex.def Info: TUTU_GRAPHES_files/figure-latex/unnamed-chunk-111-8.pd
f  used on input line 1796.
(pdftex.def)             Requested size: 436.63019pt x 248.92938pt.
[47 <./TUTU_GRAPHES_files/figure-latex/unnamed-chunk-111-6.pdf> <./TUTU_GRAPHES
_files/figure-latex/unnamed-chunk-111-7.pdf>]
<TUTU_GRAPHES_files/figure-latex/unnamed-chunk-111-9.pdf, id=949, 436.63126pt x
 248.93pt>
File: TUTU_GRAPHES_files/figure-latex/unnamed-chunk-111-9.pdf Graphic file (typ
e pdf)
<use TUTU_GRAPHES_files/figure-latex/unnamed-chunk-111-9.pdf>
Package pdftex.def Info: TUTU_GRAPHES_files/figure-latex/unnamed-chunk-111-9.pd
f  used on input line 1798.
(pdftex.def)             Requested size: 436.63019pt x 248.92938pt.
<TUTU_GRAPHES_files/figure-latex/unnamed-chunk-111-10.pdf, id=950, 436.63126pt 
x 248.93pt>
File: TUTU_GRAPHES_files/figure-latex/unnamed-chunk-111-10.pdf Graphic file (ty
pe pdf)
<use TUTU_GRAPHES_files/figure-latex/unnamed-chunk-111-10.pdf>
Package pdftex.def Info: TUTU_GRAPHES_files/figure-latex/unnamed-chunk-111-10.p
df  used on input line 1800.
(pdftex.def)             Requested size: 436.63019pt x 248.92938pt.
[48 <./TUTU_GRAPHES_files/figure-latex/unnamed-chunk-111-8.pdf> <./TUTU_GRAPHES
_files/figure-latex/unnamed-chunk-111-9.pdf>]
<TUTU_GRAPHES_files/figure-latex/unnamed-chunk-111-11.pdf, id=969, 436.63126pt 
x 248.93pt>
File: TUTU_GRAPHES_files/figure-latex/unnamed-chunk-111-11.pdf Graphic file (ty
pe pdf)
<use TUTU_GRAPHES_files/figure-latex/unnamed-chunk-111-11.pdf>
Package pdftex.def Info: TUTU_GRAPHES_files/figure-latex/unnamed-chunk-111-11.p
df  used on input line 1802.
(pdftex.def)             Requested size: 436.63019pt x 248.92938pt.
<TUTU_GRAPHES_files/figure-latex/unnamed-chunk-111-12.pdf, id=970, 436.63126pt 
x 248.93pt>
File: TUTU_GRAPHES_files/figure-latex/unnamed-chunk-111-12.pdf Graphic file (ty
pe pdf)
<use TUTU_GRAPHES_files/figure-latex/unnamed-chunk-111-12.pdf>
Package pdftex.def Info: TUTU_GRAPHES_files/figure-latex/unnamed-chunk-111-12.p
df  used on input line 1804.
(pdftex.def)             Requested size: 436.63019pt x 248.92938pt.
[49 <./TUTU_GRAPHES_files/figure-latex/unnamed-chunk-111-10.pdf> <./TUTU_GRAPHE
S_files/figure-latex/unnamed-chunk-111-11.pdf>]
<TUTU_GRAPHES_files/figure-latex/unnamed-chunk-111-13.pdf, id=990, 436.63126pt 
x 248.93pt>
File: TUTU_GRAPHES_files/figure-latex/unnamed-chunk-111-13.pdf Graphic file (ty
pe pdf)
<use TUTU_GRAPHES_files/figure-latex/unnamed-chunk-111-13.pdf>
Package pdftex.def Info: TUTU_GRAPHES_files/figure-latex/unnamed-chunk-111-13.p
df  used on input line 1806.
(pdftex.def)             Requested size: 436.63019pt x 248.92938pt.
<TUTU_GRAPHES_files/figure-latex/unnamed-chunk-111-14.pdf, id=991, 436.63126pt 
x 248.93pt>
File: TUTU_GRAPHES_files/figure-latex/unnamed-chunk-111-14.pdf Graphic file (ty
pe pdf)
<use TUTU_GRAPHES_files/figure-latex/unnamed-chunk-111-14.pdf>
Package pdftex.def Info: TUTU_GRAPHES_files/figure-latex/unnamed-chunk-111-14.p
df  used on input line 1808.
(pdftex.def)             Requested size: 436.63019pt x 248.92938pt.
[50 <./TUTU_GRAPHES_files/figure-latex/unnamed-chunk-111-12.pdf> <./TUTU_GRAPHE
S_files/figure-latex/unnamed-chunk-111-13.pdf>]
<TUTU_GRAPHES_files/figure-latex/unnamed-chunk-111-15.pdf, id=1010, 436.63126pt
 x 248.93pt>
File: TUTU_GRAPHES_files/figure-latex/unnamed-chunk-111-15.pdf Graphic file (ty
pe pdf)
<use TUTU_GRAPHES_files/figure-latex/unnamed-chunk-111-15.pdf>
Package pdftex.def Info: TUTU_GRAPHES_files/figure-latex/unnamed-chunk-111-15.p
df  used on input line 1810.
(pdftex.def)             Requested size: 436.63019pt x 248.92938pt.
<TUTU_GRAPHES_files/figure-latex/unnamed-chunk-111-16.pdf, id=1011, 436.63126pt
 x 248.93pt>
File: TUTU_GRAPHES_files/figure-latex/unnamed-chunk-111-16.pdf Graphic file (ty
pe pdf)
<use TUTU_GRAPHES_files/figure-latex/unnamed-chunk-111-16.pdf>
Package pdftex.def Info: TUTU_GRAPHES_files/figure-latex/unnamed-chunk-111-16.p
df  used on input line 1812.
(pdftex.def)             Requested size: 436.63019pt x 248.92938pt.
[51 <./TUTU_GRAPHES_files/figure-latex/unnamed-chunk-111-14.pdf> <./TUTU_GRAPHE
S_files/figure-latex/unnamed-chunk-111-15.pdf>]
<TUTU_GRAPHES_files/figure-latex/unnamed-chunk-111-17.pdf, id=1030, 436.63126pt
 x 248.93pt>
File: TUTU_GRAPHES_files/figure-latex/unnamed-chunk-111-17.pdf Graphic file (ty
pe pdf)
<use TUTU_GRAPHES_files/figure-latex/unnamed-chunk-111-17.pdf>
Package pdftex.def Info: TUTU_GRAPHES_files/figure-latex/unnamed-chunk-111-17.p
df  used on input line 1814.
(pdftex.def)             Requested size: 436.63019pt x 248.92938pt.
[52 <./TUTU_GRAPHES_files/figure-latex/unnamed-chunk-111-16.pdf> <./TUTU_GRAPHE
S_files/figure-latex/unnamed-chunk-111-17.pdf>]
<TUTU_GRAPHES_files/figure-latex/unnamed-chunk-119-1.pdf, id=1049, 179.67125pt 
x 179.67125pt>
File: TUTU_GRAPHES_files/figure-latex/unnamed-chunk-119-1.pdf Graphic file (typ
e pdf)
<use TUTU_GRAPHES_files/figure-latex/unnamed-chunk-119-1.pdf>
Package pdftex.def Info: TUTU_GRAPHES_files/figure-latex/unnamed-chunk-119-1.pd
f  used on input line 1868.
(pdftex.def)             Requested size: 179.6845pt x 179.6845pt.
[53 <./TUTU_GRAPHES_files/figure-latex/unnamed-chunk-119-1.pdf>]
<TUTU_GRAPHES_files/figure-latex/unnamed-chunk-123-1.pdf, id=1062, 179.67125pt 
x 179.67125pt>
File: TUTU_GRAPHES_files/figure-latex/unnamed-chunk-123-1.pdf Graphic file (typ
e pdf)
<use TUTU_GRAPHES_files/figure-latex/unnamed-chunk-123-1.pdf>
Package pdftex.def Info: TUTU_GRAPHES_files/figure-latex/unnamed-chunk-123-1.pd
f  used on input line 1905.
(pdftex.def)             Requested size: 179.6845pt x 179.6845pt.
[54 <./TUTU_GRAPHES_files/figure-latex/unnamed-chunk-123-1.pdf>]
<TUTU_GRAPHES_files/figure-latex/unnamed-chunk-126-1.pdf, id=1077, 284.06125pt 
x 284.06125pt>
File: TUTU_GRAPHES_files/figure-latex/unnamed-chunk-126-1.pdf Graphic file (typ
e pdf)
<use TUTU_GRAPHES_files/figure-latex/unnamed-chunk-126-1.pdf>
Package pdftex.def Info: TUTU_GRAPHES_files/figure-latex/unnamed-chunk-126-1.pd
f  used on input line 1966.
(pdftex.def)             Requested size: 284.08653pt x 284.08653pt.
[55 <./TUTU_GRAPHES_files/figure-latex/unnamed-chunk-126-1.pdf>]
<TUTU_GRAPHES_files/figure-latex/unnamed-chunk-140-1.pdf, id=1093, 179.67125pt 
x 179.67125pt>
File: TUTU_GRAPHES_files/figure-latex/unnamed-chunk-140-1.pdf Graphic file (typ
e pdf)
<use TUTU_GRAPHES_files/figure-latex/unnamed-chunk-140-1.pdf>
Package pdftex.def Info: TUTU_GRAPHES_files/figure-latex/unnamed-chunk-140-1.pd
f  used on input line 2102.
(pdftex.def)             Requested size: 179.6845pt x 179.6845pt.
[56]
<TUTU_GRAPHES_files/figure-latex/unnamed-chunk-142-1.pdf, id=1099, 179.67125pt 
x 179.67125pt>
File: TUTU_GRAPHES_files/figure-latex/unnamed-chunk-142-1.pdf Graphic file (typ
e pdf)
<use TUTU_GRAPHES_files/figure-latex/unnamed-chunk-142-1.pdf>
Package pdftex.def Info: TUTU_GRAPHES_files/figure-latex/unnamed-chunk-142-1.pd
f  used on input line 2117.
(pdftex.def)             Requested size: 179.6845pt x 179.6845pt.
<TUTU_GRAPHES_files/figure-latex/unnamed-chunk-143-1.pdf, id=1100, 179.67125pt 
x 179.67125pt>
File: TUTU_GRAPHES_files/figure-latex/unnamed-chunk-143-1.pdf Graphic file (typ
e pdf)
<use TUTU_GRAPHES_files/figure-latex/unnamed-chunk-143-1.pdf>
Package pdftex.def Info: TUTU_GRAPHES_files/figure-latex/unnamed-chunk-143-1.pd
f  used on input line 2139.
(pdftex.def)             Requested size: 179.6845pt x 179.6845pt.
[57 <./TUTU_GRAPHES_files/figure-latex/unnamed-chunk-140-1.pdf> <./TUTU_GRAPHES
_files/figure-latex/unnamed-chunk-142-1.pdf>] [58 <./TUTU_GRAPHES_files/figure-
latex/unnamed-chunk-143-1.pdf>]
<TUTU_GRAPHES_files/figure-latex/unnamed-chunk-153-1.pdf, id=1134, 179.67125pt 
x 179.67125pt>
File: TUTU_GRAPHES_files/figure-latex/unnamed-chunk-153-1.pdf Graphic file (typ
e pdf)
<use TUTU_GRAPHES_files/figure-latex/unnamed-chunk-153-1.pdf>
Package pdftex.def Info: TUTU_GRAPHES_files/figure-latex/unnamed-chunk-153-1.pd
f  used on input line 2246.
(pdftex.def)             Requested size: 179.6845pt x 179.6845pt.
<TUTU_GRAPHES_files/figure-latex/unnamed-chunk-153-2.pdf, id=1135, 179.67125pt 
x 179.67125pt>
File: TUTU_GRAPHES_files/figure-latex/unnamed-chunk-153-2.pdf Graphic file (typ
e pdf)
<use TUTU_GRAPHES_files/figure-latex/unnamed-chunk-153-2.pdf>
Package pdftex.def Info: TUTU_GRAPHES_files/figure-latex/unnamed-chunk-153-2.pd
f  used on input line 2254.
(pdftex.def)             Requested size: 179.6845pt x 179.6845pt.
[59 <./TUTU_GRAPHES_files/figure-latex/unnamed-chunk-153-1.pdf>]
<TUTU_GRAPHES_files/figure-latex/unnamed-chunk-155-1.pdf, id=1149, 179.67125pt 
x 179.67125pt>
File: TUTU_GRAPHES_files/figure-latex/unnamed-chunk-155-1.pdf Graphic file (typ
e pdf)
<use TUTU_GRAPHES_files/figure-latex/unnamed-chunk-155-1.pdf>
Package pdftex.def Info: TUTU_GRAPHES_files/figure-latex/unnamed-chunk-155-1.pd
f  used on input line 2289.
(pdftex.def)             Requested size: 179.6845pt x 179.6845pt.
[60 <./TUTU_GRAPHES_files/figure-latex/unnamed-chunk-153-2.pdf> <./TUTU_GRAPHES
_files/figure-latex/unnamed-chunk-155-1.pdf>]
<TUTU_GRAPHES_files/figure-latex/unnamed-chunk-158-1.pdf, id=1171, 402.50375pt 
x 193.72375pt>
File: TUTU_GRAPHES_files/figure-latex/unnamed-chunk-158-1.pdf Graphic file (typ
e pdf)
<use TUTU_GRAPHES_files/figure-latex/unnamed-chunk-158-1.pdf>
Package pdftex.def Info: TUTU_GRAPHES_files/figure-latex/unnamed-chunk-158-1.pd
f  used on input line 2316.
(pdftex.def)             Requested size: 402.50276pt x 193.72327pt.
<TUTU_GRAPHES_files/figure-latex/unnamed-chunk-160-1.pdf, id=1172, 179.67125pt 
x 179.67125pt>
File: TUTU_GRAPHES_files/figure-latex/unnamed-chunk-160-1.pdf Graphic file (typ
e pdf)
<use TUTU_GRAPHES_files/figure-latex/unnamed-chunk-160-1.pdf>
Package pdftex.def Info: TUTU_GRAPHES_files/figure-latex/unnamed-chunk-160-1.pd
f  used on input line 2330.
(pdftex.def)             Requested size: 179.6845pt x 179.6845pt.
<TUTU_GRAPHES_files/figure-latex/unnamed-chunk-161-1.pdf, id=1173, 179.67125pt 
x 179.67125pt>
File: TUTU_GRAPHES_files/figure-latex/unnamed-chunk-161-1.pdf Graphic file (typ
e pdf)
<use TUTU_GRAPHES_files/figure-latex/unnamed-chunk-161-1.pdf>
Package pdftex.def Info: TUTU_GRAPHES_files/figure-latex/unnamed-chunk-161-1.pd
f  used on input line 2341.
(pdftex.def)             Requested size: 179.6845pt x 179.6845pt.
[61 <./TUTU_GRAPHES_files/figure-latex/unnamed-chunk-158-1.pdf> <./TUTU_GRAPHES
_files/figure-latex/unnamed-chunk-160-1.pdf>]
<TUTU_GRAPHES_files/figure-latex/unnamed-chunk-162-1.pdf, id=1196, 179.67125pt 
x 179.67125pt>
File: TUTU_GRAPHES_files/figure-latex/unnamed-chunk-162-1.pdf Graphic file (typ
e pdf)
<use TUTU_GRAPHES_files/figure-latex/unnamed-chunk-162-1.pdf>
Package pdftex.def Info: TUTU_GRAPHES_files/figure-latex/unnamed-chunk-162-1.pd
f  used on input line 2353.
(pdftex.def)             Requested size: 179.6845pt x 179.6845pt.
[62 <./TUTU_GRAPHES_files/figure-latex/unnamed-chunk-161-1.pdf> <./TUTU_GRAPHES
_files/figure-latex/unnamed-chunk-162-1.pdf>]
<TUTU_GRAPHES_files/figure-latex/unnamed-chunk-169-1.pdf, id=1219, 396.48125pt 
x 193.72375pt>
File: TUTU_GRAPHES_files/figure-latex/unnamed-chunk-169-1.pdf Graphic file (typ
e pdf)
<use TUTU_GRAPHES_files/figure-latex/unnamed-chunk-169-1.pdf>
Package pdftex.def Info: TUTU_GRAPHES_files/figure-latex/unnamed-chunk-169-1.pd
f  used on input line 2414.
(pdftex.def)             Requested size: 396.48631pt x 193.72621pt.
<TUTU_GRAPHES_files/figure-latex/unnamed-chunk-173-1.pdf, id=1220, 372.39125pt 
x 136.51pt>
File: TUTU_GRAPHES_files/figure-latex/unnamed-chunk-173-1.pdf Graphic file (typ
e pdf)
<use TUTU_GRAPHES_files/figure-latex/unnamed-chunk-173-1.pdf>
Package pdftex.def Info: TUTU_GRAPHES_files/figure-latex/unnamed-chunk-173-1.pd
f  used on input line 2442.
(pdftex.def)             Requested size: 372.40169pt x 136.51382pt.
[63 <./TUTU_GRAPHES_files/figure-latex/unnamed-chunk-169-1.pdf> <./TUTU_GRAPHES
_files/figure-latex/unnamed-chunk-173-1.pdf>]
<TUTU_GRAPHES_files/figure-latex/unnamed-chunk-178-1.pdf, id=1241, 395.4775pt x
 193.72375pt>
File: TUTU_GRAPHES_files/figure-latex/unnamed-chunk-178-1.pdf Graphic file (typ
e pdf)
<use TUTU_GRAPHES_files/figure-latex/unnamed-chunk-178-1.pdf>
Package pdftex.def Info: TUTU_GRAPHES_files/figure-latex/unnamed-chunk-178-1.pd
f  used on input line 2475.
(pdftex.def)             Requested size: 395.48256pt x 193.72621pt.
<TUTU_GRAPHES_files/figure-latex/unnamed-chunk-184-1.pdf, id=1242, 376.40625pt 
x 136.51pt>
File: TUTU_GRAPHES_files/figure-latex/unnamed-chunk-184-1.pdf Graphic file (typ
e pdf)
<use TUTU_GRAPHES_files/figure-latex/unnamed-chunk-184-1.pdf>
Package pdftex.def Info: TUTU_GRAPHES_files/figure-latex/unnamed-chunk-184-1.pd
f  used on input line 2510.
(pdftex.def)             Requested size: 376.42828pt x 136.51799pt.
[64 <./TUTU_GRAPHES_files/figure-latex/unnamed-chunk-178-1.pdf>]

LaTeX Warning: Command \` invalid in math mode on input line 2553.

[65 <./TUTU_GRAPHES_files/figure-latex/unnamed-chunk-184-1.pdf>]
<TUTU_GRAPHES_files/figure-latex/unnamed-chunk-187-1.pdf, id=1274, 179.67125pt 
x 179.67125pt>
File: TUTU_GRAPHES_files/figure-latex/unnamed-chunk-187-1.pdf Graphic file (typ
e pdf)
<use TUTU_GRAPHES_files/figure-latex/unnamed-chunk-187-1.pdf>
Package pdftex.def Info: TUTU_GRAPHES_files/figure-latex/unnamed-chunk-187-1.pd
f  used on input line 2586.
(pdftex.def)             Requested size: 179.6845pt x 179.6845pt.

Underfull \hbox (badness 10000) in paragraph at lines 2600--2601

 []

<TUTU_GRAPHES_files/figure-latex/unnamed-chunk-191-1.pdf, id=1275, 459.7175pt x
 315.1775pt>
File: TUTU_GRAPHES_files/figure-latex/unnamed-chunk-191-1.pdf Graphic file (typ
e pdf)
<use TUTU_GRAPHES_files/figure-latex/unnamed-chunk-191-1.pdf>
Package pdftex.def Info: TUTU_GRAPHES_files/figure-latex/unnamed-chunk-191-1.pd
f  used on input line 2637.
(pdftex.def)             Requested size: 444.78203pt x 304.9379pt.
[66 <./TUTU_GRAPHES_files/figure-latex/unnamed-chunk-187-1.pdf>] [67 <./TUTU_GR
APHES_files/figure-latex/unnamed-chunk-191-1.pdf>]
<TUTU_GRAPHES_files/figure-latex/unnamed-chunk-197-1.pdf, id=1307, 179.67125pt 
x 179.67125pt>
File: TUTU_GRAPHES_files/figure-latex/unnamed-chunk-197-1.pdf Graphic file (typ
e pdf)
<use TUTU_GRAPHES_files/figure-latex/unnamed-chunk-197-1.pdf>
Package pdftex.def Info: TUTU_GRAPHES_files/figure-latex/unnamed-chunk-197-1.pd
f  used on input line 2693.
(pdftex.def)             Requested size: 179.6845pt x 179.6845pt.
<TUTU_GRAPHES_files/figure-latex/unnamed-chunk-206-1.pdf, id=1308, 459.7175pt x
 315.1775pt>
File: TUTU_GRAPHES_files/figure-latex/unnamed-chunk-206-1.pdf Graphic file (typ
e pdf)
<use TUTU_GRAPHES_files/figure-latex/unnamed-chunk-206-1.pdf>
Package pdftex.def Info: TUTU_GRAPHES_files/figure-latex/unnamed-chunk-206-1.pd
f  used on input line 2758.
(pdftex.def)             Requested size: 459.74442pt x 315.19595pt.
[68 <./TUTU_GRAPHES_files/figure-latex/unnamed-chunk-197-1.pdf>]
Underfull \vbox (badness 2662) detected at line 2802
 []

[69 <./TUTU_GRAPHES_files/figure-latex/unnamed-chunk-206-1.pdf>]
<TUTU_GRAPHES_files/figure-latex/unnamed-chunk-213-1.pdf, id=1334, 179.67125pt 
x 179.67125pt>
File: TUTU_GRAPHES_files/figure-latex/unnamed-chunk-213-1.pdf Graphic file (typ
e pdf)
<use TUTU_GRAPHES_files/figure-latex/unnamed-chunk-213-1.pdf>
Package pdftex.def Info: TUTU_GRAPHES_files/figure-latex/unnamed-chunk-213-1.pd
f  used on input line 2822.
(pdftex.def)             Requested size: 179.6845pt x 179.6845pt.
[70 <./TUTU_GRAPHES_files/figure-latex/unnamed-chunk-213-1.pdf>]
<TUTU_GRAPHES_files/figure-latex/unnamed-chunk-217-1.pdf, id=1350, 459.7175pt x
 315.1775pt>
File: TUTU_GRAPHES_files/figure-latex/unnamed-chunk-217-1.pdf Graphic file (typ
e pdf)
<use TUTU_GRAPHES_files/figure-latex/unnamed-chunk-217-1.pdf>
Package pdftex.def Info: TUTU_GRAPHES_files/figure-latex/unnamed-chunk-217-1.pd
f  used on input line 2876.
(pdftex.def)             Requested size: 459.74442pt x 315.19595pt.

Overfull \hbox (8.029pt too wide) in paragraph at lines 2886--2887
[]\T1/lmr/m/n/10 (-20) Igraph pos-sde une fonc-tion per-met-tant de faire di-r
ec-te-ment le spec-tral clus-te-ring : \T1/lmr/bx/n/10 em-bed_laplacian_matrix\
T1/lmr/m/n/10 (-20) .
 []

[71 <./TUTU_GRAPHES_files/figure-latex/unnamed-chunk-217-1.pdf>]
<TUTU_GRAPHES_files/figure-latex/unnamed-chunk-220-1.pdf, id=1364, 179.67125pt 
x 179.67125pt>
File: TUTU_GRAPHES_files/figure-latex/unnamed-chunk-220-1.pdf Graphic file (typ
e pdf)
<use TUTU_GRAPHES_files/figure-latex/unnamed-chunk-220-1.pdf>
Package pdftex.def Info: TUTU_GRAPHES_files/figure-latex/unnamed-chunk-220-1.pd
f  used on input line 2930.
(pdftex.def)             Requested size: 179.6845pt x 179.6845pt.
<TUTU_GRAPHES_files/figure-latex/unnamed-chunk-222-1.pdf, id=1365, 459.7175pt x
 315.1775pt>
File: TUTU_GRAPHES_files/figure-latex/unnamed-chunk-222-1.pdf Graphic file (typ
e pdf)
<use TUTU_GRAPHES_files/figure-latex/unnamed-chunk-222-1.pdf>
Package pdftex.def Info: TUTU_GRAPHES_files/figure-latex/unnamed-chunk-222-1.pd
f  used on input line 2946.
(pdftex.def)             Requested size: 459.74442pt x 315.19595pt.
[72 <./TUTU_GRAPHES_files/figure-latex/unnamed-chunk-220-1.pdf>]
<TUTU_GRAPHES_files/figure-latex/unnamed-chunk-226-1.pdf, id=1377, 179.67125pt 
x 179.67125pt>
File: TUTU_GRAPHES_files/figure-latex/unnamed-chunk-226-1.pdf Graphic file (typ
e pdf)
<use TUTU_GRAPHES_files/figure-latex/unnamed-chunk-226-1.pdf>
Package pdftex.def Info: TUTU_GRAPHES_files/figure-latex/unnamed-chunk-226-1.pd
f  used on input line 2972.
(pdftex.def)             Requested size: 179.6845pt x 179.6845pt.
[73 <./TUTU_GRAPHES_files/figure-latex/unnamed-chunk-222-1.pdf> <./TUTU_GRAPHES
_files/figure-latex/unnamed-chunk-226-1.pdf>]
Underfull \hbox (badness 10000) in paragraph at lines 2986--2987

 []

<TUTU_GRAPHES_files/figure-latex/unnamed-chunk-228-1.pdf, id=1398, 182.6825pt x
 179.67125pt>
File: TUTU_GRAPHES_files/figure-latex/unnamed-chunk-228-1.pdf Graphic file (typ
e pdf)
<use TUTU_GRAPHES_files/figure-latex/unnamed-chunk-228-1.pdf>
Package pdftex.def Info: TUTU_GRAPHES_files/figure-latex/unnamed-chunk-228-1.pd
f  used on input line 3001.
(pdftex.def)             Requested size: 182.6904pt x 179.67902pt.
<TUTU_GRAPHES_files/figure-latex/unnamed-chunk-230-1.pdf, id=1399, 459.7175pt x
 315.1775pt>
File: TUTU_GRAPHES_files/figure-latex/unnamed-chunk-230-1.pdf Graphic file (typ
e pdf)
<use TUTU_GRAPHES_files/figure-latex/unnamed-chunk-230-1.pdf>
Package pdftex.def Info: TUTU_GRAPHES_files/figure-latex/unnamed-chunk-230-1.pd
f  used on input line 3016.
(pdftex.def)             Requested size: 444.78203pt x 304.9379pt.
[74 <./TUTU_GRAPHES_files/figure-latex/unnamed-chunk-228-1.pdf>]
<TUTU_GRAPHES_files/figure-latex/unnamed-chunk-231-1.pdf, id=1415, 182.6825pt x
 179.67125pt>
File: TUTU_GRAPHES_files/figure-latex/unnamed-chunk-231-1.pdf Graphic file (typ
e pdf)
<use TUTU_GRAPHES_files/figure-latex/unnamed-chunk-231-1.pdf>
Package pdftex.def Info: TUTU_GRAPHES_files/figure-latex/unnamed-chunk-231-1.pd
f  used on input line 3025.
(pdftex.def)             Requested size: 182.6904pt x 179.67902pt.
<TUTU_GRAPHES_files/figure-latex/unnamed-chunk-233-1.pdf, id=1416, 181.67876pt 
x 179.67125pt>
File: TUTU_GRAPHES_files/figure-latex/unnamed-chunk-233-1.pdf Graphic file (typ
e pdf)
<use TUTU_GRAPHES_files/figure-latex/unnamed-chunk-233-1.pdf>
Package pdftex.def Info: TUTU_GRAPHES_files/figure-latex/unnamed-chunk-233-1.pd
f  used on input line 3040.
(pdftex.def)             Requested size: 181.68384pt x 179.67627pt.
[75 <./TUTU_GRAPHES_files/figure-latex/unnamed-chunk-230-1.pdf> <./TUTU_GRAPHES
_files/figure-latex/unnamed-chunk-231-1.pdf>]
<TUTU_GRAPHES_files/figure-latex/unnamed-chunk-239-1.pdf, id=1436, 459.7175pt x
 315.1775pt>
File: TUTU_GRAPHES_files/figure-latex/unnamed-chunk-239-1.pdf Graphic file (typ
e pdf)
<use TUTU_GRAPHES_files/figure-latex/unnamed-chunk-239-1.pdf>
Package pdftex.def Info: TUTU_GRAPHES_files/figure-latex/unnamed-chunk-239-1.pd
f  used on input line 3082.
(pdftex.def)             Requested size: 444.78203pt x 304.9379pt.
[76 <./TUTU_GRAPHES_files/figure-latex/unnamed-chunk-233-1.pdf>]
<TUTU_GRAPHES_files/figure-latex/unnamed-chunk-240-1.pdf, id=1449, 179.67125pt 
x 179.67125pt>
File: TUTU_GRAPHES_files/figure-latex/unnamed-chunk-240-1.pdf Graphic file (typ
e pdf)
<use TUTU_GRAPHES_files/figure-latex/unnamed-chunk-240-1.pdf>
Package pdftex.def Info: TUTU_GRAPHES_files/figure-latex/unnamed-chunk-240-1.pd
f  used on input line 3091.
(pdftex.def)             Requested size: 179.6845pt x 179.6845pt.
<TUTU_GRAPHES_files/figure-latex/unnamed-chunk-241-1.pdf, id=1450, 179.67125pt 
x 179.67125pt>
File: TUTU_GRAPHES_files/figure-latex/unnamed-chunk-241-1.pdf Graphic file (typ
e pdf)
<use TUTU_GRAPHES_files/figure-latex/unnamed-chunk-241-1.pdf>
Package pdftex.def Info: TUTU_GRAPHES_files/figure-latex/unnamed-chunk-241-1.pd
f  used on input line 3100.
(pdftex.def)             Requested size: 179.6845pt x 179.6845pt.
[77 <./TUTU_GRAPHES_files/figure-latex/unnamed-chunk-239-1.pdf> <./TUTU_GRAPHES
_files/figure-latex/unnamed-chunk-240-1.pdf>]
<TUTU_GRAPHES_files/figure-latex/unnamed-chunk-244-1.pdf, id=1469, 459.7175pt x
 313.17pt>
File: TUTU_GRAPHES_files/figure-latex/unnamed-chunk-244-1.pdf Graphic file (typ
e pdf)
<use TUTU_GRAPHES_files/figure-latex/unnamed-chunk-244-1.pdf>
Package pdftex.def Info: TUTU_GRAPHES_files/figure-latex/unnamed-chunk-244-1.pd
f  used on input line 3149.
(pdftex.def)             Requested size: 459.7304pt x 313.17877pt.
[78 <./TUTU_GRAPHES_files/figure-latex/unnamed-chunk-241-1.pdf>] [79 <./TUTU_GR
APHES_files/figure-latex/unnamed-chunk-244-1.pdf>]
<TUTU_GRAPHES_files/figure-latex/unnamed-chunk-248-1.pdf, id=1497, 453.695pt x 
313.17pt>
File: TUTU_GRAPHES_files/figure-latex/unnamed-chunk-248-1.pdf Graphic file (typ
e pdf)
<use TUTU_GRAPHES_files/figure-latex/unnamed-chunk-248-1.pdf>
Package pdftex.def Info: TUTU_GRAPHES_files/figure-latex/unnamed-chunk-248-1.pd
f  used on input line 3202.
(pdftex.def)             Requested size: 453.6939pt x 313.16922pt.
<TUTU_GRAPHES_files/figure-latex/unnamed-chunk-250-1.pdf, id=1498, 453.695pt x 
313.17pt>
File: TUTU_GRAPHES_files/figure-latex/unnamed-chunk-250-1.pdf Graphic file (typ
e pdf)
<use TUTU_GRAPHES_files/figure-latex/unnamed-chunk-250-1.pdf>
Package pdftex.def Info: TUTU_GRAPHES_files/figure-latex/unnamed-chunk-250-1.pd
f  used on input line 3221.
(pdftex.def)             Requested size: 453.6939pt x 313.16922pt.
[80 <./TUTU_GRAPHES_files/figure-latex/unnamed-chunk-248-1.pdf>]
No file TUTU_GRAPHES.bbl.
Package atveryend Info: Empty hook `BeforeClearDocument' on input line 3231.
[81 <./TUTU_GRAPHES_files/figure-latex/unnamed-chunk-250-1.pdf>]
Package atveryend Info: Empty hook `AfterLastShipout' on input line 3231.
(./TUTU_GRAPHES.aux)
Package atveryend Info: Executing hook `AtVeryEndDocument' on input line 3231.
Package atveryend Info: Empty hook `AtEndAfterFileList' on input line 3231.
 ) 
Here is how much of TeX's memory you used:
 17131 strings out of 480608
 283234 string characters out of 5903629
 553256 words of memory out of 5000000
 32314 multiletter control sequences out of 15000+600000
 597732 words of font info for 112 fonts, out of 8000000 for 9000
 1141 hyphenation exceptions out of 8191
 41i,6n,42p,811b,732s stack positions out of 5000i,500n,10000p,200000b,80000s
{/usr/local/texlive/2020/texmf-dist/fonts/enc/dvips/lm/lm-ts1.enc}{/usr/local
/texlive/2020/texmf-dist/fonts/enc/dvips/lm/lm-mathex.enc}{/usr/local/texlive/2
020/texmf-dist/fonts/enc/dvips/lm/lm-ec.enc}{/usr/local/texlive/2020/texmf-dist
/fonts/enc/dvips/lm/lm-mathit.enc}{/usr/local/texlive/2020/texmf-dist/fonts/enc
/dvips/lm/lm-rm.enc}{/usr/local/texlive/2020/texmf-dist/fonts/enc/dvips/lm/lm-m
athsy.enc}</usr/local/texlive/2020/texmf-dist/fonts/type1/public/lm/lmbx10.pfb>
</usr/local/texlive/2020/texmf-dist/fonts/type1/public/lm/lmbx12.pfb></usr/loca
l/texlive/2020/texmf-dist/fonts/type1/public/lm/lmbxi10.pfb></usr/local/texlive
/2020/texmf-dist/fonts/type1/public/lm/lmex10.pfb></usr/local/texlive/2020/texm
f-dist/fonts/type1/public/lm/lmmi10.pfb></usr/local/texlive/2020/texmf-dist/fon
ts/type1/public/lm/lmmi7.pfb></usr/local/texlive/2020/texmf-dist/fonts/type1/pu
blic/lm/lmr10.pfb></usr/local/texlive/2020/texmf-dist/fonts/type1/public/lm/lmr
12.pfb></usr/local/texlive/2020/texmf-dist/fonts/type1/public/lm/lmr17.pfb></us
r/local/texlive/2020/texmf-dist/fonts/type1/public/lm/lmr7.pfb></usr/local/texl
ive/2020/texmf-dist/fonts/type1/public/lm/lmri10.pfb></usr/local/texlive/2020/t
exmf-dist/fonts/type1/public/lm/lmsy10.pfb></usr/local/texlive/2020/texmf-dist/
fonts/type1/public/lm/lmtk10.pfb></usr/local/texlive/2020/texmf-dist/fonts/type
1/public/lm/lmtt10.pfb></usr/local/texlive/2020/texmf-dist/fonts/type1/public/l
m/lmtti10.pfb>
Output written on TUTU_GRAPHES.pdf (81 pages, 1984270 bytes).
PDF statistics:
 1679 PDF objects out of 1728 (max. 8388607)
 1199 compressed objects within 12 object streams
 230 named destinations out of 1000 (max. 500000)
 12979 words of extra memory for PDF output out of 14400 (max. 10000000)

